Calling target program-options parser
[22:28:44.584] [bmv2] [D] [thread 14595] Set default default entry for table 'tbl_mirror': MyIngress.mirror - 
[22:28:44.585] [bmv2] [D] [thread 14595] Set default default entry for table 'MyIngress.ipv4_lpm': NoAction - 
[22:28:44.585] [bmv2] [D] [thread 14595] Set default default entry for table 'MyIngress.myTunnel_exact': MyIngress.drop - 
[22:28:44.585] [bmv2] [D] [thread 14595] Set default default entry for table 'MyIngress.drop_table': NoAction - 
Adding interface s2-eth1 as port 1
[22:28:44.586] [bmv2] [D] [thread 14595] Adding interface s2-eth1 as port 1
Adding interface s2-eth2 as port 2
[22:28:44.618] [bmv2] [D] [thread 14595] Adding interface s2-eth2 as port 2
Adding interface s2-eth3 as port 3
[22:28:44.649] [bmv2] [D] [thread 14595] Adding interface s2-eth3 as port 3
I0513 22:28:44.677658471   14595 server_builder.cc:247]      Synchronous server. Num CQs: 1, Min pollers: 1, Max Pollers: 2147483647, CQ timeout (msec): 1000
Server listening on 0.0.0.0:50052
[22:28:44.680] [bmv2] [I] [thread 14595] Starting Thrift server on port 9091
[22:28:44.680] [bmv2] [I] [thread 14595] Thrift server was started
[22:28:45.010] [bmv2] [D] [thread 14602] [0.0] [cxt 0] Processing packet received on port 2
[22:28:45.010] [bmv2] [D] [thread 14602] [0.0] [cxt 0] Parser 'parser': start
[22:28:45.010] [bmv2] [D] [thread 14602] [0.0] [cxt 0] Parser 'parser' entering state 'start'
[22:28:45.011] [bmv2] [D] [thread 14602] [0.0] [cxt 0] Extracting header 'ethernet'
[22:28:45.011] [bmv2] [D] [thread 14602] [0.0] [cxt 0] Parser state 'start': key is 86dd
[22:28:45.011] [bmv2] [T] [thread 14602] [0.0] [cxt 0] Bytes parsed: 14
[22:28:45.011] [bmv2] [D] [thread 14602] [0.0] [cxt 0] Parser 'parser': end
[22:28:45.011] [bmv2] [D] [thread 14602] [0.0] [cxt 0] Pipeline 'ingress': start
[22:28:45.012] [bmv2] [T] [thread 14602] [0.0] [cxt 0] Applying table 'tbl_mirror'
[22:28:45.012] [bmv2] [D] [thread 14602] [0.0] [cxt 0] Looking up key:

[22:28:45.012] [bmv2] [D] [thread 14602] [0.0] [cxt 0] Table 'tbl_mirror': miss
[22:28:45.012] [bmv2] [D] [thread 14602] [0.0] [cxt 0] Action entry is MyIngress.mirror - 
[22:28:45.012] [bmv2] [T] [thread 14602] [0.0] [cxt 0] Action MyIngress.mirror
[22:28:45.013] [bmv2] [T] [thread 14602] [0.0] [cxt 0] advanced_tunnel.p4(110) Primitive clone(CloneType.I2E, 0)
[22:28:45.013] [bmv2] [T] [thread 14602] [0.0] [cxt 0] advanced_tunnel.p4(185) Condition "hdr.ipv4.isValid() && !hdr.myTunnel.isValid()" (node_3) is false
[22:28:45.013] [bmv2] [T] [thread 14602] [0.0] [cxt 0] advanced_tunnel.p4(190) Condition "hdr.myTunnel.isValid()" (node_5) is false
[22:28:45.013] [bmv2] [T] [thread 14602] [0.0] [cxt 0] advanced_tunnel.p4(195) Condition "hdr.ipv4.isValid()" (node_7) is false
[22:28:45.013] [bmv2] [D] [thread 14602] [0.0] [cxt 0] Pipeline 'ingress': end
[22:28:45.014] [bmv2] [D] [thread 14602] [0.0] [cxt 0] Cloning packet at ingress
[22:28:45.014] [bmv2] [D] [thread 14602] [0.0] [cxt 0] Egress port is 0
[22:28:45.014] [bmv2] [D] [thread 14602] [1.0] [cxt 0] Processing packet received on port 2
[22:28:45.014] [bmv2] [D] [thread 14602] [1.0] [cxt 0] Parser 'parser': start
[22:28:45.014] [bmv2] [D] [thread 14602] [1.0] [cxt 0] Parser 'parser' entering state 'start'
[22:28:45.014] [bmv2] [D] [thread 14602] [1.0] [cxt 0] Extracting header 'ethernet'
[22:28:45.015] [bmv2] [D] [thread 14602] [1.0] [cxt 0] Parser state 'start': key is 86dd
[22:28:45.015] [bmv2] [T] [thread 14602] [1.0] [cxt 0] Bytes parsed: 14
[22:28:45.015] [bmv2] [D] [thread 14602] [1.0] [cxt 0] Parser 'parser': end
[22:28:45.015] [bmv2] [D] [thread 14602] [1.0] [cxt 0] Pipeline 'ingress': start
[22:28:45.015] [bmv2] [T] [thread 14602] [1.0] [cxt 0] Applying table 'tbl_mirror'
[22:28:45.015] [bmv2] [D] [thread 14602] [1.0] [cxt 0] Looking up key:

[22:28:45.016] [bmv2] [D] [thread 14602] [1.0] [cxt 0] Table 'tbl_mirror': miss
[22:28:45.016] [bmv2] [D] [thread 14602] [1.0] [cxt 0] Action entry is MyIngress.mirror - 
[22:28:45.016] [bmv2] [T] [thread 14602] [1.0] [cxt 0] Action MyIngress.mirror
[22:28:45.016] [bmv2] [T] [thread 14602] [1.0] [cxt 0] advanced_tunnel.p4(110) Primitive clone(CloneType.I2E, 0)
[22:28:45.016] [bmv2] [T] [thread 14602] [1.0] [cxt 0] advanced_tunnel.p4(185) Condition "hdr.ipv4.isValid() && !hdr.myTunnel.isValid()" (node_3) is false
[22:28:45.016] [bmv2] [T] [thread 14602] [1.0] [cxt 0] advanced_tunnel.p4(190) Condition "hdr.myTunnel.isValid()" (node_5) is false
[22:28:45.017] [bmv2] [T] [thread 14602] [1.0] [cxt 0] advanced_tunnel.p4(195) Condition "hdr.ipv4.isValid()" (node_7) is false
[22:28:45.017] [bmv2] [D] [thread 14602] [1.0] [cxt 0] Pipeline 'ingress': end
[22:28:45.017] [bmv2] [D] [thread 14602] [1.0] [cxt 0] Cloning packet at ingress
[22:28:45.014] [bmv2] [D] [thread 14603] [0.0] [cxt 0] Pipeline 'egress': start
[22:28:45.017] [bmv2] [D] [thread 14603] [0.0] [cxt 0] Pipeline 'egress': end
[22:28:45.017] [bmv2] [D] [thread 14603] [0.0] [cxt 0] Deparser 'deparser': start
[22:28:45.017] [bmv2] [T] [thread 14603] [0.0] [cxt 0] Skipping checksum 'cksum' update because condition not met
[22:28:45.018] [bmv2] [D] [thread 14603] [0.0] [cxt 0] Deparsing header 'ethernet'
[22:28:45.018] [bmv2] [D] [thread 14603] [0.0] [cxt 0] Deparser 'deparser': end
[22:28:45.017] [bmv2] [D] [thread 14602] [1.0] [cxt 0] Egress port is 0
[22:28:45.018] [bmv2] [D] [thread 14603] [1.0] [cxt 0] Pipeline 'egress': start
[22:28:45.018] [bmv2] [D] [thread 14603] [1.0] [cxt 0] Pipeline 'egress': end
[22:28:45.018] [bmv2] [D] [thread 14603] [1.0] [cxt 0] Deparser 'deparser': start
[22:28:45.019] [bmv2] [T] [thread 14603] [1.0] [cxt 0] Skipping checksum 'cksum' update because condition not met
[22:28:45.019] [bmv2] [D] [thread 14603] [1.0] [cxt 0] Deparsing header 'ethernet'
[22:28:45.019] [bmv2] [D] [thread 14603] [1.0] [cxt 0] Deparser 'deparser': end
[22:28:45.018] [bmv2] [D] [thread 14607] [0.0] [cxt 0] Transmitting packet of size 90 out of port 0
[22:28:45.019] [bmv2] [D] [thread 14607] [1.0] [cxt 0] Transmitting packet of size 70 out of port 0
[22:28:45.093] [bmv2] [D] [thread 14602] [2.0] [cxt 0] Processing packet received on port 2
[22:28:45.093] [bmv2] [D] [thread 14602] [2.0] [cxt 0] Parser 'parser': start
[22:28:45.093] [bmv2] [D] [thread 14602] [2.0] [cxt 0] Parser 'parser' entering state 'start'
[22:28:45.093] [bmv2] [D] [thread 14602] [2.0] [cxt 0] Extracting header 'ethernet'
[22:28:45.093] [bmv2] [D] [thread 14602] [2.0] [cxt 0] Parser state 'start': key is 86dd
[22:28:45.093] [bmv2] [T] [thread 14602] [2.0] [cxt 0] Bytes parsed: 14
[22:28:45.094] [bmv2] [D] [thread 14602] [2.0] [cxt 0] Parser 'parser': end
[22:28:45.094] [bmv2] [D] [thread 14602] [2.0] [cxt 0] Pipeline 'ingress': start
[22:28:45.094] [bmv2] [T] [thread 14602] [2.0] [cxt 0] Applying table 'tbl_mirror'
[22:28:45.094] [bmv2] [D] [thread 14602] [2.0] [cxt 0] Looking up key:

[22:28:45.094] [bmv2] [D] [thread 14602] [2.0] [cxt 0] Table 'tbl_mirror': miss
[22:28:45.094] [bmv2] [D] [thread 14602] [2.0] [cxt 0] Action entry is MyIngress.mirror - 
[22:28:45.094] [bmv2] [T] [thread 14602] [2.0] [cxt 0] Action MyIngress.mirror
[22:28:45.094] [bmv2] [T] [thread 14602] [2.0] [cxt 0] advanced_tunnel.p4(110) Primitive clone(CloneType.I2E, 0)
[22:28:45.094] [bmv2] [T] [thread 14602] [2.0] [cxt 0] advanced_tunnel.p4(185) Condition "hdr.ipv4.isValid() && !hdr.myTunnel.isValid()" (node_3) is false
[22:28:45.094] [bmv2] [T] [thread 14602] [2.0] [cxt 0] advanced_tunnel.p4(190) Condition "hdr.myTunnel.isValid()" (node_5) is false
[22:28:45.094] [bmv2] [T] [thread 14602] [2.0] [cxt 0] advanced_tunnel.p4(195) Condition "hdr.ipv4.isValid()" (node_7) is false
[22:28:45.095] [bmv2] [D] [thread 14602] [2.0] [cxt 0] Pipeline 'ingress': end
[22:28:45.095] [bmv2] [D] [thread 14602] [2.0] [cxt 0] Cloning packet at ingress
[22:28:45.095] [bmv2] [D] [thread 14602] [2.0] [cxt 0] Egress port is 0
[22:28:45.095] [bmv2] [D] [thread 14602] [3.0] [cxt 0] Processing packet received on port 2
[22:28:45.096] [bmv2] [D] [thread 14602] [3.0] [cxt 0] Parser 'parser': start
[22:28:45.096] [bmv2] [D] [thread 14602] [3.0] [cxt 0] Parser 'parser' entering state 'start'
[22:28:45.096] [bmv2] [D] [thread 14602] [3.0] [cxt 0] Extracting header 'ethernet'
[22:28:45.097] [bmv2] [D] [thread 14602] [3.0] [cxt 0] Parser state 'start': key is 86dd
[22:28:45.097] [bmv2] [T] [thread 14602] [3.0] [cxt 0] Bytes parsed: 14
[22:28:45.097] [bmv2] [D] [thread 14602] [3.0] [cxt 0] Parser 'parser': end
[22:28:45.097] [bmv2] [D] [thread 14602] [3.0] [cxt 0] Pipeline 'ingress': start
[22:28:45.097] [bmv2] [T] [thread 14602] [3.0] [cxt 0] Applying table 'tbl_mirror'
[22:28:45.097] [bmv2] [D] [thread 14602] [3.0] [cxt 0] Looking up key:

[22:28:45.097] [bmv2] [D] [thread 14602] [3.0] [cxt 0] Table 'tbl_mirror': miss
[22:28:45.097] [bmv2] [D] [thread 14602] [3.0] [cxt 0] Action entry is MyIngress.mirror - 
[22:28:45.097] [bmv2] [T] [thread 14602] [3.0] [cxt 0] Action MyIngress.mirror
[22:28:45.097] [bmv2] [T] [thread 14602] [3.0] [cxt 0] advanced_tunnel.p4(110) Primitive clone(CloneType.I2E, 0)
[22:28:45.097] [bmv2] [T] [thread 14602] [3.0] [cxt 0] advanced_tunnel.p4(185) Condition "hdr.ipv4.isValid() && !hdr.myTunnel.isValid()" (node_3) is false
[22:28:45.098] [bmv2] [T] [thread 14602] [3.0] [cxt 0] advanced_tunnel.p4(190) Condition "hdr.myTunnel.isValid()" (node_5) is false
[22:28:45.098] [bmv2] [T] [thread 14602] [3.0] [cxt 0] advanced_tunnel.p4(195) Condition "hdr.ipv4.isValid()" (node_7) is false
[22:28:45.098] [bmv2] [D] [thread 14602] [3.0] [cxt 0] Pipeline 'ingress': end
[22:28:45.098] [bmv2] [D] [thread 14602] [3.0] [cxt 0] Cloning packet at ingress
[22:28:45.098] [bmv2] [D] [thread 14602] [3.0] [cxt 0] Egress port is 0
[22:28:45.095] [bmv2] [D] [thread 14603] [2.0] [cxt 0] Pipeline 'egress': start
[22:28:45.098] [bmv2] [D] [thread 14603] [2.0] [cxt 0] Pipeline 'egress': end
[22:28:45.098] [bmv2] [D] [thread 14603] [2.0] [cxt 0] Deparser 'deparser': start
[22:28:45.098] [bmv2] [T] [thread 14603] [2.0] [cxt 0] Skipping checksum 'cksum' update because condition not met
[22:28:45.098] [bmv2] [D] [thread 14603] [2.0] [cxt 0] Deparsing header 'ethernet'
[22:28:45.098] [bmv2] [D] [thread 14603] [2.0] [cxt 0] Deparser 'deparser': end
[22:28:45.098] [bmv2] [D] [thread 14603] [3.0] [cxt 0] Pipeline 'egress': start
[22:28:45.098] [bmv2] [D] [thread 14603] [3.0] [cxt 0] Pipeline 'egress': end
[22:28:45.098] [bmv2] [D] [thread 14603] [3.0] [cxt 0] Deparser 'deparser': start
[22:28:45.098] [bmv2] [T] [thread 14603] [3.0] [cxt 0] Skipping checksum 'cksum' update because condition not met
[22:28:45.098] [bmv2] [D] [thread 14603] [3.0] [cxt 0] Deparsing header 'ethernet'
[22:28:45.098] [bmv2] [D] [thread 14603] [3.0] [cxt 0] Deparser 'deparser': end
[22:28:45.098] [bmv2] [D] [thread 14607] [2.0] [cxt 0] Transmitting packet of size 90 out of port 0
[22:28:45.098] [bmv2] [D] [thread 14607] [3.0] [cxt 0] Transmitting packet of size 70 out of port 0
[22:28:45.180] [bmv2] [D] [thread 14602] [4.0] [cxt 0] Processing packet received on port 3
[22:28:45.180] [bmv2] [D] [thread 14602] [4.0] [cxt 0] Parser 'parser': start
[22:28:45.180] [bmv2] [D] [thread 14602] [4.0] [cxt 0] Parser 'parser' entering state 'start'
[22:28:45.180] [bmv2] [D] [thread 14602] [4.0] [cxt 0] Extracting header 'ethernet'
[22:28:45.180] [bmv2] [D] [thread 14602] [4.0] [cxt 0] Parser state 'start': key is 86dd
[22:28:45.181] [bmv2] [T] [thread 14602] [4.0] [cxt 0] Bytes parsed: 14
[22:28:45.181] [bmv2] [D] [thread 14602] [4.0] [cxt 0] Parser 'parser': end
[22:28:45.181] [bmv2] [D] [thread 14602] [4.0] [cxt 0] Pipeline 'ingress': start
[22:28:45.181] [bmv2] [T] [thread 14602] [4.0] [cxt 0] Applying table 'tbl_mirror'
[22:28:45.181] [bmv2] [D] [thread 14602] [4.0] [cxt 0] Looking up key:

[22:28:45.181] [bmv2] [D] [thread 14602] [4.0] [cxt 0] Table 'tbl_mirror': miss
[22:28:45.182] [bmv2] [D] [thread 14602] [4.0] [cxt 0] Action entry is MyIngress.mirror - 
[22:28:45.182] [bmv2] [T] [thread 14602] [4.0] [cxt 0] Action MyIngress.mirror
[22:28:45.182] [bmv2] [T] [thread 14602] [4.0] [cxt 0] advanced_tunnel.p4(110) Primitive clone(CloneType.I2E, 0)
[22:28:45.182] [bmv2] [T] [thread 14602] [4.0] [cxt 0] advanced_tunnel.p4(185) Condition "hdr.ipv4.isValid() && !hdr.myTunnel.isValid()" (node_3) is false
[22:28:45.183] [bmv2] [T] [thread 14602] [4.0] [cxt 0] advanced_tunnel.p4(190) Condition "hdr.myTunnel.isValid()" (node_5) is false
[22:28:45.183] [bmv2] [T] [thread 14602] [4.0] [cxt 0] advanced_tunnel.p4(195) Condition "hdr.ipv4.isValid()" (node_7) is false
[22:28:45.183] [bmv2] [D] [thread 14602] [4.0] [cxt 0] Pipeline 'ingress': end
[22:28:45.183] [bmv2] [D] [thread 14602] [4.0] [cxt 0] Cloning packet at ingress
[22:28:45.183] [bmv2] [D] [thread 14602] [4.0] [cxt 0] Egress port is 0
[22:28:45.183] [bmv2] [D] [thread 14603] [4.0] [cxt 0] Pipeline 'egress': start
[22:28:45.183] [bmv2] [D] [thread 14603] [4.0] [cxt 0] Pipeline 'egress': end
[22:28:45.184] [bmv2] [D] [thread 14603] [4.0] [cxt 0] Deparser 'deparser': start
[22:28:45.184] [bmv2] [T] [thread 14603] [4.0] [cxt 0] Skipping checksum 'cksum' update because condition not met
[22:28:45.184] [bmv2] [D] [thread 14603] [4.0] [cxt 0] Deparsing header 'ethernet'
[22:28:45.184] [bmv2] [D] [thread 14603] [4.0] [cxt 0] Deparser 'deparser': end
[22:28:45.184] [bmv2] [D] [thread 14607] [4.0] [cxt 0] Transmitting packet of size 90 out of port 0
[22:28:45.183] [bmv2] [D] [thread 14602] [5.0] [cxt 0] Processing packet received on port 3
[22:28:45.184] [bmv2] [D] [thread 14602] [5.0] [cxt 0] Parser 'parser': start
[22:28:45.184] [bmv2] [D] [thread 14602] [5.0] [cxt 0] Parser 'parser' entering state 'start'
[22:28:45.185] [bmv2] [D] [thread 14602] [5.0] [cxt 0] Extracting header 'ethernet'
[22:28:45.185] [bmv2] [D] [thread 14602] [5.0] [cxt 0] Parser state 'start': key is 86dd
[22:28:45.185] [bmv2] [T] [thread 14602] [5.0] [cxt 0] Bytes parsed: 14
[22:28:45.185] [bmv2] [D] [thread 14602] [5.0] [cxt 0] Parser 'parser': end
[22:28:45.185] [bmv2] [D] [thread 14602] [5.0] [cxt 0] Pipeline 'ingress': start
[22:28:45.185] [bmv2] [T] [thread 14602] [5.0] [cxt 0] Applying table 'tbl_mirror'
[22:28:45.186] [bmv2] [D] [thread 14602] [5.0] [cxt 0] Looking up key:

[22:28:45.186] [bmv2] [D] [thread 14602] [5.0] [cxt 0] Table 'tbl_mirror': miss
[22:28:45.186] [bmv2] [D] [thread 14602] [5.0] [cxt 0] Action entry is MyIngress.mirror - 
[22:28:45.186] [bmv2] [T] [thread 14602] [5.0] [cxt 0] Action MyIngress.mirror
[22:28:45.186] [bmv2] [T] [thread 14602] [5.0] [cxt 0] advanced_tunnel.p4(110) Primitive clone(CloneType.I2E, 0)
[22:28:45.186] [bmv2] [T] [thread 14602] [5.0] [cxt 0] advanced_tunnel.p4(185) Condition "hdr.ipv4.isValid() && !hdr.myTunnel.isValid()" (node_3) is false
[22:28:45.186] [bmv2] [T] [thread 14602] [5.0] [cxt 0] advanced_tunnel.p4(190) Condition "hdr.myTunnel.isValid()" (node_5) is false
[22:28:45.186] [bmv2] [T] [thread 14602] [5.0] [cxt 0] advanced_tunnel.p4(195) Condition "hdr.ipv4.isValid()" (node_7) is false
[22:28:45.186] [bmv2] [D] [thread 14602] [5.0] [cxt 0] Pipeline 'ingress': end
[22:28:45.187] [bmv2] [D] [thread 14602] [5.0] [cxt 0] Cloning packet at ingress
[22:28:45.187] [bmv2] [D] [thread 14602] [5.0] [cxt 0] Egress port is 0
[22:28:45.187] [bmv2] [D] [thread 14603] [5.0] [cxt 0] Pipeline 'egress': start
[22:28:45.187] [bmv2] [D] [thread 14603] [5.0] [cxt 0] Pipeline 'egress': end
[22:28:45.187] [bmv2] [D] [thread 14603] [5.0] [cxt 0] Deparser 'deparser': start
[22:28:45.187] [bmv2] [T] [thread 14603] [5.0] [cxt 0] Skipping checksum 'cksum' update because condition not met
[22:28:45.187] [bmv2] [D] [thread 14603] [5.0] [cxt 0] Deparsing header 'ethernet'
[22:28:45.187] [bmv2] [D] [thread 14603] [5.0] [cxt 0] Deparser 'deparser': end
[22:28:45.188] [bmv2] [D] [thread 14607] [5.0] [cxt 0] Transmitting packet of size 70 out of port 0
[22:28:45.281] [bmv2] [D] [thread 14602] [6.0] [cxt 0] Processing packet received on port 2
[22:28:45.281] [bmv2] [D] [thread 14602] [6.0] [cxt 0] Parser 'parser': start
[22:28:45.281] [bmv2] [D] [thread 14602] [6.0] [cxt 0] Parser 'parser' entering state 'start'
[22:28:45.281] [bmv2] [D] [thread 14602] [6.0] [cxt 0] Extracting header 'ethernet'
[22:28:45.282] [bmv2] [D] [thread 14602] [6.0] [cxt 0] Parser state 'start': key is 86dd
[22:28:45.282] [bmv2] [T] [thread 14602] [6.0] [cxt 0] Bytes parsed: 14
[22:28:45.282] [bmv2] [D] [thread 14602] [6.0] [cxt 0] Parser 'parser': end
[22:28:45.282] [bmv2] [D] [thread 14602] [6.0] [cxt 0] Pipeline 'ingress': start
[22:28:45.282] [bmv2] [T] [thread 14602] [6.0] [cxt 0] Applying table 'tbl_mirror'
[22:28:45.282] [bmv2] [D] [thread 14602] [6.0] [cxt 0] Looking up key:

[22:28:45.282] [bmv2] [D] [thread 14602] [6.0] [cxt 0] Table 'tbl_mirror': miss
[22:28:45.283] [bmv2] [D] [thread 14602] [6.0] [cxt 0] Action entry is MyIngress.mirror - 
[22:28:45.283] [bmv2] [T] [thread 14602] [6.0] [cxt 0] Action MyIngress.mirror
[22:28:45.283] [bmv2] [T] [thread 14602] [6.0] [cxt 0] advanced_tunnel.p4(110) Primitive clone(CloneType.I2E, 0)
[22:28:45.283] [bmv2] [T] [thread 14602] [6.0] [cxt 0] advanced_tunnel.p4(185) Condition "hdr.ipv4.isValid() && !hdr.myTunnel.isValid()" (node_3) is false
[22:28:45.283] [bmv2] [T] [thread 14602] [6.0] [cxt 0] advanced_tunnel.p4(190) Condition "hdr.myTunnel.isValid()" (node_5) is false
[22:28:45.283] [bmv2] [T] [thread 14602] [6.0] [cxt 0] advanced_tunnel.p4(195) Condition "hdr.ipv4.isValid()" (node_7) is false
[22:28:45.284] [bmv2] [D] [thread 14602] [6.0] [cxt 0] Pipeline 'ingress': end
[22:28:45.284] [bmv2] [D] [thread 14602] [6.0] [cxt 0] Cloning packet at ingress
[22:28:45.284] [bmv2] [D] [thread 14602] [6.0] [cxt 0] Egress port is 0
[22:28:45.284] [bmv2] [D] [thread 14603] [6.0] [cxt 0] Pipeline 'egress': start
[22:28:45.284] [bmv2] [D] [thread 14603] [6.0] [cxt 0] Pipeline 'egress': end
[22:28:45.284] [bmv2] [D] [thread 14603] [6.0] [cxt 0] Deparser 'deparser': start
[22:28:45.284] [bmv2] [T] [thread 14603] [6.0] [cxt 0] Skipping checksum 'cksum' update because condition not met
[22:28:45.284] [bmv2] [D] [thread 14603] [6.0] [cxt 0] Deparsing header 'ethernet'
[22:28:45.284] [bmv2] [D] [thread 14603] [6.0] [cxt 0] Deparser 'deparser': end
[22:28:45.285] [bmv2] [D] [thread 14607] [6.0] [cxt 0] Transmitting packet of size 90 out of port 0
[22:28:45.333] [bmv2] [D] [thread 14602] [7.0] [cxt 0] Processing packet received on port 3
[22:28:45.333] [bmv2] [D] [thread 14602] [7.0] [cxt 0] Parser 'parser': start
[22:28:45.333] [bmv2] [D] [thread 14602] [7.0] [cxt 0] Parser 'parser' entering state 'start'
[22:28:45.334] [bmv2] [D] [thread 14602] [7.0] [cxt 0] Extracting header 'ethernet'
[22:28:45.334] [bmv2] [D] [thread 14602] [7.0] [cxt 0] Parser state 'start': key is 86dd
[22:28:45.334] [bmv2] [T] [thread 14602] [7.0] [cxt 0] Bytes parsed: 14
[22:28:45.334] [bmv2] [D] [thread 14602] [7.0] [cxt 0] Parser 'parser': end
[22:28:45.334] [bmv2] [D] [thread 14602] [7.0] [cxt 0] Pipeline 'ingress': start
[22:28:45.334] [bmv2] [T] [thread 14602] [7.0] [cxt 0] Applying table 'tbl_mirror'
[22:28:45.334] [bmv2] [D] [thread 14602] [7.0] [cxt 0] Looking up key:

[22:28:45.334] [bmv2] [D] [thread 14602] [7.0] [cxt 0] Table 'tbl_mirror': miss
[22:28:45.334] [bmv2] [D] [thread 14602] [7.0] [cxt 0] Action entry is MyIngress.mirror - 
[22:28:45.334] [bmv2] [T] [thread 14602] [7.0] [cxt 0] Action MyIngress.mirror
[22:28:45.335] [bmv2] [T] [thread 14602] [7.0] [cxt 0] advanced_tunnel.p4(110) Primitive clone(CloneType.I2E, 0)
[22:28:45.335] [bmv2] [T] [thread 14602] [7.0] [cxt 0] advanced_tunnel.p4(185) Condition "hdr.ipv4.isValid() && !hdr.myTunnel.isValid()" (node_3) is false
[22:28:45.335] [bmv2] [T] [thread 14602] [7.0] [cxt 0] advanced_tunnel.p4(190) Condition "hdr.myTunnel.isValid()" (node_5) is false
[22:28:45.335] [bmv2] [T] [thread 14602] [7.0] [cxt 0] advanced_tunnel.p4(195) Condition "hdr.ipv4.isValid()" (node_7) is false
[22:28:45.335] [bmv2] [D] [thread 14602] [7.0] [cxt 0] Pipeline 'ingress': end
[22:28:45.335] [bmv2] [D] [thread 14602] [7.0] [cxt 0] Cloning packet at ingress
[22:28:45.336] [bmv2] [D] [thread 14602] [7.0] [cxt 0] Egress port is 0
[22:28:45.336] [bmv2] [D] [thread 14602] [8.0] [cxt 0] Processing packet received on port 3
[22:28:45.336] [bmv2] [D] [thread 14602] [8.0] [cxt 0] Parser 'parser': start
[22:28:45.336] [bmv2] [D] [thread 14602] [8.0] [cxt 0] Parser 'parser' entering state 'start'
[22:28:45.336] [bmv2] [D] [thread 14602] [8.0] [cxt 0] Extracting header 'ethernet'
[22:28:45.337] [bmv2] [D] [thread 14602] [8.0] [cxt 0] Parser state 'start': key is 86dd
[22:28:45.337] [bmv2] [T] [thread 14602] [8.0] [cxt 0] Bytes parsed: 14
[22:28:45.337] [bmv2] [D] [thread 14602] [8.0] [cxt 0] Parser 'parser': end
[22:28:45.337] [bmv2] [D] [thread 14602] [8.0] [cxt 0] Pipeline 'ingress': start
[22:28:45.337] [bmv2] [T] [thread 14602] [8.0] [cxt 0] Applying table 'tbl_mirror'
[22:28:45.337] [bmv2] [D] [thread 14602] [8.0] [cxt 0] Looking up key:

[22:28:45.337] [bmv2] [D] [thread 14602] [8.0] [cxt 0] Table 'tbl_mirror': miss
[22:28:45.338] [bmv2] [D] [thread 14602] [8.0] [cxt 0] Action entry is MyIngress.mirror - 
[22:28:45.338] [bmv2] [T] [thread 14602] [8.0] [cxt 0] Action MyIngress.mirror
[22:28:45.338] [bmv2] [T] [thread 14602] [8.0] [cxt 0] advanced_tunnel.p4(110) Primitive clone(CloneType.I2E, 0)
[22:28:45.338] [bmv2] [T] [thread 14602] [8.0] [cxt 0] advanced_tunnel.p4(185) Condition "hdr.ipv4.isValid() && !hdr.myTunnel.isValid()" (node_3) is false
[22:28:45.338] [bmv2] [T] [thread 14602] [8.0] [cxt 0] advanced_tunnel.p4(190) Condition "hdr.myTunnel.isValid()" (node_5) is false
[22:28:45.338] [bmv2] [T] [thread 14602] [8.0] [cxt 0] advanced_tunnel.p4(195) Condition "hdr.ipv4.isValid()" (node_7) is false
[22:28:45.338] [bmv2] [D] [thread 14602] [8.0] [cxt 0] Pipeline 'ingress': end
[22:28:45.339] [bmv2] [D] [thread 14602] [8.0] [cxt 0] Cloning packet at ingress
[22:28:45.339] [bmv2] [D] [thread 14602] [8.0] [cxt 0] Egress port is 0
[22:28:45.336] [bmv2] [D] [thread 14603] [7.0] [cxt 0] Pipeline 'egress': start
[22:28:45.339] [bmv2] [D] [thread 14603] [7.0] [cxt 0] Pipeline 'egress': end
[22:28:45.339] [bmv2] [D] [thread 14603] [7.0] [cxt 0] Deparser 'deparser': start
[22:28:45.339] [bmv2] [T] [thread 14603] [7.0] [cxt 0] Skipping checksum 'cksum' update because condition not met
[22:28:45.339] [bmv2] [D] [thread 14603] [7.0] [cxt 0] Deparsing header 'ethernet'
[22:28:45.339] [bmv2] [D] [thread 14603] [7.0] [cxt 0] Deparser 'deparser': end
[22:28:45.340] [bmv2] [D] [thread 14603] [8.0] [cxt 0] Pipeline 'egress': start
[22:28:45.340] [bmv2] [D] [thread 14603] [8.0] [cxt 0] Pipeline 'egress': end
[22:28:45.340] [bmv2] [D] [thread 14603] [8.0] [cxt 0] Deparser 'deparser': start
[22:28:45.340] [bmv2] [T] [thread 14603] [8.0] [cxt 0] Skipping checksum 'cksum' update because condition not met
[22:28:45.340] [bmv2] [D] [thread 14603] [8.0] [cxt 0] Deparsing header 'ethernet'
[22:28:45.340] [bmv2] [D] [thread 14603] [8.0] [cxt 0] Deparser 'deparser': end
[22:28:45.340] [bmv2] [D] [thread 14607] [7.0] [cxt 0] Transmitting packet of size 90 out of port 0
[22:28:45.342] [bmv2] [D] [thread 14607] [8.0] [cxt 0] Transmitting packet of size 70 out of port 0
[22:28:45.537] [bmv2] [D] [thread 14602] [9.0] [cxt 0] Processing packet received on port 1
[22:28:45.537] [bmv2] [D] [thread 14602] [9.0] [cxt 0] Parser 'parser': start
[22:28:45.538] [bmv2] [D] [thread 14602] [9.0] [cxt 0] Parser 'parser' entering state 'start'
[22:28:45.538] [bmv2] [D] [thread 14602] [9.0] [cxt 0] Extracting header 'ethernet'
[22:28:45.538] [bmv2] [D] [thread 14602] [9.0] [cxt 0] Parser state 'start': key is 86dd
[22:28:45.538] [bmv2] [T] [thread 14602] [9.0] [cxt 0] Bytes parsed: 14
[22:28:45.538] [bmv2] [D] [thread 14602] [9.0] [cxt 0] Parser 'parser': end
[22:28:45.538] [bmv2] [D] [thread 14602] [9.0] [cxt 0] Pipeline 'ingress': start
[22:28:45.538] [bmv2] [T] [thread 14602] [9.0] [cxt 0] Applying table 'tbl_mirror'
[22:28:45.538] [bmv2] [D] [thread 14602] [9.0] [cxt 0] Looking up key:

[22:28:45.539] [bmv2] [D] [thread 14602] [9.0] [cxt 0] Table 'tbl_mirror': miss
[22:28:45.539] [bmv2] [D] [thread 14602] [9.0] [cxt 0] Action entry is MyIngress.mirror - 
[22:28:45.539] [bmv2] [T] [thread 14602] [9.0] [cxt 0] Action MyIngress.mirror
[22:28:45.539] [bmv2] [T] [thread 14602] [9.0] [cxt 0] advanced_tunnel.p4(110) Primitive clone(CloneType.I2E, 0)
[22:28:45.539] [bmv2] [T] [thread 14602] [9.0] [cxt 0] advanced_tunnel.p4(185) Condition "hdr.ipv4.isValid() && !hdr.myTunnel.isValid()" (node_3) is false
[22:28:45.540] [bmv2] [T] [thread 14602] [9.0] [cxt 0] advanced_tunnel.p4(190) Condition "hdr.myTunnel.isValid()" (node_5) is false
[22:28:45.540] [bmv2] [T] [thread 14602] [9.0] [cxt 0] advanced_tunnel.p4(195) Condition "hdr.ipv4.isValid()" (node_7) is false
[22:28:45.540] [bmv2] [D] [thread 14602] [9.0] [cxt 0] Pipeline 'ingress': end
[22:28:45.540] [bmv2] [D] [thread 14602] [9.0] [cxt 0] Cloning packet at ingress
[22:28:45.540] [bmv2] [D] [thread 14602] [9.0] [cxt 0] Egress port is 0
[22:28:45.540] [bmv2] [D] [thread 14602] [10.0] [cxt 0] Processing packet received on port 1
[22:28:45.541] [bmv2] [D] [thread 14602] [10.0] [cxt 0] Parser 'parser': start
[22:28:45.541] [bmv2] [D] [thread 14602] [10.0] [cxt 0] Parser 'parser' entering state 'start'
[22:28:45.541] [bmv2] [D] [thread 14602] [10.0] [cxt 0] Extracting header 'ethernet'
[22:28:45.541] [bmv2] [D] [thread 14602] [10.0] [cxt 0] Parser state 'start': key is 86dd
[22:28:45.541] [bmv2] [T] [thread 14602] [10.0] [cxt 0] Bytes parsed: 14
[22:28:45.542] [bmv2] [D] [thread 14602] [10.0] [cxt 0] Parser 'parser': end
[22:28:45.542] [bmv2] [D] [thread 14602] [10.0] [cxt 0] Pipeline 'ingress': start
[22:28:45.542] [bmv2] [T] [thread 14602] [10.0] [cxt 0] Applying table 'tbl_mirror'
[22:28:45.542] [bmv2] [D] [thread 14602] [10.0] [cxt 0] Looking up key:

[22:28:45.542] [bmv2] [D] [thread 14602] [10.0] [cxt 0] Table 'tbl_mirror': miss
[22:28:45.542] [bmv2] [D] [thread 14602] [10.0] [cxt 0] Action entry is MyIngress.mirror - 
[22:28:45.542] [bmv2] [T] [thread 14602] [10.0] [cxt 0] Action MyIngress.mirror
[22:28:45.543] [bmv2] [T] [thread 14602] [10.0] [cxt 0] advanced_tunnel.p4(110) Primitive clone(CloneType.I2E, 0)
[22:28:45.543] [bmv2] [T] [thread 14602] [10.0] [cxt 0] advanced_tunnel.p4(185) Condition "hdr.ipv4.isValid() && !hdr.myTunnel.isValid()" (node_3) is false
[22:28:45.543] [bmv2] [T] [thread 14602] [10.0] [cxt 0] advanced_tunnel.p4(190) Condition "hdr.myTunnel.isValid()" (node_5) is false
[22:28:45.543] [bmv2] [T] [thread 14602] [10.0] [cxt 0] advanced_tunnel.p4(195) Condition "hdr.ipv4.isValid()" (node_7) is false
[22:28:45.544] [bmv2] [D] [thread 14602] [10.0] [cxt 0] Pipeline 'ingress': end
[22:28:45.544] [bmv2] [D] [thread 14602] [10.0] [cxt 0] Cloning packet at ingress
[22:28:45.544] [bmv2] [D] [thread 14602] [10.0] [cxt 0] Egress port is 0
[22:28:45.541] [bmv2] [D] [thread 14603] [9.0] [cxt 0] Pipeline 'egress': start
[22:28:45.544] [bmv2] [D] [thread 14603] [9.0] [cxt 0] Pipeline 'egress': end
[22:28:45.544] [bmv2] [D] [thread 14603] [9.0] [cxt 0] Deparser 'deparser': start
[22:28:45.545] [bmv2] [T] [thread 14603] [9.0] [cxt 0] Skipping checksum 'cksum' update because condition not met
[22:28:45.545] [bmv2] [D] [thread 14603] [9.0] [cxt 0] Deparsing header 'ethernet'
[22:28:45.545] [bmv2] [D] [thread 14603] [9.0] [cxt 0] Deparser 'deparser': end
[22:28:45.545] [bmv2] [D] [thread 14607] [9.0] [cxt 0] Transmitting packet of size 90 out of port 0
[22:28:45.545] [bmv2] [D] [thread 14603] [10.0] [cxt 0] Pipeline 'egress': start
[22:28:45.545] [bmv2] [D] [thread 14603] [10.0] [cxt 0] Pipeline 'egress': end
[22:28:45.546] [bmv2] [D] [thread 14603] [10.0] [cxt 0] Deparser 'deparser': start
[22:28:45.546] [bmv2] [T] [thread 14603] [10.0] [cxt 0] Skipping checksum 'cksum' update because condition not met
[22:28:45.546] [bmv2] [D] [thread 14603] [10.0] [cxt 0] Deparsing header 'ethernet'
[22:28:45.546] [bmv2] [D] [thread 14603] [10.0] [cxt 0] Deparser 'deparser': end
[22:28:45.546] [bmv2] [D] [thread 14607] [10.0] [cxt 0] Transmitting packet of size 70 out of port 0
[22:28:45.613] [bmv2] [D] [thread 14602] [11.0] [cxt 0] Processing packet received on port 2
[22:28:45.613] [bmv2] [D] [thread 14602] [11.0] [cxt 0] Parser 'parser': start
[22:28:45.613] [bmv2] [D] [thread 14602] [11.0] [cxt 0] Parser 'parser' entering state 'start'
[22:28:45.613] [bmv2] [D] [thread 14602] [11.0] [cxt 0] Extracting header 'ethernet'
[22:28:45.613] [bmv2] [D] [thread 14602] [11.0] [cxt 0] Parser state 'start': key is 86dd
[22:28:45.613] [bmv2] [T] [thread 14602] [11.0] [cxt 0] Bytes parsed: 14
[22:28:45.613] [bmv2] [D] [thread 14602] [11.0] [cxt 0] Parser 'parser': end
[22:28:45.614] [bmv2] [D] [thread 14602] [11.0] [cxt 0] Pipeline 'ingress': start
[22:28:45.614] [bmv2] [T] [thread 14602] [11.0] [cxt 0] Applying table 'tbl_mirror'
[22:28:45.614] [bmv2] [D] [thread 14602] [11.0] [cxt 0] Looking up key:

[22:28:45.614] [bmv2] [D] [thread 14602] [11.0] [cxt 0] Table 'tbl_mirror': miss
[22:28:45.614] [bmv2] [D] [thread 14602] [11.0] [cxt 0] Action entry is MyIngress.mirror - 
[22:28:45.614] [bmv2] [T] [thread 14602] [11.0] [cxt 0] Action MyIngress.mirror
[22:28:45.615] [bmv2] [T] [thread 14602] [11.0] [cxt 0] advanced_tunnel.p4(110) Primitive clone(CloneType.I2E, 0)
[22:28:45.615] [bmv2] [T] [thread 14602] [11.0] [cxt 0] advanced_tunnel.p4(185) Condition "hdr.ipv4.isValid() && !hdr.myTunnel.isValid()" (node_3) is false
[22:28:45.615] [bmv2] [T] [thread 14602] [11.0] [cxt 0] advanced_tunnel.p4(190) Condition "hdr.myTunnel.isValid()" (node_5) is false
[22:28:45.615] [bmv2] [T] [thread 14602] [11.0] [cxt 0] advanced_tunnel.p4(195) Condition "hdr.ipv4.isValid()" (node_7) is false
[22:28:45.615] [bmv2] [D] [thread 14602] [11.0] [cxt 0] Pipeline 'ingress': end
[22:28:45.615] [bmv2] [D] [thread 14602] [11.0] [cxt 0] Cloning packet at ingress
[22:28:45.615] [bmv2] [D] [thread 14602] [11.0] [cxt 0] Egress port is 0
[22:28:45.615] [bmv2] [D] [thread 14603] [11.0] [cxt 0] Pipeline 'egress': start
[22:28:45.616] [bmv2] [D] [thread 14603] [11.0] [cxt 0] Pipeline 'egress': end
[22:28:45.616] [bmv2] [D] [thread 14603] [11.0] [cxt 0] Deparser 'deparser': start
[22:28:45.616] [bmv2] [T] [thread 14603] [11.0] [cxt 0] Skipping checksum 'cksum' update because condition not met
[22:28:45.616] [bmv2] [D] [thread 14603] [11.0] [cxt 0] Deparsing header 'ethernet'
[22:28:45.616] [bmv2] [D] [thread 14603] [11.0] [cxt 0] Deparser 'deparser': end
[22:28:45.616] [bmv2] [D] [thread 14607] [11.0] [cxt 0] Transmitting packet of size 90 out of port 0
[22:28:45.688] [bmv2] [D] [thread 14602] [12.0] [cxt 0] Processing packet received on port 3
[22:28:45.688] [bmv2] [D] [thread 14602] [12.0] [cxt 0] Parser 'parser': start
[22:28:45.689] [bmv2] [D] [thread 14602] [12.0] [cxt 0] Parser 'parser' entering state 'start'
[22:28:45.689] [bmv2] [D] [thread 14602] [12.0] [cxt 0] Extracting header 'ethernet'
[22:28:45.689] [bmv2] [D] [thread 14602] [12.0] [cxt 0] Parser state 'start': key is 86dd
[22:28:45.689] [bmv2] [T] [thread 14602] [12.0] [cxt 0] Bytes parsed: 14
[22:28:45.689] [bmv2] [D] [thread 14602] [12.0] [cxt 0] Parser 'parser': end
[22:28:45.689] [bmv2] [D] [thread 14602] [12.0] [cxt 0] Pipeline 'ingress': start
[22:28:45.689] [bmv2] [T] [thread 14602] [12.0] [cxt 0] Applying table 'tbl_mirror'
[22:28:45.690] [bmv2] [D] [thread 14602] [12.0] [cxt 0] Looking up key:

[22:28:45.690] [bmv2] [D] [thread 14602] [12.0] [cxt 0] Table 'tbl_mirror': miss
[22:28:45.690] [bmv2] [D] [thread 14602] [12.0] [cxt 0] Action entry is MyIngress.mirror - 
[22:28:45.690] [bmv2] [T] [thread 14602] [12.0] [cxt 0] Action MyIngress.mirror
[22:28:45.690] [bmv2] [T] [thread 14602] [12.0] [cxt 0] advanced_tunnel.p4(110) Primitive clone(CloneType.I2E, 0)
[22:28:45.690] [bmv2] [T] [thread 14602] [12.0] [cxt 0] advanced_tunnel.p4(185) Condition "hdr.ipv4.isValid() && !hdr.myTunnel.isValid()" (node_3) is false
[22:28:45.690] [bmv2] [T] [thread 14602] [12.0] [cxt 0] advanced_tunnel.p4(190) Condition "hdr.myTunnel.isValid()" (node_5) is false
[22:28:45.691] [bmv2] [T] [thread 14602] [12.0] [cxt 0] advanced_tunnel.p4(195) Condition "hdr.ipv4.isValid()" (node_7) is false
[22:28:45.691] [bmv2] [D] [thread 14602] [12.0] [cxt 0] Pipeline 'ingress': end
[22:28:45.691] [bmv2] [D] [thread 14602] [12.0] [cxt 0] Cloning packet at ingress
[22:28:45.691] [bmv2] [D] [thread 14602] [12.0] [cxt 0] Egress port is 0
[22:28:45.691] [bmv2] [D] [thread 14603] [12.0] [cxt 0] Pipeline 'egress': start
[22:28:45.691] [bmv2] [D] [thread 14603] [12.0] [cxt 0] Pipeline 'egress': end
[22:28:45.692] [bmv2] [D] [thread 14603] [12.0] [cxt 0] Deparser 'deparser': start
[22:28:45.692] [bmv2] [T] [thread 14603] [12.0] [cxt 0] Skipping checksum 'cksum' update because condition not met
[22:28:45.692] [bmv2] [D] [thread 14603] [12.0] [cxt 0] Deparsing header 'ethernet'
[22:28:45.692] [bmv2] [D] [thread 14603] [12.0] [cxt 0] Deparser 'deparser': end
[22:28:45.692] [bmv2] [D] [thread 14607] [12.0] [cxt 0] Transmitting packet of size 90 out of port 0
[22:28:45.886] [bmv2] [D] [thread 14602] [13.0] [cxt 0] Processing packet received on port 3
[22:28:45.886] [bmv2] [D] [thread 14602] [13.0] [cxt 0] Parser 'parser': start
[22:28:45.886] [bmv2] [D] [thread 14602] [13.0] [cxt 0] Parser 'parser' entering state 'start'
[22:28:45.886] [bmv2] [D] [thread 14602] [13.0] [cxt 0] Extracting header 'ethernet'
[22:28:45.887] [bmv2] [D] [thread 14602] [13.0] [cxt 0] Parser state 'start': key is 86dd
[22:28:45.887] [bmv2] [T] [thread 14602] [13.0] [cxt 0] Bytes parsed: 14
[22:28:45.887] [bmv2] [D] [thread 14602] [13.0] [cxt 0] Parser 'parser': end
[22:28:45.887] [bmv2] [D] [thread 14602] [13.0] [cxt 0] Pipeline 'ingress': start
[22:28:45.887] [bmv2] [T] [thread 14602] [13.0] [cxt 0] Applying table 'tbl_mirror'
[22:28:45.887] [bmv2] [D] [thread 14602] [13.0] [cxt 0] Looking up key:

[22:28:45.887] [bmv2] [D] [thread 14602] [13.0] [cxt 0] Table 'tbl_mirror': miss
[22:28:45.887] [bmv2] [D] [thread 14602] [13.0] [cxt 0] Action entry is MyIngress.mirror - 
[22:28:45.887] [bmv2] [T] [thread 14602] [13.0] [cxt 0] Action MyIngress.mirror
[22:28:45.887] [bmv2] [T] [thread 14602] [13.0] [cxt 0] advanced_tunnel.p4(110) Primitive clone(CloneType.I2E, 0)
[22:28:45.888] [bmv2] [T] [thread 14602] [13.0] [cxt 0] advanced_tunnel.p4(185) Condition "hdr.ipv4.isValid() && !hdr.myTunnel.isValid()" (node_3) is false
[22:28:45.888] [bmv2] [T] [thread 14602] [13.0] [cxt 0] advanced_tunnel.p4(190) Condition "hdr.myTunnel.isValid()" (node_5) is false
[22:28:45.888] [bmv2] [T] [thread 14602] [13.0] [cxt 0] advanced_tunnel.p4(195) Condition "hdr.ipv4.isValid()" (node_7) is false
[22:28:45.888] [bmv2] [D] [thread 14602] [13.0] [cxt 0] Pipeline 'ingress': end
[22:28:45.888] [bmv2] [D] [thread 14602] [13.0] [cxt 0] Cloning packet at ingress
[22:28:45.888] [bmv2] [D] [thread 14602] [13.0] [cxt 0] Egress port is 0
[22:28:45.889] [bmv2] [D] [thread 14603] [13.0] [cxt 0] Pipeline 'egress': start
[22:28:45.889] [bmv2] [D] [thread 14603] [13.0] [cxt 0] Pipeline 'egress': end
[22:28:45.889] [bmv2] [D] [thread 14603] [13.0] [cxt 0] Deparser 'deparser': start
[22:28:45.889] [bmv2] [T] [thread 14603] [13.0] [cxt 0] Skipping checksum 'cksum' update because condition not met
[22:28:45.889] [bmv2] [D] [thread 14603] [13.0] [cxt 0] Deparsing header 'ethernet'
[22:28:45.889] [bmv2] [D] [thread 14603] [13.0] [cxt 0] Deparser 'deparser': end
[22:28:45.890] [bmv2] [D] [thread 14607] [13.0] [cxt 0] Transmitting packet of size 90 out of port 0
[22:28:46.225] [bmv2] [D] [thread 14602] [14.0] [cxt 0] Processing packet received on port 1
[22:28:46.225] [bmv2] [D] [thread 14602] [14.0] [cxt 0] Parser 'parser': start
[22:28:46.225] [bmv2] [D] [thread 14602] [14.0] [cxt 0] Parser 'parser' entering state 'start'
[22:28:46.225] [bmv2] [D] [thread 14602] [14.0] [cxt 0] Extracting header 'ethernet'
[22:28:46.225] [bmv2] [D] [thread 14602] [14.0] [cxt 0] Parser state 'start': key is 86dd
[22:28:46.225] [bmv2] [T] [thread 14602] [14.0] [cxt 0] Bytes parsed: 14
[22:28:46.225] [bmv2] [D] [thread 14602] [14.0] [cxt 0] Parser 'parser': end
[22:28:46.226] [bmv2] [D] [thread 14602] [14.0] [cxt 0] Pipeline 'ingress': start
[22:28:46.226] [bmv2] [T] [thread 14602] [14.0] [cxt 0] Applying table 'tbl_mirror'
[22:28:46.226] [bmv2] [D] [thread 14602] [14.0] [cxt 0] Looking up key:

[22:28:46.226] [bmv2] [D] [thread 14602] [14.0] [cxt 0] Table 'tbl_mirror': miss
[22:28:46.226] [bmv2] [D] [thread 14602] [14.0] [cxt 0] Action entry is MyIngress.mirror - 
[22:28:46.226] [bmv2] [T] [thread 14602] [14.0] [cxt 0] Action MyIngress.mirror
[22:28:46.227] [bmv2] [T] [thread 14602] [14.0] [cxt 0] advanced_tunnel.p4(110) Primitive clone(CloneType.I2E, 0)
[22:28:46.227] [bmv2] [T] [thread 14602] [14.0] [cxt 0] advanced_tunnel.p4(185) Condition "hdr.ipv4.isValid() && !hdr.myTunnel.isValid()" (node_3) is false
[22:28:46.227] [bmv2] [T] [thread 14602] [14.0] [cxt 0] advanced_tunnel.p4(190) Condition "hdr.myTunnel.isValid()" (node_5) is false
[22:28:46.227] [bmv2] [T] [thread 14602] [14.0] [cxt 0] advanced_tunnel.p4(195) Condition "hdr.ipv4.isValid()" (node_7) is false
[22:28:46.227] [bmv2] [D] [thread 14602] [14.0] [cxt 0] Pipeline 'ingress': end
[22:28:46.227] [bmv2] [D] [thread 14602] [14.0] [cxt 0] Cloning packet at ingress
[22:28:46.227] [bmv2] [D] [thread 14602] [14.0] [cxt 0] Egress port is 0
[22:28:46.227] [bmv2] [D] [thread 14603] [14.0] [cxt 0] Pipeline 'egress': start
[22:28:46.228] [bmv2] [D] [thread 14603] [14.0] [cxt 0] Pipeline 'egress': end
[22:28:46.228] [bmv2] [D] [thread 14603] [14.0] [cxt 0] Deparser 'deparser': start
[22:28:46.228] [bmv2] [T] [thread 14603] [14.0] [cxt 0] Skipping checksum 'cksum' update because condition not met
[22:28:46.228] [bmv2] [D] [thread 14603] [14.0] [cxt 0] Deparsing header 'ethernet'
[22:28:46.228] [bmv2] [D] [thread 14603] [14.0] [cxt 0] Deparser 'deparser': end
[22:28:46.228] [bmv2] [D] [thread 14607] [14.0] [cxt 0] Transmitting packet of size 90 out of port 0
[22:28:49.024] [bmv2] [D] [thread 14602] [15.0] [cxt 0] Processing packet received on port 2
[22:28:49.024] [bmv2] [D] [thread 14602] [15.0] [cxt 0] Parser 'parser': start
[22:28:49.025] [bmv2] [D] [thread 14602] [15.0] [cxt 0] Parser 'parser' entering state 'start'
[22:28:49.025] [bmv2] [D] [thread 14602] [15.0] [cxt 0] Extracting header 'ethernet'
[22:28:49.025] [bmv2] [D] [thread 14602] [15.0] [cxt 0] Parser state 'start': key is 86dd
[22:28:49.025] [bmv2] [T] [thread 14602] [15.0] [cxt 0] Bytes parsed: 14
[22:28:49.025] [bmv2] [D] [thread 14602] [15.0] [cxt 0] Parser 'parser': end
[22:28:49.025] [bmv2] [D] [thread 14602] [15.0] [cxt 0] Pipeline 'ingress': start
[22:28:49.025] [bmv2] [T] [thread 14602] [15.0] [cxt 0] Applying table 'tbl_mirror'
[22:28:49.026] [bmv2] [D] [thread 14602] [15.0] [cxt 0] Looking up key:

[22:28:49.026] [bmv2] [D] [thread 14602] [15.0] [cxt 0] Table 'tbl_mirror': miss
[22:28:49.026] [bmv2] [D] [thread 14602] [15.0] [cxt 0] Action entry is MyIngress.mirror - 
[22:28:49.026] [bmv2] [T] [thread 14602] [15.0] [cxt 0] Action MyIngress.mirror
[22:28:49.026] [bmv2] [T] [thread 14602] [15.0] [cxt 0] advanced_tunnel.p4(110) Primitive clone(CloneType.I2E, 0)
[22:28:49.026] [bmv2] [T] [thread 14602] [15.0] [cxt 0] advanced_tunnel.p4(185) Condition "hdr.ipv4.isValid() && !hdr.myTunnel.isValid()" (node_3) is false
[22:28:49.027] [bmv2] [T] [thread 14602] [15.0] [cxt 0] advanced_tunnel.p4(190) Condition "hdr.myTunnel.isValid()" (node_5) is false
[22:28:49.027] [bmv2] [T] [thread 14602] [15.0] [cxt 0] advanced_tunnel.p4(195) Condition "hdr.ipv4.isValid()" (node_7) is false
[22:28:49.027] [bmv2] [D] [thread 14602] [15.0] [cxt 0] Pipeline 'ingress': end
[22:28:49.027] [bmv2] [D] [thread 14602] [15.0] [cxt 0] Cloning packet at ingress
[22:28:49.027] [bmv2] [D] [thread 14602] [15.0] [cxt 0] Egress port is 0
[22:28:49.028] [bmv2] [D] [thread 14603] [15.0] [cxt 0] Pipeline 'egress': start
[22:28:49.028] [bmv2] [D] [thread 14603] [15.0] [cxt 0] Pipeline 'egress': end
[22:28:49.028] [bmv2] [D] [thread 14603] [15.0] [cxt 0] Deparser 'deparser': start
[22:28:49.028] [bmv2] [T] [thread 14603] [15.0] [cxt 0] Skipping checksum 'cksum' update because condition not met
[22:28:49.028] [bmv2] [D] [thread 14603] [15.0] [cxt 0] Deparsing header 'ethernet'
[22:28:49.028] [bmv2] [D] [thread 14603] [15.0] [cxt 0] Deparser 'deparser': end
[22:28:49.029] [bmv2] [D] [thread 14607] [15.0] [cxt 0] Transmitting packet of size 70 out of port 0
[22:28:49.111] [bmv2] [D] [thread 14602] [16.0] [cxt 0] Processing packet received on port 2
[22:28:49.112] [bmv2] [D] [thread 14602] [16.0] [cxt 0] Parser 'parser': start
[22:28:49.112] [bmv2] [D] [thread 14602] [16.0] [cxt 0] Parser 'parser' entering state 'start'
[22:28:49.112] [bmv2] [D] [thread 14602] [16.0] [cxt 0] Extracting header 'ethernet'
[22:28:49.112] [bmv2] [D] [thread 14602] [16.0] [cxt 0] Parser state 'start': key is 86dd
[22:28:49.112] [bmv2] [T] [thread 14602] [16.0] [cxt 0] Bytes parsed: 14
[22:28:49.113] [bmv2] [D] [thread 14602] [16.0] [cxt 0] Parser 'parser': end
[22:28:49.113] [bmv2] [D] [thread 14602] [16.0] [cxt 0] Pipeline 'ingress': start
[22:28:49.113] [bmv2] [T] [thread 14602] [16.0] [cxt 0] Applying table 'tbl_mirror'
[22:28:49.113] [bmv2] [D] [thread 14602] [16.0] [cxt 0] Looking up key:

[22:28:49.113] [bmv2] [D] [thread 14602] [16.0] [cxt 0] Table 'tbl_mirror': miss
[22:28:49.113] [bmv2] [D] [thread 14602] [16.0] [cxt 0] Action entry is MyIngress.mirror - 
[22:28:49.113] [bmv2] [T] [thread 14602] [16.0] [cxt 0] Action MyIngress.mirror
[22:28:49.114] [bmv2] [T] [thread 14602] [16.0] [cxt 0] advanced_tunnel.p4(110) Primitive clone(CloneType.I2E, 0)
[22:28:49.114] [bmv2] [T] [thread 14602] [16.0] [cxt 0] advanced_tunnel.p4(185) Condition "hdr.ipv4.isValid() && !hdr.myTunnel.isValid()" (node_3) is false
[22:28:49.114] [bmv2] [T] [thread 14602] [16.0] [cxt 0] advanced_tunnel.p4(190) Condition "hdr.myTunnel.isValid()" (node_5) is false
[22:28:49.114] [bmv2] [T] [thread 14602] [16.0] [cxt 0] advanced_tunnel.p4(195) Condition "hdr.ipv4.isValid()" (node_7) is false
[22:28:49.114] [bmv2] [D] [thread 14602] [16.0] [cxt 0] Pipeline 'ingress': end
[22:28:49.114] [bmv2] [D] [thread 14602] [16.0] [cxt 0] Cloning packet at ingress
[22:28:49.114] [bmv2] [D] [thread 14602] [16.0] [cxt 0] Egress port is 0
[22:28:49.115] [bmv2] [D] [thread 14603] [16.0] [cxt 0] Pipeline 'egress': start
[22:28:49.115] [bmv2] [D] [thread 14603] [16.0] [cxt 0] Pipeline 'egress': end
[22:28:49.115] [bmv2] [D] [thread 14603] [16.0] [cxt 0] Deparser 'deparser': start
[22:28:49.115] [bmv2] [T] [thread 14603] [16.0] [cxt 0] Skipping checksum 'cksum' update because condition not met
[22:28:49.115] [bmv2] [D] [thread 14603] [16.0] [cxt 0] Deparsing header 'ethernet'
[22:28:49.115] [bmv2] [D] [thread 14603] [16.0] [cxt 0] Deparser 'deparser': end
[22:28:49.115] [bmv2] [D] [thread 14607] [16.0] [cxt 0] Transmitting packet of size 70 out of port 0
[22:28:49.212] [bmv2] [D] [thread 14602] [17.0] [cxt 0] Processing packet received on port 3
[22:28:49.212] [bmv2] [D] [thread 14602] [17.0] [cxt 0] Parser 'parser': start
[22:28:49.212] [bmv2] [D] [thread 14602] [17.0] [cxt 0] Parser 'parser' entering state 'start'
[22:28:49.212] [bmv2] [D] [thread 14602] [17.0] [cxt 0] Extracting header 'ethernet'
[22:28:49.213] [bmv2] [D] [thread 14602] [17.0] [cxt 0] Parser state 'start': key is 86dd
[22:28:49.213] [bmv2] [T] [thread 14602] [17.0] [cxt 0] Bytes parsed: 14
[22:28:49.213] [bmv2] [D] [thread 14602] [17.0] [cxt 0] Parser 'parser': end
[22:28:49.213] [bmv2] [D] [thread 14602] [17.0] [cxt 0] Pipeline 'ingress': start
[22:28:49.213] [bmv2] [T] [thread 14602] [17.0] [cxt 0] Applying table 'tbl_mirror'
[22:28:49.213] [bmv2] [D] [thread 14602] [17.0] [cxt 0] Looking up key:

[22:28:49.213] [bmv2] [D] [thread 14602] [17.0] [cxt 0] Table 'tbl_mirror': miss
[22:28:49.213] [bmv2] [D] [thread 14602] [17.0] [cxt 0] Action entry is MyIngress.mirror - 
[22:28:49.213] [bmv2] [T] [thread 14602] [17.0] [cxt 0] Action MyIngress.mirror
[22:28:49.213] [bmv2] [T] [thread 14602] [17.0] [cxt 0] advanced_tunnel.p4(110) Primitive clone(CloneType.I2E, 0)
[22:28:49.213] [bmv2] [T] [thread 14602] [17.0] [cxt 0] advanced_tunnel.p4(185) Condition "hdr.ipv4.isValid() && !hdr.myTunnel.isValid()" (node_3) is false
[22:28:49.214] [bmv2] [T] [thread 14602] [17.0] [cxt 0] advanced_tunnel.p4(190) Condition "hdr.myTunnel.isValid()" (node_5) is false
[22:28:49.214] [bmv2] [T] [thread 14602] [17.0] [cxt 0] advanced_tunnel.p4(195) Condition "hdr.ipv4.isValid()" (node_7) is false
[22:28:49.214] [bmv2] [D] [thread 14602] [17.0] [cxt 0] Pipeline 'ingress': end
[22:28:49.214] [bmv2] [D] [thread 14602] [17.0] [cxt 0] Cloning packet at ingress
[22:28:49.214] [bmv2] [D] [thread 14602] [17.0] [cxt 0] Egress port is 0
[22:28:49.215] [bmv2] [D] [thread 14603] [17.0] [cxt 0] Pipeline 'egress': start
[22:28:49.215] [bmv2] [D] [thread 14603] [17.0] [cxt 0] Pipeline 'egress': end
[22:28:49.215] [bmv2] [D] [thread 14603] [17.0] [cxt 0] Deparser 'deparser': start
[22:28:49.215] [bmv2] [T] [thread 14603] [17.0] [cxt 0] Skipping checksum 'cksum' update because condition not met
[22:28:49.215] [bmv2] [D] [thread 14603] [17.0] [cxt 0] Deparsing header 'ethernet'
[22:28:49.216] [bmv2] [D] [thread 14603] [17.0] [cxt 0] Deparser 'deparser': end
[22:28:49.216] [bmv2] [D] [thread 14607] [17.0] [cxt 0] Transmitting packet of size 70 out of port 0
[22:28:49.355] [bmv2] [D] [thread 14602] [18.0] [cxt 0] Processing packet received on port 3
[22:28:49.355] [bmv2] [D] [thread 14602] [18.0] [cxt 0] Parser 'parser': start
[22:28:49.355] [bmv2] [D] [thread 14602] [18.0] [cxt 0] Parser 'parser' entering state 'start'
[22:28:49.355] [bmv2] [D] [thread 14602] [18.0] [cxt 0] Extracting header 'ethernet'
[22:28:49.356] [bmv2] [D] [thread 14602] [18.0] [cxt 0] Parser state 'start': key is 86dd
[22:28:49.356] [bmv2] [T] [thread 14602] [18.0] [cxt 0] Bytes parsed: 14
[22:28:49.356] [bmv2] [D] [thread 14602] [18.0] [cxt 0] Parser 'parser': end
[22:28:49.356] [bmv2] [D] [thread 14602] [18.0] [cxt 0] Pipeline 'ingress': start
[22:28:49.356] [bmv2] [T] [thread 14602] [18.0] [cxt 0] Applying table 'tbl_mirror'
[22:28:49.356] [bmv2] [D] [thread 14602] [18.0] [cxt 0] Looking up key:

[22:28:49.356] [bmv2] [D] [thread 14602] [18.0] [cxt 0] Table 'tbl_mirror': miss
[22:28:49.357] [bmv2] [D] [thread 14602] [18.0] [cxt 0] Action entry is MyIngress.mirror - 
[22:28:49.357] [bmv2] [T] [thread 14602] [18.0] [cxt 0] Action MyIngress.mirror
[22:28:49.357] [bmv2] [T] [thread 14602] [18.0] [cxt 0] advanced_tunnel.p4(110) Primitive clone(CloneType.I2E, 0)
[22:28:49.357] [bmv2] [T] [thread 14602] [18.0] [cxt 0] advanced_tunnel.p4(185) Condition "hdr.ipv4.isValid() && !hdr.myTunnel.isValid()" (node_3) is false
[22:28:49.357] [bmv2] [T] [thread 14602] [18.0] [cxt 0] advanced_tunnel.p4(190) Condition "hdr.myTunnel.isValid()" (node_5) is false
[22:28:49.357] [bmv2] [T] [thread 14602] [18.0] [cxt 0] advanced_tunnel.p4(195) Condition "hdr.ipv4.isValid()" (node_7) is false
[22:28:49.357] [bmv2] [D] [thread 14602] [18.0] [cxt 0] Pipeline 'ingress': end
[22:28:49.357] [bmv2] [D] [thread 14602] [18.0] [cxt 0] Cloning packet at ingress
[22:28:49.358] [bmv2] [D] [thread 14602] [18.0] [cxt 0] Egress port is 0
[22:28:49.358] [bmv2] [D] [thread 14603] [18.0] [cxt 0] Pipeline 'egress': start
[22:28:49.358] [bmv2] [D] [thread 14603] [18.0] [cxt 0] Pipeline 'egress': end
[22:28:49.358] [bmv2] [D] [thread 14603] [18.0] [cxt 0] Deparser 'deparser': start
[22:28:49.358] [bmv2] [T] [thread 14603] [18.0] [cxt 0] Skipping checksum 'cksum' update because condition not met
[22:28:49.358] [bmv2] [D] [thread 14603] [18.0] [cxt 0] Deparsing header 'ethernet'
[22:28:49.359] [bmv2] [D] [thread 14603] [18.0] [cxt 0] Deparser 'deparser': end
[22:28:49.359] [bmv2] [D] [thread 14607] [18.0] [cxt 0] Transmitting packet of size 70 out of port 0
[22:28:49.553] [bmv2] [D] [thread 14602] [19.0] [cxt 0] Processing packet received on port 1
[22:28:49.553] [bmv2] [D] [thread 14602] [19.0] [cxt 0] Parser 'parser': start
[22:28:49.553] [bmv2] [D] [thread 14602] [19.0] [cxt 0] Parser 'parser' entering state 'start'
[22:28:49.553] [bmv2] [D] [thread 14602] [19.0] [cxt 0] Extracting header 'ethernet'
[22:28:49.553] [bmv2] [D] [thread 14602] [19.0] [cxt 0] Parser state 'start': key is 86dd
[22:28:49.554] [bmv2] [T] [thread 14602] [19.0] [cxt 0] Bytes parsed: 14
[22:28:49.554] [bmv2] [D] [thread 14602] [19.0] [cxt 0] Parser 'parser': end
[22:28:49.554] [bmv2] [D] [thread 14602] [19.0] [cxt 0] Pipeline 'ingress': start
[22:28:49.554] [bmv2] [T] [thread 14602] [19.0] [cxt 0] Applying table 'tbl_mirror'
[22:28:49.554] [bmv2] [D] [thread 14602] [19.0] [cxt 0] Looking up key:

[22:28:49.554] [bmv2] [D] [thread 14602] [19.0] [cxt 0] Table 'tbl_mirror': miss
[22:28:49.554] [bmv2] [D] [thread 14602] [19.0] [cxt 0] Action entry is MyIngress.mirror - 
[22:28:49.554] [bmv2] [T] [thread 14602] [19.0] [cxt 0] Action MyIngress.mirror
[22:28:49.554] [bmv2] [T] [thread 14602] [19.0] [cxt 0] advanced_tunnel.p4(110) Primitive clone(CloneType.I2E, 0)
[22:28:49.554] [bmv2] [T] [thread 14602] [19.0] [cxt 0] advanced_tunnel.p4(185) Condition "hdr.ipv4.isValid() && !hdr.myTunnel.isValid()" (node_3) is false
[22:28:49.555] [bmv2] [T] [thread 14602] [19.0] [cxt 0] advanced_tunnel.p4(190) Condition "hdr.myTunnel.isValid()" (node_5) is false
[22:28:49.555] [bmv2] [T] [thread 14602] [19.0] [cxt 0] advanced_tunnel.p4(195) Condition "hdr.ipv4.isValid()" (node_7) is false
[22:28:49.555] [bmv2] [D] [thread 14602] [19.0] [cxt 0] Pipeline 'ingress': end
[22:28:49.555] [bmv2] [D] [thread 14602] [19.0] [cxt 0] Cloning packet at ingress
[22:28:49.555] [bmv2] [D] [thread 14602] [19.0] [cxt 0] Egress port is 0
[22:28:49.555] [bmv2] [D] [thread 14603] [19.0] [cxt 0] Pipeline 'egress': start
[22:28:49.555] [bmv2] [D] [thread 14603] [19.0] [cxt 0] Pipeline 'egress': end
[22:28:49.555] [bmv2] [D] [thread 14603] [19.0] [cxt 0] Deparser 'deparser': start
[22:28:49.556] [bmv2] [T] [thread 14603] [19.0] [cxt 0] Skipping checksum 'cksum' update because condition not met
[22:28:49.556] [bmv2] [D] [thread 14603] [19.0] [cxt 0] Deparsing header 'ethernet'
[22:28:49.556] [bmv2] [D] [thread 14603] [19.0] [cxt 0] Deparser 'deparser': end
[22:28:49.556] [bmv2] [D] [thread 14607] [19.0] [cxt 0] Transmitting packet of size 70 out of port 0
New connection
P4Runtime SetForwardingPipelineConfig
[22:28:51.718] [bmv2] [W] [thread 14652] [P4Runtime] p4::tmp::P4DeviceConfig is deprecated
[22:28:51.721] [bmv2] [D] [thread 14652] Set default default entry for table 'tbl_mirror': MyIngress.mirror - 
[22:28:51.721] [bmv2] [D] [thread 14652] Set default default entry for table 'MyIngress.ipv4_lpm': NoAction - 
[22:28:51.721] [bmv2] [D] [thread 14652] Set default default entry for table 'MyIngress.myTunnel_exact': MyIngress.drop - 
[22:28:51.721] [bmv2] [D] [thread 14652] Set default default entry for table 'MyIngress.drop_table': NoAction - 
P4Runtime Write
device_id: 1
election_id {
  low: 1
}
updates {
  type: INSERT
  entity {
    table_entry {
      table_id: 33568551
      match {
        field_id: 1
        exact {
          value: "\000d"
        }
      }
      action {
        action {
          action_id: 16842425
          params {
            param_id: 1
            value: "\010\000\000\000\002\""
          }
          params {
            param_id: 2
            value: "\000\001"
          }
        }
      }
    }
  }
}
[22:28:51.752] [bmv2] [D] [thread 14652] Entry 0 added to table 'MyIngress.myTunnel_exact'
[22:28:51.752] [bmv2] [D] [thread 14652] Dumping entry 0
Match key:
* hdr.myTunnel.dst_id : EXACT     0064
Action entry: MyIngress.myTunnel_egress - 80000000222,1,

P4Runtime Write
device_id: 1
election_id {
  low: 1
}
updates {
  type: INSERT
  entity {
    table_entry {
      table_id: 33574068
      match {
        field_id: 1
        lpm {
          value: "\n\000\001\001"
          prefix_len: 32
        }
      }
      action {
        action {
          action_id: 16841214
          params {
            param_id: 1
            value: "\000\310"
          }
        }
      }
    }
  }
}
[22:28:51.755] [bmv2] [D] [thread 14652] Entry 0 added to table 'MyIngress.ipv4_lpm'
[22:28:51.755] [bmv2] [D] [thread 14652] Dumping entry 0
Match key:
* hdr.ipv4.dstAddr    : LPM       0a000101/32
Action entry: MyIngress.myTunnel_ingress - c8,

P4Runtime Write
device_id: 1
election_id {
  low: 1
}
updates {
  type: INSERT
  entity {
    table_entry {
      table_id: 33568551
      match {
        field_id: 1
        exact {
          value: "\000\310"
        }
      }
      action {
        action {
          action_id: 16837959
          params {
            param_id: 1
            value: "\000\002"
          }
        }
      }
    }
  }
}
[22:28:51.759] [bmv2] [D] [thread 14652] Entry 1 added to table 'MyIngress.myTunnel_exact'
[22:28:51.759] [bmv2] [D] [thread 14652] Dumping entry 1
Match key:
* hdr.myTunnel.dst_id : EXACT     00c8
Action entry: MyIngress.myTunnel_forward - 2,

P4Runtime Write
device_id: 1
election_id {
  low: 1
}
updates {
  type: INSERT
  entity {
    table_entry {
      table_id: 33574068
      match {
        field_id: 1
        lpm {
          value: "\n\000\003\003"
          prefix_len: 32
        }
      }
      action {
        action {
          action_id: 16841214
          params {
            param_id: 1
            value: "\001\364"
          }
        }
      }
    }
  }
}
[22:28:51.787] [bmv2] [D] [thread 14652] Entry 1 added to table 'MyIngress.ipv4_lpm'
[22:28:51.788] [bmv2] [D] [thread 14652] Dumping entry 1
Match key:
* hdr.ipv4.dstAddr    : LPM       0a000303/32
Action entry: MyIngress.myTunnel_ingress - 1f4,

P4Runtime Write
device_id: 1
election_id {
  low: 1
}
updates {
  type: INSERT
  entity {
    table_entry {
      table_id: 33568551
      match {
        field_id: 1
        exact {
          value: "\001\364"
        }
      }
      action {
        action {
          action_id: 16837959
          params {
            param_id: 1
            value: "\000\003"
          }
        }
      }
    }
  }
}
[22:28:51.790] [bmv2] [D] [thread 14652] Entry 2 added to table 'MyIngress.myTunnel_exact'
[22:28:51.790] [bmv2] [D] [thread 14652] Dumping entry 2
Match key:
* hdr.myTunnel.dst_id : EXACT     01f4
Action entry: MyIngress.myTunnel_forward - 3,

P4Runtime Write
device_id: 1
election_id {
  low: 1
}
updates {
  type: INSERT
  entity {
    table_entry {
      table_id: 33568551
      match {
        field_id: 1
        exact {
          value: "\002X"
        }
      }
      action {
        action {
          action_id: 16842425
          params {
            param_id: 1
            value: "\010\000\000\000\002\""
          }
          params {
            param_id: 2
            value: "\000\001"
          }
        }
      }
    }
  }
}
[22:28:51.801] [bmv2] [D] [thread 14652] Entry 3 added to table 'MyIngress.myTunnel_exact'
[22:28:51.801] [bmv2] [D] [thread 14652] Dumping entry 3
Match key:
* hdr.myTunnel.dst_id : EXACT     0258
Action entry: MyIngress.myTunnel_egress - 80000000222,1,

P4Runtime Read
device_id: 1
entities {
  table_entry {
  }
}
[22:28:53.029] [bmv2] [D] [thread 14602] [20.0] [cxt 0] Processing packet received on port 2
[22:28:53.029] [bmv2] [D] [thread 14602] [20.0] [cxt 0] Parser 'parser': start
[22:28:53.029] [bmv2] [D] [thread 14602] [20.0] [cxt 0] Parser 'parser' entering state 'start'
[22:28:53.030] [bmv2] [D] [thread 14602] [20.0] [cxt 0] Extracting header 'ethernet'
[22:28:53.030] [bmv2] [D] [thread 14602] [20.0] [cxt 0] Parser state 'start': key is 86dd
[22:28:53.030] [bmv2] [T] [thread 14602] [20.0] [cxt 0] Bytes parsed: 14
[22:28:53.030] [bmv2] [D] [thread 14602] [20.0] [cxt 0] Parser 'parser': end
[22:28:53.030] [bmv2] [D] [thread 14602] [20.0] [cxt 0] Pipeline 'ingress': start
[22:28:53.030] [bmv2] [T] [thread 14602] [20.0] [cxt 0] Applying table 'tbl_mirror'
[22:28:53.031] [bmv2] [D] [thread 14602] [20.0] [cxt 0] Looking up key:

[22:28:53.031] [bmv2] [D] [thread 14602] [20.0] [cxt 0] Table 'tbl_mirror': miss
[22:28:53.031] [bmv2] [D] [thread 14602] [20.0] [cxt 0] Action entry is MyIngress.mirror - 
[22:28:53.031] [bmv2] [T] [thread 14602] [20.0] [cxt 0] Action MyIngress.mirror
[22:28:53.031] [bmv2] [T] [thread 14602] [20.0] [cxt 0] advanced_tunnel.p4(110) Primitive clone(CloneType.I2E, 0)
[22:28:53.032] [bmv2] [T] [thread 14602] [20.0] [cxt 0] advanced_tunnel.p4(185) Condition "hdr.ipv4.isValid() && !hdr.myTunnel.isValid()" (node_3) is false
[22:28:53.032] [bmv2] [T] [thread 14602] [20.0] [cxt 0] advanced_tunnel.p4(190) Condition "hdr.myTunnel.isValid()" (node_5) is false
[22:28:53.032] [bmv2] [T] [thread 14602] [20.0] [cxt 0] advanced_tunnel.p4(195) Condition "hdr.ipv4.isValid()" (node_7) is false
[22:28:53.032] [bmv2] [D] [thread 14602] [20.0] [cxt 0] Pipeline 'ingress': end
[22:28:53.032] [bmv2] [D] [thread 14602] [20.0] [cxt 0] Cloning packet at ingress
[22:28:53.032] [bmv2] [D] [thread 14602] [20.0] [cxt 0] Egress port is 0
[22:28:53.033] [bmv2] [D] [thread 14603] [20.0] [cxt 0] Pipeline 'egress': start
[22:28:53.033] [bmv2] [D] [thread 14603] [20.0] [cxt 0] Pipeline 'egress': end
[22:28:53.033] [bmv2] [D] [thread 14603] [20.0] [cxt 0] Deparser 'deparser': start
[22:28:53.033] [bmv2] [T] [thread 14603] [20.0] [cxt 0] Skipping checksum 'cksum' update because condition not met
[22:28:53.033] [bmv2] [D] [thread 14603] [20.0] [cxt 0] Deparsing header 'ethernet'
[22:28:53.033] [bmv2] [D] [thread 14603] [20.0] [cxt 0] Deparser 'deparser': end
[22:28:53.033] [bmv2] [D] [thread 14607] [20.0] [cxt 0] Transmitting packet of size 70 out of port 0
[22:28:53.118] [bmv2] [D] [thread 14602] [21.0] [cxt 0] Processing packet received on port 2
[22:28:53.118] [bmv2] [D] [thread 14602] [21.0] [cxt 0] Parser 'parser': start
[22:28:53.118] [bmv2] [D] [thread 14602] [21.0] [cxt 0] Parser 'parser' entering state 'start'
[22:28:53.118] [bmv2] [D] [thread 14602] [21.0] [cxt 0] Extracting header 'ethernet'
[22:28:53.118] [bmv2] [D] [thread 14602] [21.0] [cxt 0] Parser state 'start': key is 86dd
[22:28:53.119] [bmv2] [T] [thread 14602] [21.0] [cxt 0] Bytes parsed: 14
[22:28:53.119] [bmv2] [D] [thread 14602] [21.0] [cxt 0] Parser 'parser': end
[22:28:53.119] [bmv2] [D] [thread 14602] [21.0] [cxt 0] Pipeline 'ingress': start
[22:28:53.119] [bmv2] [T] [thread 14602] [21.0] [cxt 0] Applying table 'tbl_mirror'
[22:28:53.119] [bmv2] [D] [thread 14602] [21.0] [cxt 0] Looking up key:

[22:28:53.119] [bmv2] [D] [thread 14602] [21.0] [cxt 0] Table 'tbl_mirror': miss
[22:28:53.119] [bmv2] [D] [thread 14602] [21.0] [cxt 0] Action entry is MyIngress.mirror - 
[22:28:53.119] [bmv2] [T] [thread 14602] [21.0] [cxt 0] Action MyIngress.mirror
[22:28:53.119] [bmv2] [T] [thread 14602] [21.0] [cxt 0] advanced_tunnel.p4(110) Primitive clone(CloneType.I2E, 0)
[22:28:53.120] [bmv2] [T] [thread 14602] [21.0] [cxt 0] advanced_tunnel.p4(185) Condition "hdr.ipv4.isValid() && !hdr.myTunnel.isValid()" (node_3) is false
[22:28:53.120] [bmv2] [T] [thread 14602] [21.0] [cxt 0] advanced_tunnel.p4(190) Condition "hdr.myTunnel.isValid()" (node_5) is false
[22:28:53.120] [bmv2] [T] [thread 14602] [21.0] [cxt 0] advanced_tunnel.p4(195) Condition "hdr.ipv4.isValid()" (node_7) is false
[22:28:53.120] [bmv2] [D] [thread 14602] [21.0] [cxt 0] Pipeline 'ingress': end
[22:28:53.120] [bmv2] [D] [thread 14602] [21.0] [cxt 0] Cloning packet at ingress
[22:28:53.120] [bmv2] [D] [thread 14602] [21.0] [cxt 0] Egress port is 0
[22:28:53.120] [bmv2] [D] [thread 14603] [21.0] [cxt 0] Pipeline 'egress': start
[22:28:53.120] [bmv2] [D] [thread 14603] [21.0] [cxt 0] Pipeline 'egress': end
[22:28:53.120] [bmv2] [D] [thread 14603] [21.0] [cxt 0] Deparser 'deparser': start
[22:28:53.120] [bmv2] [T] [thread 14603] [21.0] [cxt 0] Skipping checksum 'cksum' update because condition not met
[22:28:53.121] [bmv2] [D] [thread 14603] [21.0] [cxt 0] Deparsing header 'ethernet'
[22:28:53.121] [bmv2] [D] [thread 14603] [21.0] [cxt 0] Deparser 'deparser': end
[22:28:53.121] [bmv2] [D] [thread 14607] [21.0] [cxt 0] Transmitting packet of size 70 out of port 0
[22:28:53.213] [bmv2] [D] [thread 14602] [22.0] [cxt 0] Processing packet received on port 3
[22:28:53.213] [bmv2] [D] [thread 14602] [22.0] [cxt 0] Parser 'parser': start
[22:28:53.213] [bmv2] [D] [thread 14602] [22.0] [cxt 0] Parser 'parser' entering state 'start'
[22:28:53.213] [bmv2] [D] [thread 14602] [22.0] [cxt 0] Extracting header 'ethernet'
[22:28:53.214] [bmv2] [D] [thread 14602] [22.0] [cxt 0] Parser state 'start': key is 86dd
[22:28:53.214] [bmv2] [T] [thread 14602] [22.0] [cxt 0] Bytes parsed: 14
[22:28:53.214] [bmv2] [D] [thread 14602] [22.0] [cxt 0] Parser 'parser': end
[22:28:53.214] [bmv2] [D] [thread 14602] [22.0] [cxt 0] Pipeline 'ingress': start
[22:28:53.214] [bmv2] [T] [thread 14602] [22.0] [cxt 0] Applying table 'tbl_mirror'
[22:28:53.214] [bmv2] [D] [thread 14602] [22.0] [cxt 0] Looking up key:

[22:28:53.215] [bmv2] [D] [thread 14602] [22.0] [cxt 0] Table 'tbl_mirror': miss
[22:28:53.215] [bmv2] [D] [thread 14602] [22.0] [cxt 0] Action entry is MyIngress.mirror - 
[22:28:53.215] [bmv2] [T] [thread 14602] [22.0] [cxt 0] Action MyIngress.mirror
[22:28:53.215] [bmv2] [T] [thread 14602] [22.0] [cxt 0] advanced_tunnel.p4(110) Primitive clone(CloneType.I2E, 0)
[22:28:53.215] [bmv2] [T] [thread 14602] [22.0] [cxt 0] advanced_tunnel.p4(185) Condition "hdr.ipv4.isValid() && !hdr.myTunnel.isValid()" (node_3) is false
[22:28:53.216] [bmv2] [T] [thread 14602] [22.0] [cxt 0] advanced_tunnel.p4(190) Condition "hdr.myTunnel.isValid()" (node_5) is false
[22:28:53.216] [bmv2] [T] [thread 14602] [22.0] [cxt 0] advanced_tunnel.p4(195) Condition "hdr.ipv4.isValid()" (node_7) is false
[22:28:53.216] [bmv2] [D] [thread 14602] [22.0] [cxt 0] Pipeline 'ingress': end
[22:28:53.216] [bmv2] [D] [thread 14602] [22.0] [cxt 0] Cloning packet at ingress
[22:28:53.216] [bmv2] [D] [thread 14602] [22.0] [cxt 0] Egress port is 0
[22:28:53.216] [bmv2] [D] [thread 14603] [22.0] [cxt 0] Pipeline 'egress': start
[22:28:53.216] [bmv2] [D] [thread 14603] [22.0] [cxt 0] Pipeline 'egress': end
[22:28:53.217] [bmv2] [D] [thread 14603] [22.0] [cxt 0] Deparser 'deparser': start
[22:28:53.217] [bmv2] [T] [thread 14603] [22.0] [cxt 0] Skipping checksum 'cksum' update because condition not met
[22:28:53.217] [bmv2] [D] [thread 14603] [22.0] [cxt 0] Deparsing header 'ethernet'
[22:28:53.217] [bmv2] [D] [thread 14603] [22.0] [cxt 0] Deparser 'deparser': end
[22:28:53.217] [bmv2] [D] [thread 14607] [22.0] [cxt 0] Transmitting packet of size 70 out of port 0
[22:28:53.357] [bmv2] [D] [thread 14602] [23.0] [cxt 0] Processing packet received on port 3
[22:28:53.357] [bmv2] [D] [thread 14602] [23.0] [cxt 0] Parser 'parser': start
[22:28:53.358] [bmv2] [D] [thread 14602] [23.0] [cxt 0] Parser 'parser' entering state 'start'
[22:28:53.358] [bmv2] [D] [thread 14602] [23.0] [cxt 0] Extracting header 'ethernet'
[22:28:53.358] [bmv2] [D] [thread 14602] [23.0] [cxt 0] Parser state 'start': key is 86dd
[22:28:53.358] [bmv2] [T] [thread 14602] [23.0] [cxt 0] Bytes parsed: 14
[22:28:53.358] [bmv2] [D] [thread 14602] [23.0] [cxt 0] Parser 'parser': end
[22:28:53.358] [bmv2] [D] [thread 14602] [23.0] [cxt 0] Pipeline 'ingress': start
[22:28:53.359] [bmv2] [T] [thread 14602] [23.0] [cxt 0] Applying table 'tbl_mirror'
[22:28:53.359] [bmv2] [D] [thread 14602] [23.0] [cxt 0] Looking up key:

[22:28:53.359] [bmv2] [D] [thread 14602] [23.0] [cxt 0] Table 'tbl_mirror': miss
[22:28:53.359] [bmv2] [D] [thread 14602] [23.0] [cxt 0] Action entry is MyIngress.mirror - 
[22:28:53.359] [bmv2] [T] [thread 14602] [23.0] [cxt 0] Action MyIngress.mirror
[22:28:53.359] [bmv2] [T] [thread 14602] [23.0] [cxt 0] advanced_tunnel.p4(110) Primitive clone(CloneType.I2E, 0)
[22:28:53.359] [bmv2] [T] [thread 14602] [23.0] [cxt 0] advanced_tunnel.p4(185) Condition "hdr.ipv4.isValid() && !hdr.myTunnel.isValid()" (node_3) is false
[22:28:53.360] [bmv2] [T] [thread 14602] [23.0] [cxt 0] advanced_tunnel.p4(190) Condition "hdr.myTunnel.isValid()" (node_5) is false
[22:28:53.360] [bmv2] [T] [thread 14602] [23.0] [cxt 0] advanced_tunnel.p4(195) Condition "hdr.ipv4.isValid()" (node_7) is false
[22:28:53.360] [bmv2] [D] [thread 14602] [23.0] [cxt 0] Pipeline 'ingress': end
[22:28:53.360] [bmv2] [D] [thread 14602] [23.0] [cxt 0] Cloning packet at ingress
[22:28:53.360] [bmv2] [D] [thread 14602] [23.0] [cxt 0] Egress port is 0
[22:28:53.360] [bmv2] [D] [thread 14603] [23.0] [cxt 0] Pipeline 'egress': start
[22:28:53.360] [bmv2] [D] [thread 14603] [23.0] [cxt 0] Pipeline 'egress': end
[22:28:53.360] [bmv2] [D] [thread 14603] [23.0] [cxt 0] Deparser 'deparser': start
[22:28:53.361] [bmv2] [T] [thread 14603] [23.0] [cxt 0] Skipping checksum 'cksum' update because condition not met
[22:28:53.361] [bmv2] [D] [thread 14603] [23.0] [cxt 0] Deparsing header 'ethernet'
[22:28:53.361] [bmv2] [D] [thread 14603] [23.0] [cxt 0] Deparser 'deparser': end
[22:28:53.361] [bmv2] [D] [thread 14607] [23.0] [cxt 0] Transmitting packet of size 70 out of port 0
[22:28:53.569] [bmv2] [D] [thread 14602] [24.0] [cxt 0] Processing packet received on port 1
[22:28:53.569] [bmv2] [D] [thread 14602] [24.0] [cxt 0] Parser 'parser': start
[22:28:53.569] [bmv2] [D] [thread 14602] [24.0] [cxt 0] Parser 'parser' entering state 'start'
[22:28:53.569] [bmv2] [D] [thread 14602] [24.0] [cxt 0] Extracting header 'ethernet'
[22:28:53.570] [bmv2] [D] [thread 14602] [24.0] [cxt 0] Parser state 'start': key is 86dd
[22:28:53.570] [bmv2] [T] [thread 14602] [24.0] [cxt 0] Bytes parsed: 14
[22:28:53.570] [bmv2] [D] [thread 14602] [24.0] [cxt 0] Parser 'parser': end
[22:28:53.570] [bmv2] [D] [thread 14602] [24.0] [cxt 0] Pipeline 'ingress': start
[22:28:53.571] [bmv2] [T] [thread 14602] [24.0] [cxt 0] Applying table 'tbl_mirror'
[22:28:53.571] [bmv2] [D] [thread 14602] [24.0] [cxt 0] Looking up key:

[22:28:53.571] [bmv2] [D] [thread 14602] [24.0] [cxt 0] Table 'tbl_mirror': miss
[22:28:53.571] [bmv2] [D] [thread 14602] [24.0] [cxt 0] Action entry is MyIngress.mirror - 
[22:28:53.571] [bmv2] [T] [thread 14602] [24.0] [cxt 0] Action MyIngress.mirror
[22:28:53.571] [bmv2] [T] [thread 14602] [24.0] [cxt 0] advanced_tunnel.p4(110) Primitive clone(CloneType.I2E, 0)
[22:28:53.572] [bmv2] [T] [thread 14602] [24.0] [cxt 0] advanced_tunnel.p4(185) Condition "hdr.ipv4.isValid() && !hdr.myTunnel.isValid()" (node_3) is false
[22:28:53.572] [bmv2] [T] [thread 14602] [24.0] [cxt 0] advanced_tunnel.p4(190) Condition "hdr.myTunnel.isValid()" (node_5) is false
[22:28:53.572] [bmv2] [T] [thread 14602] [24.0] [cxt 0] advanced_tunnel.p4(195) Condition "hdr.ipv4.isValid()" (node_7) is false
[22:28:53.572] [bmv2] [D] [thread 14602] [24.0] [cxt 0] Pipeline 'ingress': end
[22:28:53.572] [bmv2] [D] [thread 14602] [24.0] [cxt 0] Cloning packet at ingress
[22:28:53.572] [bmv2] [D] [thread 14602] [24.0] [cxt 0] Egress port is 0
[22:28:53.572] [bmv2] [D] [thread 14603] [24.0] [cxt 0] Pipeline 'egress': start
[22:28:53.572] [bmv2] [D] [thread 14603] [24.0] [cxt 0] Pipeline 'egress': end
[22:28:53.572] [bmv2] [D] [thread 14603] [24.0] [cxt 0] Deparser 'deparser': start
[22:28:53.573] [bmv2] [T] [thread 14603] [24.0] [cxt 0] Skipping checksum 'cksum' update because condition not met
[22:28:53.573] [bmv2] [D] [thread 14603] [24.0] [cxt 0] Deparsing header 'ethernet'
[22:28:53.573] [bmv2] [D] [thread 14603] [24.0] [cxt 0] Deparser 'deparser': end
[22:28:53.573] [bmv2] [D] [thread 14607] [24.0] [cxt 0] Transmitting packet of size 70 out of port 0
[22:28:57.192] [bmv2] [D] [thread 14602] [25.0] [cxt 0] Processing packet received on port 2
[22:28:57.192] [bmv2] [D] [thread 14602] [25.0] [cxt 0] Parser 'parser': start
[22:28:57.192] [bmv2] [D] [thread 14602] [25.0] [cxt 0] Parser 'parser' entering state 'start'
[22:28:57.192] [bmv2] [D] [thread 14602] [25.0] [cxt 0] Extracting header 'ethernet'
[22:28:57.193] [bmv2] [D] [thread 14602] [25.0] [cxt 0] Parser state 'start': key is 1212
[22:28:57.193] [bmv2] [T] [thread 14602] [25.0] [cxt 0] Bytes parsed: 14
[22:28:57.193] [bmv2] [D] [thread 14602] [25.0] [cxt 0] Parser 'parser' entering state 'parse_myTunnel'
[22:28:57.193] [bmv2] [D] [thread 14602] [25.0] [cxt 0] Extracting header 'myTunnel'
[22:28:57.193] [bmv2] [D] [thread 14602] [25.0] [cxt 0] Parser state 'parse_myTunnel': key is 0800
[22:28:57.193] [bmv2] [T] [thread 14602] [25.0] [cxt 0] Bytes parsed: 18
[22:28:57.193] [bmv2] [D] [thread 14602] [25.0] [cxt 0] Parser 'parser' entering state 'parse_ipv4'
[22:28:57.194] [bmv2] [D] [thread 14602] [25.0] [cxt 0] Extracting header 'ipv4'
[22:28:57.194] [bmv2] [D] [thread 14602] [25.0] [cxt 0] Parser state 'parse_ipv4' has no switch, going to default next state
[22:28:57.194] [bmv2] [T] [thread 14602] [25.0] [cxt 0] Bytes parsed: 38
[22:28:57.194] [bmv2] [D] [thread 14602] [25.0] [cxt 0] Parser 'parser': end
[22:28:57.194] [bmv2] [D] [thread 14602] [25.0] [cxt 0] Pipeline 'ingress': start
[22:28:57.194] [bmv2] [T] [thread 14602] [25.0] [cxt 0] Applying table 'tbl_mirror'
[22:28:57.195] [bmv2] [D] [thread 14602] [25.0] [cxt 0] Looking up key:

[22:28:57.195] [bmv2] [D] [thread 14602] [25.0] [cxt 0] Table 'tbl_mirror': miss
[22:28:57.195] [bmv2] [D] [thread 14602] [25.0] [cxt 0] Action entry is MyIngress.mirror - 
[22:28:57.195] [bmv2] [T] [thread 14602] [25.0] [cxt 0] Action MyIngress.mirror
[22:28:57.195] [bmv2] [T] [thread 14602] [25.0] [cxt 0] advanced_tunnel.p4(110) Primitive clone(CloneType.I2E, 0)
[22:28:57.196] [bmv2] [T] [thread 14602] [25.0] [cxt 0] advanced_tunnel.p4(185) Condition "hdr.ipv4.isValid() && !hdr.myTunnel.isValid()" (node_3) is false
[22:28:57.196] [bmv2] [T] [thread 14602] [25.0] [cxt 0] advanced_tunnel.p4(190) Condition "hdr.myTunnel.isValid()" (node_5) is true
[22:28:57.196] [bmv2] [T] [thread 14602] [25.0] [cxt 0] Applying table 'MyIngress.myTunnel_exact'
[22:28:57.196] [bmv2] [D] [thread 14602] [25.0] [cxt 0] Looking up key:
* hdr.myTunnel.dst_id : 0064

[22:28:57.196] [bmv2] [D] [thread 14602] [25.0] [cxt 0] Table 'MyIngress.myTunnel_exact': hit with handle 0
[22:28:57.197] [bmv2] [D] [thread 14602] [25.0] [cxt 0] Dumping entry 0
Match key:
* hdr.myTunnel.dst_id : EXACT     0064
Action entry: MyIngress.myTunnel_egress - 80000000222,1,

[22:28:57.197] [bmv2] [D] [thread 14602] [25.0] [cxt 0] Action entry is MyIngress.myTunnel_egress - 80000000222,1,
[22:28:57.197] [bmv2] [T] [thread 14602] [25.0] [cxt 0] Action MyIngress.myTunnel_egress
[22:28:57.197] [bmv2] [T] [thread 14602] [25.0] [cxt 0] advanced_tunnel.p4(137) Primitive standard_metadata.egress_spec = port
[22:28:57.197] [bmv2] [T] [thread 14602] [25.0] [cxt 0] advanced_tunnel.p4(138) Primitive hdr.ethernet.dstAddr = dstAddr
[22:28:57.197] [bmv2] [T] [thread 14602] [25.0] [cxt 0] advanced_tunnel.p4(139) Primitive hdr.ethernet.etherType = hdr.myTunnel.proto_id
[22:28:57.197] [bmv2] [T] [thread 14602] [25.0] [cxt 0] advanced_tunnel.p4(140) Primitive hdr.myTunnel.setInvalid()
[22:28:57.198] [bmv2] [T] [thread 14602] [25.0] [cxt 0] advanced_tunnel.p4(141) Primitive (bit<32>) hdr.myTunnel.dst_id
[22:28:57.198] [bmv2] [T] [thread 14602] [25.0] [cxt 0] advanced_tunnel.p4(141) Primitive egressTunnelCounter.count((bit<32>) hdr.myTunnel.dst_id)
[22:28:57.198] [bmv2] [T] [thread 14602] [25.0] [cxt 0] Updated counter 'MyIngress.egressTunnelCounter' at index 100
[22:28:57.198] [bmv2] [T] [thread 14602] [25.0] [cxt 0] advanced_tunnel.p4(195) Condition "hdr.ipv4.isValid()" (node_7) is true
[22:28:57.198] [bmv2] [T] [thread 14602] [25.0] [cxt 0] Applying table 'MyIngress.drop_table'
[22:28:57.198] [bmv2] [D] [thread 14602] [25.0] [cxt 0] Looking up key:
* hdr.ipv4.srcAddr    : 0a000101

[22:28:57.198] [bmv2] [D] [thread 14602] [25.0] [cxt 0] Table 'MyIngress.drop_table': miss
[22:28:57.199] [bmv2] [D] [thread 14602] [25.0] [cxt 0] Action entry is NoAction - 
[22:28:57.199] [bmv2] [T] [thread 14602] [25.0] [cxt 0] Action NoAction
[22:28:57.199] [bmv2] [D] [thread 14602] [25.0] [cxt 0] Pipeline 'ingress': end
[22:28:57.199] [bmv2] [D] [thread 14602] [25.0] [cxt 0] Cloning packet at ingress
[22:28:57.199] [bmv2] [D] [thread 14602] [25.0] [cxt 0] Egress port is 1
[22:28:57.199] [bmv2] [D] [thread 14604] [25.0] [cxt 0] Pipeline 'egress': start
[22:28:57.199] [bmv2] [D] [thread 14604] [25.0] [cxt 0] Pipeline 'egress': end
[22:28:57.200] [bmv2] [D] [thread 14604] [25.0] [cxt 0] Deparser 'deparser': start
[22:28:57.200] [bmv2] [D] [thread 14604] [25.0] [cxt 0] Updating checksum 'cksum'
[22:28:57.200] [bmv2] [D] [thread 14604] [25.0] [cxt 0] Deparsing header 'ethernet'
[22:28:57.200] [bmv2] [D] [thread 14604] [25.0] [cxt 0] Deparsing header 'ipv4'
[22:28:57.200] [bmv2] [D] [thread 14604] [25.0] [cxt 0] Deparser 'deparser': end
[22:28:57.200] [bmv2] [D] [thread 14607] [25.0] [cxt 0] Transmitting packet of size 98 out of port 1
[22:28:57.201] [bmv2] [D] [thread 14602] [26.0] [cxt 0] Processing packet received on port 1
[22:28:57.201] [bmv2] [D] [thread 14602] [26.0] [cxt 0] Parser 'parser': start
[22:28:57.201] [bmv2] [D] [thread 14602] [26.0] [cxt 0] Parser 'parser' entering state 'start'
[22:28:57.201] [bmv2] [D] [thread 14602] [26.0] [cxt 0] Extracting header 'ethernet'
[22:28:57.201] [bmv2] [D] [thread 14602] [26.0] [cxt 0] Parser state 'start': key is 0800
[22:28:57.201] [bmv2] [T] [thread 14602] [26.0] [cxt 0] Bytes parsed: 14
[22:28:57.202] [bmv2] [D] [thread 14602] [26.0] [cxt 0] Parser 'parser' entering state 'parse_ipv4'
[22:28:57.202] [bmv2] [D] [thread 14602] [26.0] [cxt 0] Extracting header 'ipv4'
[22:28:57.202] [bmv2] [D] [thread 14602] [26.0] [cxt 0] Parser state 'parse_ipv4' has no switch, going to default next state
[22:28:57.202] [bmv2] [T] [thread 14602] [26.0] [cxt 0] Bytes parsed: 34
[22:28:57.202] [bmv2] [D] [thread 14602] [26.0] [cxt 0] Parser 'parser': end
[22:28:57.202] [bmv2] [D] [thread 14602] [26.0] [cxt 0] Pipeline 'ingress': start
[22:28:57.202] [bmv2] [T] [thread 14602] [26.0] [cxt 0] Applying table 'tbl_mirror'
[22:28:57.203] [bmv2] [D] [thread 14602] [26.0] [cxt 0] Looking up key:

[22:28:57.203] [bmv2] [D] [thread 14602] [26.0] [cxt 0] Table 'tbl_mirror': miss
[22:28:57.203] [bmv2] [D] [thread 14602] [26.0] [cxt 0] Action entry is MyIngress.mirror - 
[22:28:57.203] [bmv2] [T] [thread 14602] [26.0] [cxt 0] Action MyIngress.mirror
[22:28:57.203] [bmv2] [T] [thread 14602] [26.0] [cxt 0] advanced_tunnel.p4(110) Primitive clone(CloneType.I2E, 0)
[22:28:57.203] [bmv2] [T] [thread 14602] [26.0] [cxt 0] advanced_tunnel.p4(185) Condition "hdr.ipv4.isValid() && !hdr.myTunnel.isValid()" (node_3) is true
[22:28:57.203] [bmv2] [T] [thread 14602] [26.0] [cxt 0] Applying table 'MyIngress.ipv4_lpm'
[22:28:57.204] [bmv2] [D] [thread 14602] [26.0] [cxt 0] Looking up key:
* hdr.ipv4.dstAddr    : 0a000101

[22:28:57.204] [bmv2] [D] [thread 14602] [26.0] [cxt 0] Table 'MyIngress.ipv4_lpm': hit with handle 0
[22:28:57.204] [bmv2] [D] [thread 14602] [26.0] [cxt 0] Dumping entry 0
Match key:
* hdr.ipv4.dstAddr    : LPM       0a000101/32
Action entry: MyIngress.myTunnel_ingress - c8,

[22:28:57.204] [bmv2] [D] [thread 14602] [26.0] [cxt 0] Action entry is MyIngress.myTunnel_ingress - c8,
[22:28:57.204] [bmv2] [T] [thread 14602] [26.0] [cxt 0] Action MyIngress.myTunnel_ingress
[22:28:57.205] [bmv2] [T] [thread 14602] [26.0] [cxt 0] advanced_tunnel.p4(125) Primitive hdr.myTunnel.setValid()
[22:28:57.205] [bmv2] [T] [thread 14602] [26.0] [cxt 0] advanced_tunnel.p4(126) Primitive hdr.myTunnel.dst_id = dst_id
[22:28:57.205] [bmv2] [T] [thread 14602] [26.0] [cxt 0] advanced_tunnel.p4(127) Primitive hdr.myTunnel.proto_id = hdr.ethernet.etherType
[22:28:57.205] [bmv2] [T] [thread 14602] [26.0] [cxt 0] advanced_tunnel.p4(4) Primitive 0x1212; ...
[22:28:57.205] [bmv2] [T] [thread 14602] [26.0] [cxt 0] advanced_tunnel.p4(129) Primitive (bit<32>) hdr.myTunnel.dst_id
[22:28:57.205] [bmv2] [T] [thread 14602] [26.0] [cxt 0] advanced_tunnel.p4(129) Primitive ingressTunnelCounter.count((bit<32>) hdr.myTunnel.dst_id)
[22:28:57.205] [bmv2] [T] [thread 14602] [26.0] [cxt 0] Updated counter 'MyIngress.ingressTunnelCounter' at index 200
[22:28:57.205] [bmv2] [T] [thread 14602] [26.0] [cxt 0] advanced_tunnel.p4(190) Condition "hdr.myTunnel.isValid()" (node_5) is true
[22:28:57.206] [bmv2] [T] [thread 14602] [26.0] [cxt 0] Applying table 'MyIngress.myTunnel_exact'
[22:28:57.206] [bmv2] [D] [thread 14602] [26.0] [cxt 0] Looking up key:
* hdr.myTunnel.dst_id : 00c8

[22:28:57.206] [bmv2] [D] [thread 14602] [26.0] [cxt 0] Table 'MyIngress.myTunnel_exact': hit with handle 1
[22:28:57.206] [bmv2] [D] [thread 14602] [26.0] [cxt 0] Dumping entry 1
Match key:
* hdr.myTunnel.dst_id : EXACT     00c8
Action entry: MyIngress.myTunnel_forward - 2,

[22:28:57.206] [bmv2] [D] [thread 14602] [26.0] [cxt 0] Action entry is MyIngress.myTunnel_forward - 2,
[22:28:57.207] [bmv2] [T] [thread 14602] [26.0] [cxt 0] Action MyIngress.myTunnel_forward
[22:28:57.207] [bmv2] [T] [thread 14602] [26.0] [cxt 0] advanced_tunnel.p4(133) Primitive standard_metadata.egress_spec = port
[22:28:57.207] [bmv2] [T] [thread 14602] [26.0] [cxt 0] advanced_tunnel.p4(195) Condition "hdr.ipv4.isValid()" (node_7) is true
[22:28:57.207] [bmv2] [T] [thread 14602] [26.0] [cxt 0] Applying table 'MyIngress.drop_table'
[22:28:57.207] [bmv2] [D] [thread 14602] [26.0] [cxt 0] Looking up key:
* hdr.ipv4.srcAddr    : 0a000202

[22:28:57.208] [bmv2] [D] [thread 14602] [26.0] [cxt 0] Table 'MyIngress.drop_table': miss
[22:28:57.208] [bmv2] [D] [thread 14602] [26.0] [cxt 0] Action entry is NoAction - 
[22:28:57.208] [bmv2] [T] [thread 14602] [26.0] [cxt 0] Action NoAction
[22:28:57.208] [bmv2] [D] [thread 14602] [26.0] [cxt 0] Pipeline 'ingress': end
[22:28:57.208] [bmv2] [D] [thread 14602] [26.0] [cxt 0] Cloning packet at ingress
[22:28:57.208] [bmv2] [D] [thread 14602] [26.0] [cxt 0] Egress port is 2
[22:28:57.208] [bmv2] [D] [thread 14605] [26.0] [cxt 0] Pipeline 'egress': start
[22:28:57.209] [bmv2] [D] [thread 14605] [26.0] [cxt 0] Pipeline 'egress': end
[22:28:57.209] [bmv2] [D] [thread 14605] [26.0] [cxt 0] Deparser 'deparser': start
[22:28:57.209] [bmv2] [D] [thread 14605] [26.0] [cxt 0] Updating checksum 'cksum'
[22:28:57.209] [bmv2] [D] [thread 14605] [26.0] [cxt 0] Deparsing header 'ethernet'
[22:28:57.209] [bmv2] [D] [thread 14605] [26.0] [cxt 0] Deparsing header 'myTunnel'
[22:28:57.210] [bmv2] [D] [thread 14605] [26.0] [cxt 0] Deparsing header 'ipv4'
[22:28:57.210] [bmv2] [D] [thread 14605] [26.0] [cxt 0] Deparser 'deparser': end
[22:28:57.210] [bmv2] [D] [thread 14607] [26.0] [cxt 0] Transmitting packet of size 102 out of port 2
[22:28:58.228] [bmv2] [D] [thread 14602] [27.0] [cxt 0] Processing packet received on port 2
[22:28:58.229] [bmv2] [D] [thread 14602] [27.0] [cxt 0] Parser 'parser': start
[22:28:58.229] [bmv2] [D] [thread 14602] [27.0] [cxt 0] Parser 'parser' entering state 'start'
[22:28:58.229] [bmv2] [D] [thread 14602] [27.0] [cxt 0] Extracting header 'ethernet'
[22:28:58.229] [bmv2] [D] [thread 14602] [27.0] [cxt 0] Parser state 'start': key is 1212
[22:28:58.229] [bmv2] [T] [thread 14602] [27.0] [cxt 0] Bytes parsed: 14
[22:28:58.230] [bmv2] [D] [thread 14602] [27.0] [cxt 0] Parser 'parser' entering state 'parse_myTunnel'
[22:28:58.230] [bmv2] [D] [thread 14602] [27.0] [cxt 0] Extracting header 'myTunnel'
[22:28:58.230] [bmv2] [D] [thread 14602] [27.0] [cxt 0] Parser state 'parse_myTunnel': key is 0800
[22:28:58.230] [bmv2] [T] [thread 14602] [27.0] [cxt 0] Bytes parsed: 18
[22:28:58.230] [bmv2] [D] [thread 14602] [27.0] [cxt 0] Parser 'parser' entering state 'parse_ipv4'
[22:28:58.230] [bmv2] [D] [thread 14602] [27.0] [cxt 0] Extracting header 'ipv4'
[22:28:58.231] [bmv2] [D] [thread 14602] [27.0] [cxt 0] Parser state 'parse_ipv4' has no switch, going to default next state
[22:28:58.231] [bmv2] [T] [thread 14602] [27.0] [cxt 0] Bytes parsed: 38
[22:28:58.231] [bmv2] [D] [thread 14602] [27.0] [cxt 0] Parser 'parser': end
[22:28:58.231] [bmv2] [D] [thread 14602] [27.0] [cxt 0] Pipeline 'ingress': start
[22:28:58.231] [bmv2] [T] [thread 14602] [27.0] [cxt 0] Applying table 'tbl_mirror'
[22:28:58.232] [bmv2] [D] [thread 14602] [27.0] [cxt 0] Looking up key:

[22:28:58.232] [bmv2] [D] [thread 14602] [27.0] [cxt 0] Table 'tbl_mirror': miss
[22:28:58.232] [bmv2] [D] [thread 14602] [27.0] [cxt 0] Action entry is MyIngress.mirror - 
[22:28:58.232] [bmv2] [T] [thread 14602] [27.0] [cxt 0] Action MyIngress.mirror
[22:28:58.232] [bmv2] [T] [thread 14602] [27.0] [cxt 0] advanced_tunnel.p4(110) Primitive clone(CloneType.I2E, 0)
[22:28:58.233] [bmv2] [T] [thread 14602] [27.0] [cxt 0] advanced_tunnel.p4(185) Condition "hdr.ipv4.isValid() && !hdr.myTunnel.isValid()" (node_3) is false
[22:28:58.233] [bmv2] [T] [thread 14602] [27.0] [cxt 0] advanced_tunnel.p4(190) Condition "hdr.myTunnel.isValid()" (node_5) is true
[22:28:58.233] [bmv2] [T] [thread 14602] [27.0] [cxt 0] Applying table 'MyIngress.myTunnel_exact'
[22:28:58.233] [bmv2] [D] [thread 14602] [27.0] [cxt 0] Looking up key:
* hdr.myTunnel.dst_id : 0064

[22:28:58.233] [bmv2] [D] [thread 14602] [27.0] [cxt 0] Table 'MyIngress.myTunnel_exact': hit with handle 0
[22:28:58.233] [bmv2] [D] [thread 14602] [27.0] [cxt 0] Dumping entry 0
Match key:
* hdr.myTunnel.dst_id : EXACT     0064
Action entry: MyIngress.myTunnel_egress - 80000000222,1,

[22:28:58.234] [bmv2] [D] [thread 14602] [27.0] [cxt 0] Action entry is MyIngress.myTunnel_egress - 80000000222,1,
[22:28:58.234] [bmv2] [T] [thread 14602] [27.0] [cxt 0] Action MyIngress.myTunnel_egress
[22:28:58.234] [bmv2] [T] [thread 14602] [27.0] [cxt 0] advanced_tunnel.p4(137) Primitive standard_metadata.egress_spec = port
[22:28:58.234] [bmv2] [T] [thread 14602] [27.0] [cxt 0] advanced_tunnel.p4(138) Primitive hdr.ethernet.dstAddr = dstAddr
[22:28:58.234] [bmv2] [T] [thread 14602] [27.0] [cxt 0] advanced_tunnel.p4(139) Primitive hdr.ethernet.etherType = hdr.myTunnel.proto_id
[22:28:58.234] [bmv2] [T] [thread 14602] [27.0] [cxt 0] advanced_tunnel.p4(140) Primitive hdr.myTunnel.setInvalid()
[22:28:58.235] [bmv2] [T] [thread 14602] [27.0] [cxt 0] advanced_tunnel.p4(141) Primitive (bit<32>) hdr.myTunnel.dst_id
[22:28:58.235] [bmv2] [T] [thread 14602] [27.0] [cxt 0] advanced_tunnel.p4(141) Primitive egressTunnelCounter.count((bit<32>) hdr.myTunnel.dst_id)
[22:28:58.235] [bmv2] [T] [thread 14602] [27.0] [cxt 0] Updated counter 'MyIngress.egressTunnelCounter' at index 100
[22:28:58.235] [bmv2] [T] [thread 14602] [27.0] [cxt 0] advanced_tunnel.p4(195) Condition "hdr.ipv4.isValid()" (node_7) is true
[22:28:58.235] [bmv2] [T] [thread 14602] [27.0] [cxt 0] Applying table 'MyIngress.drop_table'
[22:28:58.235] [bmv2] [D] [thread 14602] [27.0] [cxt 0] Looking up key:
* hdr.ipv4.srcAddr    : 0a000101

[22:28:58.236] [bmv2] [D] [thread 14602] [27.0] [cxt 0] Table 'MyIngress.drop_table': miss
[22:28:58.236] [bmv2] [D] [thread 14602] [27.0] [cxt 0] Action entry is NoAction - 
[22:28:58.236] [bmv2] [T] [thread 14602] [27.0] [cxt 0] Action NoAction
[22:28:58.236] [bmv2] [D] [thread 14602] [27.0] [cxt 0] Pipeline 'ingress': end
[22:28:58.236] [bmv2] [D] [thread 14602] [27.0] [cxt 0] Cloning packet at ingress
[22:28:58.236] [bmv2] [D] [thread 14602] [27.0] [cxt 0] Egress port is 1
[22:28:58.236] [bmv2] [D] [thread 14604] [27.0] [cxt 0] Pipeline 'egress': start
[22:28:58.237] [bmv2] [D] [thread 14604] [27.0] [cxt 0] Pipeline 'egress': end
[22:28:58.237] [bmv2] [D] [thread 14604] [27.0] [cxt 0] Deparser 'deparser': start
[22:28:58.237] [bmv2] [D] [thread 14604] [27.0] [cxt 0] Updating checksum 'cksum'
[22:28:58.237] [bmv2] [D] [thread 14604] [27.0] [cxt 0] Deparsing header 'ethernet'
[22:28:58.237] [bmv2] [D] [thread 14604] [27.0] [cxt 0] Deparsing header 'ipv4'
[22:28:58.237] [bmv2] [D] [thread 14604] [27.0] [cxt 0] Deparser 'deparser': end
[22:28:58.237] [bmv2] [D] [thread 14607] [27.0] [cxt 0] Transmitting packet of size 98 out of port 1
[22:28:58.238] [bmv2] [D] [thread 14602] [28.0] [cxt 0] Processing packet received on port 1
[22:28:58.238] [bmv2] [D] [thread 14602] [28.0] [cxt 0] Parser 'parser': start
[22:28:58.238] [bmv2] [D] [thread 14602] [28.0] [cxt 0] Parser 'parser' entering state 'start'
[22:28:58.239] [bmv2] [D] [thread 14602] [28.0] [cxt 0] Extracting header 'ethernet'
[22:28:58.239] [bmv2] [D] [thread 14602] [28.0] [cxt 0] Parser state 'start': key is 0800
[22:28:58.239] [bmv2] [T] [thread 14602] [28.0] [cxt 0] Bytes parsed: 14
[22:28:58.239] [bmv2] [D] [thread 14602] [28.0] [cxt 0] Parser 'parser' entering state 'parse_ipv4'
[22:28:58.239] [bmv2] [D] [thread 14602] [28.0] [cxt 0] Extracting header 'ipv4'
[22:28:58.239] [bmv2] [D] [thread 14602] [28.0] [cxt 0] Parser state 'parse_ipv4' has no switch, going to default next state
[22:28:58.240] [bmv2] [T] [thread 14602] [28.0] [cxt 0] Bytes parsed: 34
[22:28:58.240] [bmv2] [D] [thread 14602] [28.0] [cxt 0] Parser 'parser': end
[22:28:58.240] [bmv2] [D] [thread 14602] [28.0] [cxt 0] Pipeline 'ingress': start
[22:28:58.240] [bmv2] [T] [thread 14602] [28.0] [cxt 0] Applying table 'tbl_mirror'
[22:28:58.240] [bmv2] [D] [thread 14602] [28.0] [cxt 0] Looking up key:

[22:28:58.240] [bmv2] [D] [thread 14602] [28.0] [cxt 0] Table 'tbl_mirror': miss
[22:28:58.241] [bmv2] [D] [thread 14602] [28.0] [cxt 0] Action entry is MyIngress.mirror - 
[22:28:58.241] [bmv2] [T] [thread 14602] [28.0] [cxt 0] Action MyIngress.mirror
[22:28:58.241] [bmv2] [T] [thread 14602] [28.0] [cxt 0] advanced_tunnel.p4(110) Primitive clone(CloneType.I2E, 0)
[22:28:58.241] [bmv2] [T] [thread 14602] [28.0] [cxt 0] advanced_tunnel.p4(185) Condition "hdr.ipv4.isValid() && !hdr.myTunnel.isValid()" (node_3) is true
[22:28:58.241] [bmv2] [T] [thread 14602] [28.0] [cxt 0] Applying table 'MyIngress.ipv4_lpm'
[22:28:58.242] [bmv2] [D] [thread 14602] [28.0] [cxt 0] Looking up key:
* hdr.ipv4.dstAddr    : 0a000101

[22:28:58.242] [bmv2] [D] [thread 14602] [28.0] [cxt 0] Table 'MyIngress.ipv4_lpm': hit with handle 0
[22:28:58.242] [bmv2] [D] [thread 14602] [28.0] [cxt 0] Dumping entry 0
Match key:
* hdr.ipv4.dstAddr    : LPM       0a000101/32
Action entry: MyIngress.myTunnel_ingress - c8,

[22:28:58.242] [bmv2] [D] [thread 14602] [28.0] [cxt 0] Action entry is MyIngress.myTunnel_ingress - c8,
[22:28:58.242] [bmv2] [T] [thread 14602] [28.0] [cxt 0] Action MyIngress.myTunnel_ingress
[22:28:58.243] [bmv2] [T] [thread 14602] [28.0] [cxt 0] advanced_tunnel.p4(125) Primitive hdr.myTunnel.setValid()
[22:28:58.243] [bmv2] [T] [thread 14602] [28.0] [cxt 0] advanced_tunnel.p4(126) Primitive hdr.myTunnel.dst_id = dst_id
[22:28:58.243] [bmv2] [T] [thread 14602] [28.0] [cxt 0] advanced_tunnel.p4(127) Primitive hdr.myTunnel.proto_id = hdr.ethernet.etherType
[22:28:58.243] [bmv2] [T] [thread 14602] [28.0] [cxt 0] advanced_tunnel.p4(4) Primitive 0x1212; ...
[22:28:58.244] [bmv2] [T] [thread 14602] [28.0] [cxt 0] advanced_tunnel.p4(129) Primitive (bit<32>) hdr.myTunnel.dst_id
[22:28:58.244] [bmv2] [T] [thread 14602] [28.0] [cxt 0] advanced_tunnel.p4(129) Primitive ingressTunnelCounter.count((bit<32>) hdr.myTunnel.dst_id)
[22:28:58.244] [bmv2] [T] [thread 14602] [28.0] [cxt 0] Updated counter 'MyIngress.ingressTunnelCounter' at index 200
[22:28:58.244] [bmv2] [T] [thread 14602] [28.0] [cxt 0] advanced_tunnel.p4(190) Condition "hdr.myTunnel.isValid()" (node_5) is true
[22:28:58.244] [bmv2] [T] [thread 14602] [28.0] [cxt 0] Applying table 'MyIngress.myTunnel_exact'
[22:28:58.245] [bmv2] [D] [thread 14602] [28.0] [cxt 0] Looking up key:
* hdr.myTunnel.dst_id : 00c8

[22:28:58.245] [bmv2] [D] [thread 14602] [28.0] [cxt 0] Table 'MyIngress.myTunnel_exact': hit with handle 1
[22:28:58.245] [bmv2] [D] [thread 14602] [28.0] [cxt 0] Dumping entry 1
Match key:
* hdr.myTunnel.dst_id : EXACT     00c8
Action entry: MyIngress.myTunnel_forward - 2,

[22:28:58.245] [bmv2] [D] [thread 14602] [28.0] [cxt 0] Action entry is MyIngress.myTunnel_forward - 2,
[22:28:58.246] [bmv2] [T] [thread 14602] [28.0] [cxt 0] Action MyIngress.myTunnel_forward
[22:28:58.246] [bmv2] [T] [thread 14602] [28.0] [cxt 0] advanced_tunnel.p4(133) Primitive standard_metadata.egress_spec = port
[22:28:58.246] [bmv2] [T] [thread 14602] [28.0] [cxt 0] advanced_tunnel.p4(195) Condition "hdr.ipv4.isValid()" (node_7) is true
[22:28:58.246] [bmv2] [T] [thread 14602] [28.0] [cxt 0] Applying table 'MyIngress.drop_table'
[22:28:58.246] [bmv2] [D] [thread 14602] [28.0] [cxt 0] Looking up key:
* hdr.ipv4.srcAddr    : 0a000202

[22:28:58.247] [bmv2] [D] [thread 14602] [28.0] [cxt 0] Table 'MyIngress.drop_table': miss
[22:28:58.247] [bmv2] [D] [thread 14602] [28.0] [cxt 0] Action entry is NoAction - 
[22:28:58.247] [bmv2] [T] [thread 14602] [28.0] [cxt 0] Action NoAction
[22:28:58.247] [bmv2] [D] [thread 14602] [28.0] [cxt 0] Pipeline 'ingress': end
[22:28:58.247] [bmv2] [D] [thread 14602] [28.0] [cxt 0] Cloning packet at ingress
[22:28:58.248] [bmv2] [D] [thread 14602] [28.0] [cxt 0] Egress port is 2
[22:28:58.248] [bmv2] [D] [thread 14605] [28.0] [cxt 0] Pipeline 'egress': start
[22:28:58.248] [bmv2] [D] [thread 14605] [28.0] [cxt 0] Pipeline 'egress': end
[22:28:58.248] [bmv2] [D] [thread 14605] [28.0] [cxt 0] Deparser 'deparser': start
[22:28:58.248] [bmv2] [D] [thread 14605] [28.0] [cxt 0] Updating checksum 'cksum'
[22:28:58.249] [bmv2] [D] [thread 14605] [28.0] [cxt 0] Deparsing header 'ethernet'
[22:28:58.249] [bmv2] [D] [thread 14605] [28.0] [cxt 0] Deparsing header 'myTunnel'
[22:28:58.249] [bmv2] [D] [thread 14605] [28.0] [cxt 0] Deparsing header 'ipv4'
[22:28:58.249] [bmv2] [D] [thread 14605] [28.0] [cxt 0] Deparser 'deparser': end
[22:28:58.249] [bmv2] [D] [thread 14607] [28.0] [cxt 0] Transmitting packet of size 102 out of port 2
