Calling target program-options parser
[22:28:45.111] [bmv2] [D] [thread 14610] Set default default entry for table 'tbl_mirror': MyIngress.mirror - 
[22:28:45.111] [bmv2] [D] [thread 14610] Set default default entry for table 'MyIngress.ipv4_lpm': NoAction - 
[22:28:45.111] [bmv2] [D] [thread 14610] Set default default entry for table 'MyIngress.myTunnel_exact': MyIngress.drop - 
[22:28:45.111] [bmv2] [D] [thread 14610] Set default default entry for table 'MyIngress.drop_table': NoAction - 
Adding interface s3-eth1 as port 1
[22:28:45.113] [bmv2] [D] [thread 14610] Adding interface s3-eth1 as port 1
Adding interface s3-eth2 as port 2
[22:28:45.214] [bmv2] [D] [thread 14610] Adding interface s3-eth2 as port 2
Adding interface s3-eth3 as port 3
[22:28:45.290] [bmv2] [D] [thread 14610] Adding interface s3-eth3 as port 3
I0513 22:28:45.317411025   14610 server_builder.cc:247]      Synchronous server. Num CQs: 1, Min pollers: 1, Max Pollers: 2147483647, CQ timeout (msec): 1000
Server listening on 0.0.0.0:50053
[22:28:45.320] [bmv2] [I] [thread 14610] Starting Thrift server on port 9092
[22:28:45.320] [bmv2] [I] [thread 14610] Thrift server was started
[22:28:45.334] [bmv2] [D] [thread 14617] [0.0] [cxt 0] Processing packet received on port 3
[22:28:45.334] [bmv2] [D] [thread 14617] [0.0] [cxt 0] Parser 'parser': start
[22:28:45.334] [bmv2] [D] [thread 14617] [0.0] [cxt 0] Parser 'parser' entering state 'start'
[22:28:45.334] [bmv2] [D] [thread 14617] [0.0] [cxt 0] Extracting header 'ethernet'
[22:28:45.335] [bmv2] [D] [thread 14617] [0.0] [cxt 0] Parser state 'start': key is 86dd
[22:28:45.335] [bmv2] [T] [thread 14617] [0.0] [cxt 0] Bytes parsed: 14
[22:28:45.335] [bmv2] [D] [thread 14617] [0.0] [cxt 0] Parser 'parser': end
[22:28:45.335] [bmv2] [D] [thread 14617] [0.0] [cxt 0] Pipeline 'ingress': start
[22:28:45.335] [bmv2] [T] [thread 14617] [0.0] [cxt 0] Applying table 'tbl_mirror'
[22:28:45.335] [bmv2] [D] [thread 14617] [0.0] [cxt 0] Looking up key:

[22:28:45.335] [bmv2] [D] [thread 14617] [0.0] [cxt 0] Table 'tbl_mirror': miss
[22:28:45.336] [bmv2] [D] [thread 14617] [0.0] [cxt 0] Action entry is MyIngress.mirror - 
[22:28:45.336] [bmv2] [T] [thread 14617] [0.0] [cxt 0] Action MyIngress.mirror
[22:28:45.336] [bmv2] [T] [thread 14617] [0.0] [cxt 0] advanced_tunnel.p4(110) Primitive clone(CloneType.I2E, 0)
[22:28:45.336] [bmv2] [T] [thread 14617] [0.0] [cxt 0] advanced_tunnel.p4(185) Condition "hdr.ipv4.isValid() && !hdr.myTunnel.isValid()" (node_3) is false
[22:28:45.336] [bmv2] [T] [thread 14617] [0.0] [cxt 0] advanced_tunnel.p4(190) Condition "hdr.myTunnel.isValid()" (node_5) is false
[22:28:45.336] [bmv2] [T] [thread 14617] [0.0] [cxt 0] advanced_tunnel.p4(195) Condition "hdr.ipv4.isValid()" (node_7) is false
[22:28:45.336] [bmv2] [D] [thread 14617] [0.0] [cxt 0] Pipeline 'ingress': end
[22:28:45.337] [bmv2] [D] [thread 14617] [0.0] [cxt 0] Cloning packet at ingress
[22:28:45.337] [bmv2] [D] [thread 14617] [0.0] [cxt 0] Egress port is 0
[22:28:45.337] [bmv2] [D] [thread 14617] [1.0] [cxt 0] Processing packet received on port 3
[22:28:45.337] [bmv2] [D] [thread 14617] [1.0] [cxt 0] Parser 'parser': start
[22:28:45.337] [bmv2] [D] [thread 14617] [1.0] [cxt 0] Parser 'parser' entering state 'start'
[22:28:45.338] [bmv2] [D] [thread 14617] [1.0] [cxt 0] Extracting header 'ethernet'
[22:28:45.337] [bmv2] [D] [thread 14618] [0.0] [cxt 0] Pipeline 'egress': start
[22:28:45.338] [bmv2] [D] [thread 14618] [0.0] [cxt 0] Pipeline 'egress': end
[22:28:45.338] [bmv2] [D] [thread 14618] [0.0] [cxt 0] Deparser 'deparser': start
[22:28:45.338] [bmv2] [T] [thread 14618] [0.0] [cxt 0] Skipping checksum 'cksum' update because condition not met
[22:28:45.338] [bmv2] [D] [thread 14617] [1.0] [cxt 0] Parser state 'start': key is 86dd
[22:28:45.338] [bmv2] [T] [thread 14617] [1.0] [cxt 0] Bytes parsed: 14
[22:28:45.339] [bmv2] [D] [thread 14617] [1.0] [cxt 0] Parser 'parser': end
[22:28:45.339] [bmv2] [D] [thread 14617] [1.0] [cxt 0] Pipeline 'ingress': start
[22:28:45.339] [bmv2] [T] [thread 14617] [1.0] [cxt 0] Applying table 'tbl_mirror'
[22:28:45.339] [bmv2] [D] [thread 14617] [1.0] [cxt 0] Looking up key:

[22:28:45.339] [bmv2] [D] [thread 14617] [1.0] [cxt 0] Table 'tbl_mirror': miss
[22:28:45.339] [bmv2] [D] [thread 14617] [1.0] [cxt 0] Action entry is MyIngress.mirror - 
[22:28:45.340] [bmv2] [T] [thread 14617] [1.0] [cxt 0] Action MyIngress.mirror
[22:28:45.340] [bmv2] [T] [thread 14617] [1.0] [cxt 0] advanced_tunnel.p4(110) Primitive clone(CloneType.I2E, 0)
[22:28:45.340] [bmv2] [T] [thread 14617] [1.0] [cxt 0] advanced_tunnel.p4(185) Condition "hdr.ipv4.isValid() && !hdr.myTunnel.isValid()" (node_3) is false
[22:28:45.342] [bmv2] [T] [thread 14617] [1.0] [cxt 0] advanced_tunnel.p4(190) Condition "hdr.myTunnel.isValid()" (node_5) is false
[22:28:45.342] [bmv2] [T] [thread 14617] [1.0] [cxt 0] advanced_tunnel.p4(195) Condition "hdr.ipv4.isValid()" (node_7) is false
[22:28:45.342] [bmv2] [D] [thread 14617] [1.0] [cxt 0] Pipeline 'ingress': end
[22:28:45.343] [bmv2] [D] [thread 14617] [1.0] [cxt 0] Cloning packet at ingress
[22:28:45.343] [bmv2] [D] [thread 14617] [1.0] [cxt 0] Egress port is 0
[22:28:45.338] [bmv2] [D] [thread 14618] [0.0] [cxt 0] Deparsing header 'ethernet'
[22:28:45.343] [bmv2] [D] [thread 14618] [0.0] [cxt 0] Deparser 'deparser': end
[22:28:45.343] [bmv2] [D] [thread 14618] [1.0] [cxt 0] Pipeline 'egress': start
[22:28:45.343] [bmv2] [D] [thread 14618] [1.0] [cxt 0] Pipeline 'egress': end
[22:28:45.344] [bmv2] [D] [thread 14618] [1.0] [cxt 0] Deparser 'deparser': start
[22:28:45.344] [bmv2] [T] [thread 14618] [1.0] [cxt 0] Skipping checksum 'cksum' update because condition not met
[22:28:45.344] [bmv2] [D] [thread 14618] [1.0] [cxt 0] Deparsing header 'ethernet'
[22:28:45.344] [bmv2] [D] [thread 14618] [1.0] [cxt 0] Deparser 'deparser': end
[22:28:45.343] [bmv2] [D] [thread 14622] [0.0] [cxt 0] Transmitting packet of size 90 out of port 0
[22:28:45.344] [bmv2] [D] [thread 14622] [1.0] [cxt 0] Transmitting packet of size 70 out of port 0
[22:28:45.349] [bmv2] [D] [thread 14617] [2.0] [cxt 0] Processing packet received on port 1
[22:28:45.349] [bmv2] [D] [thread 14617] [2.0] [cxt 0] Parser 'parser': start
[22:28:45.349] [bmv2] [D] [thread 14617] [2.0] [cxt 0] Parser 'parser' entering state 'start'
[22:28:45.349] [bmv2] [D] [thread 14617] [2.0] [cxt 0] Extracting header 'ethernet'
[22:28:45.349] [bmv2] [D] [thread 14617] [2.0] [cxt 0] Parser state 'start': key is 86dd
[22:28:45.350] [bmv2] [T] [thread 14617] [2.0] [cxt 0] Bytes parsed: 14
[22:28:45.350] [bmv2] [D] [thread 14617] [2.0] [cxt 0] Parser 'parser': end
[22:28:45.350] [bmv2] [D] [thread 14617] [2.0] [cxt 0] Pipeline 'ingress': start
[22:28:45.350] [bmv2] [T] [thread 14617] [2.0] [cxt 0] Applying table 'tbl_mirror'
[22:28:45.350] [bmv2] [D] [thread 14617] [2.0] [cxt 0] Looking up key:

[22:28:45.350] [bmv2] [D] [thread 14617] [2.0] [cxt 0] Table 'tbl_mirror': miss
[22:28:45.350] [bmv2] [D] [thread 14617] [2.0] [cxt 0] Action entry is MyIngress.mirror - 
[22:28:45.350] [bmv2] [T] [thread 14617] [2.0] [cxt 0] Action MyIngress.mirror
[22:28:45.350] [bmv2] [T] [thread 14617] [2.0] [cxt 0] advanced_tunnel.p4(110) Primitive clone(CloneType.I2E, 0)
[22:28:45.350] [bmv2] [T] [thread 14617] [2.0] [cxt 0] advanced_tunnel.p4(185) Condition "hdr.ipv4.isValid() && !hdr.myTunnel.isValid()" (node_3) is false
[22:28:45.350] [bmv2] [T] [thread 14617] [2.0] [cxt 0] advanced_tunnel.p4(190) Condition "hdr.myTunnel.isValid()" (node_5) is false
[22:28:45.350] [bmv2] [T] [thread 14617] [2.0] [cxt 0] advanced_tunnel.p4(195) Condition "hdr.ipv4.isValid()" (node_7) is false
[22:28:45.351] [bmv2] [D] [thread 14617] [2.0] [cxt 0] Pipeline 'ingress': end
[22:28:45.351] [bmv2] [D] [thread 14617] [2.0] [cxt 0] Cloning packet at ingress
[22:28:45.351] [bmv2] [D] [thread 14617] [2.0] [cxt 0] Egress port is 0
[22:28:45.351] [bmv2] [D] [thread 14618] [2.0] [cxt 0] Pipeline 'egress': start
[22:28:45.351] [bmv2] [D] [thread 14618] [2.0] [cxt 0] Pipeline 'egress': end
[22:28:45.351] [bmv2] [D] [thread 14618] [2.0] [cxt 0] Deparser 'deparser': start
[22:28:45.351] [bmv2] [T] [thread 14618] [2.0] [cxt 0] Skipping checksum 'cksum' update because condition not met
[22:28:45.352] [bmv2] [D] [thread 14618] [2.0] [cxt 0] Deparsing header 'ethernet'
[22:28:45.352] [bmv2] [D] [thread 14618] [2.0] [cxt 0] Deparser 'deparser': end
[22:28:45.352] [bmv2] [D] [thread 14622] [2.0] [cxt 0] Transmitting packet of size 90 out of port 0
[22:28:45.517] [bmv2] [D] [thread 14617] [3.0] [cxt 0] Processing packet received on port 2
[22:28:45.517] [bmv2] [D] [thread 14617] [3.0] [cxt 0] Parser 'parser': start
[22:28:45.517] [bmv2] [D] [thread 14617] [3.0] [cxt 0] Parser 'parser' entering state 'start'
[22:28:45.517] [bmv2] [D] [thread 14617] [3.0] [cxt 0] Extracting header 'ethernet'
[22:28:45.518] [bmv2] [D] [thread 14617] [3.0] [cxt 0] Parser state 'start': key is 86dd
[22:28:45.518] [bmv2] [T] [thread 14617] [3.0] [cxt 0] Bytes parsed: 14
[22:28:45.518] [bmv2] [D] [thread 14617] [3.0] [cxt 0] Parser 'parser': end
[22:28:45.518] [bmv2] [D] [thread 14617] [3.0] [cxt 0] Pipeline 'ingress': start
[22:28:45.518] [bmv2] [T] [thread 14617] [3.0] [cxt 0] Applying table 'tbl_mirror'
[22:28:45.518] [bmv2] [D] [thread 14617] [3.0] [cxt 0] Looking up key:

[22:28:45.518] [bmv2] [D] [thread 14617] [3.0] [cxt 0] Table 'tbl_mirror': miss
[22:28:45.519] [bmv2] [D] [thread 14617] [3.0] [cxt 0] Action entry is MyIngress.mirror - 
[22:28:45.519] [bmv2] [T] [thread 14617] [3.0] [cxt 0] Action MyIngress.mirror
[22:28:45.519] [bmv2] [T] [thread 14617] [3.0] [cxt 0] advanced_tunnel.p4(110) Primitive clone(CloneType.I2E, 0)
[22:28:45.519] [bmv2] [T] [thread 14617] [3.0] [cxt 0] advanced_tunnel.p4(185) Condition "hdr.ipv4.isValid() && !hdr.myTunnel.isValid()" (node_3) is false
[22:28:45.519] [bmv2] [T] [thread 14617] [3.0] [cxt 0] advanced_tunnel.p4(190) Condition "hdr.myTunnel.isValid()" (node_5) is false
[22:28:45.519] [bmv2] [T] [thread 14617] [3.0] [cxt 0] advanced_tunnel.p4(195) Condition "hdr.ipv4.isValid()" (node_7) is false
[22:28:45.519] [bmv2] [D] [thread 14617] [3.0] [cxt 0] Pipeline 'ingress': end
[22:28:45.520] [bmv2] [D] [thread 14617] [3.0] [cxt 0] Cloning packet at ingress
[22:28:45.520] [bmv2] [D] [thread 14617] [3.0] [cxt 0] Egress port is 0
[22:28:45.520] [bmv2] [D] [thread 14618] [3.0] [cxt 0] Pipeline 'egress': start
[22:28:45.520] [bmv2] [D] [thread 14618] [3.0] [cxt 0] Pipeline 'egress': end
[22:28:45.520] [bmv2] [D] [thread 14618] [3.0] [cxt 0] Deparser 'deparser': start
[22:28:45.521] [bmv2] [T] [thread 14618] [3.0] [cxt 0] Skipping checksum 'cksum' update because condition not met
[22:28:45.521] [bmv2] [D] [thread 14618] [3.0] [cxt 0] Deparsing header 'ethernet'
[22:28:45.521] [bmv2] [D] [thread 14618] [3.0] [cxt 0] Deparser 'deparser': end
[22:28:45.520] [bmv2] [D] [thread 14617] [4.0] [cxt 0] Processing packet received on port 2
[22:28:45.521] [bmv2] [D] [thread 14617] [4.0] [cxt 0] Parser 'parser': start
[22:28:45.521] [bmv2] [D] [thread 14617] [4.0] [cxt 0] Parser 'parser' entering state 'start'
[22:28:45.521] [bmv2] [D] [thread 14617] [4.0] [cxt 0] Extracting header 'ethernet'
[22:28:45.521] [bmv2] [D] [thread 14622] [3.0] [cxt 0] Transmitting packet of size 90 out of port 0
[22:28:45.521] [bmv2] [D] [thread 14617] [4.0] [cxt 0] Parser state 'start': key is 86dd
[22:28:45.522] [bmv2] [T] [thread 14617] [4.0] [cxt 0] Bytes parsed: 14
[22:28:45.522] [bmv2] [D] [thread 14617] [4.0] [cxt 0] Parser 'parser': end
[22:28:45.522] [bmv2] [D] [thread 14617] [4.0] [cxt 0] Pipeline 'ingress': start
[22:28:45.522] [bmv2] [T] [thread 14617] [4.0] [cxt 0] Applying table 'tbl_mirror'
[22:28:45.523] [bmv2] [D] [thread 14617] [4.0] [cxt 0] Looking up key:

[22:28:45.523] [bmv2] [D] [thread 14617] [4.0] [cxt 0] Table 'tbl_mirror': miss
[22:28:45.523] [bmv2] [D] [thread 14617] [4.0] [cxt 0] Action entry is MyIngress.mirror - 
[22:28:45.523] [bmv2] [T] [thread 14617] [4.0] [cxt 0] Action MyIngress.mirror
[22:28:45.523] [bmv2] [T] [thread 14617] [4.0] [cxt 0] advanced_tunnel.p4(110) Primitive clone(CloneType.I2E, 0)
[22:28:45.523] [bmv2] [T] [thread 14617] [4.0] [cxt 0] advanced_tunnel.p4(185) Condition "hdr.ipv4.isValid() && !hdr.myTunnel.isValid()" (node_3) is false
[22:28:45.524] [bmv2] [T] [thread 14617] [4.0] [cxt 0] advanced_tunnel.p4(190) Condition "hdr.myTunnel.isValid()" (node_5) is false
[22:28:45.524] [bmv2] [T] [thread 14617] [4.0] [cxt 0] advanced_tunnel.p4(195) Condition "hdr.ipv4.isValid()" (node_7) is false
[22:28:45.524] [bmv2] [D] [thread 14617] [4.0] [cxt 0] Pipeline 'ingress': end
[22:28:45.524] [bmv2] [D] [thread 14617] [4.0] [cxt 0] Cloning packet at ingress
[22:28:45.524] [bmv2] [D] [thread 14617] [4.0] [cxt 0] Egress port is 0
[22:28:45.524] [bmv2] [D] [thread 14618] [4.0] [cxt 0] Pipeline 'egress': start
[22:28:45.525] [bmv2] [D] [thread 14618] [4.0] [cxt 0] Pipeline 'egress': end
[22:28:45.525] [bmv2] [D] [thread 14618] [4.0] [cxt 0] Deparser 'deparser': start
[22:28:45.525] [bmv2] [T] [thread 14618] [4.0] [cxt 0] Skipping checksum 'cksum' update because condition not met
[22:28:45.525] [bmv2] [D] [thread 14618] [4.0] [cxt 0] Deparsing header 'ethernet'
[22:28:45.525] [bmv2] [D] [thread 14618] [4.0] [cxt 0] Deparser 'deparser': end
[22:28:45.525] [bmv2] [D] [thread 14622] [4.0] [cxt 0] Transmitting packet of size 70 out of port 0
[22:28:45.688] [bmv2] [D] [thread 14617] [5.0] [cxt 0] Processing packet received on port 3
[22:28:45.688] [bmv2] [D] [thread 14617] [5.0] [cxt 0] Parser 'parser': start
[22:28:45.688] [bmv2] [D] [thread 14617] [5.0] [cxt 0] Parser 'parser' entering state 'start'
[22:28:45.688] [bmv2] [D] [thread 14617] [5.0] [cxt 0] Extracting header 'ethernet'
[22:28:45.689] [bmv2] [D] [thread 14617] [5.0] [cxt 0] Parser state 'start': key is 86dd
[22:28:45.689] [bmv2] [T] [thread 14617] [5.0] [cxt 0] Bytes parsed: 14
[22:28:45.689] [bmv2] [D] [thread 14617] [5.0] [cxt 0] Parser 'parser': end
[22:28:45.689] [bmv2] [D] [thread 14617] [5.0] [cxt 0] Pipeline 'ingress': start
[22:28:45.689] [bmv2] [T] [thread 14617] [5.0] [cxt 0] Applying table 'tbl_mirror'
[22:28:45.690] [bmv2] [D] [thread 14617] [5.0] [cxt 0] Looking up key:

[22:28:45.690] [bmv2] [D] [thread 14617] [5.0] [cxt 0] Table 'tbl_mirror': miss
[22:28:45.690] [bmv2] [D] [thread 14617] [5.0] [cxt 0] Action entry is MyIngress.mirror - 
[22:28:45.690] [bmv2] [T] [thread 14617] [5.0] [cxt 0] Action MyIngress.mirror
[22:28:45.690] [bmv2] [T] [thread 14617] [5.0] [cxt 0] advanced_tunnel.p4(110) Primitive clone(CloneType.I2E, 0)
[22:28:45.691] [bmv2] [T] [thread 14617] [5.0] [cxt 0] advanced_tunnel.p4(185) Condition "hdr.ipv4.isValid() && !hdr.myTunnel.isValid()" (node_3) is false
[22:28:45.691] [bmv2] [T] [thread 14617] [5.0] [cxt 0] advanced_tunnel.p4(190) Condition "hdr.myTunnel.isValid()" (node_5) is false
[22:28:45.691] [bmv2] [T] [thread 14617] [5.0] [cxt 0] advanced_tunnel.p4(195) Condition "hdr.ipv4.isValid()" (node_7) is false
[22:28:45.691] [bmv2] [D] [thread 14617] [5.0] [cxt 0] Pipeline 'ingress': end
[22:28:45.691] [bmv2] [D] [thread 14617] [5.0] [cxt 0] Cloning packet at ingress
[22:28:45.691] [bmv2] [D] [thread 14617] [5.0] [cxt 0] Egress port is 0
[22:28:45.692] [bmv2] [D] [thread 14618] [5.0] [cxt 0] Pipeline 'egress': start
[22:28:45.692] [bmv2] [D] [thread 14618] [5.0] [cxt 0] Pipeline 'egress': end
[22:28:45.692] [bmv2] [D] [thread 14618] [5.0] [cxt 0] Deparser 'deparser': start
[22:28:45.692] [bmv2] [T] [thread 14618] [5.0] [cxt 0] Skipping checksum 'cksum' update because condition not met
[22:28:45.692] [bmv2] [D] [thread 14618] [5.0] [cxt 0] Deparsing header 'ethernet'
[22:28:45.692] [bmv2] [D] [thread 14618] [5.0] [cxt 0] Deparser 'deparser': end
[22:28:45.693] [bmv2] [D] [thread 14622] [5.0] [cxt 0] Transmitting packet of size 90 out of port 0
[22:28:45.817] [bmv2] [D] [thread 14617] [6.0] [cxt 0] Processing packet received on port 2
[22:28:45.817] [bmv2] [D] [thread 14617] [6.0] [cxt 0] Parser 'parser': start
[22:28:45.817] [bmv2] [D] [thread 14617] [6.0] [cxt 0] Parser 'parser' entering state 'start'
[22:28:45.817] [bmv2] [D] [thread 14617] [6.0] [cxt 0] Extracting header 'ethernet'
[22:28:45.817] [bmv2] [D] [thread 14617] [6.0] [cxt 0] Parser state 'start': key is 86dd
[22:28:45.817] [bmv2] [T] [thread 14617] [6.0] [cxt 0] Bytes parsed: 14
[22:28:45.818] [bmv2] [D] [thread 14617] [6.0] [cxt 0] Parser 'parser': end
[22:28:45.818] [bmv2] [D] [thread 14617] [6.0] [cxt 0] Pipeline 'ingress': start
[22:28:45.818] [bmv2] [T] [thread 14617] [6.0] [cxt 0] Applying table 'tbl_mirror'
[22:28:45.818] [bmv2] [D] [thread 14617] [6.0] [cxt 0] Looking up key:

[22:28:45.818] [bmv2] [D] [thread 14617] [6.0] [cxt 0] Table 'tbl_mirror': miss
[22:28:45.818] [bmv2] [D] [thread 14617] [6.0] [cxt 0] Action entry is MyIngress.mirror - 
[22:28:45.818] [bmv2] [T] [thread 14617] [6.0] [cxt 0] Action MyIngress.mirror
[22:28:45.819] [bmv2] [T] [thread 14617] [6.0] [cxt 0] advanced_tunnel.p4(110) Primitive clone(CloneType.I2E, 0)
[22:28:45.819] [bmv2] [T] [thread 14617] [6.0] [cxt 0] advanced_tunnel.p4(185) Condition "hdr.ipv4.isValid() && !hdr.myTunnel.isValid()" (node_3) is false
[22:28:45.819] [bmv2] [T] [thread 14617] [6.0] [cxt 0] advanced_tunnel.p4(190) Condition "hdr.myTunnel.isValid()" (node_5) is false
[22:28:45.819] [bmv2] [T] [thread 14617] [6.0] [cxt 0] advanced_tunnel.p4(195) Condition "hdr.ipv4.isValid()" (node_7) is false
[22:28:45.819] [bmv2] [D] [thread 14617] [6.0] [cxt 0] Pipeline 'ingress': end
[22:28:45.819] [bmv2] [D] [thread 14617] [6.0] [cxt 0] Cloning packet at ingress
[22:28:45.819] [bmv2] [D] [thread 14617] [6.0] [cxt 0] Egress port is 0
[22:28:45.820] [bmv2] [D] [thread 14618] [6.0] [cxt 0] Pipeline 'egress': start
[22:28:45.820] [bmv2] [D] [thread 14618] [6.0] [cxt 0] Pipeline 'egress': end
[22:28:45.820] [bmv2] [D] [thread 14618] [6.0] [cxt 0] Deparser 'deparser': start
[22:28:45.820] [bmv2] [T] [thread 14618] [6.0] [cxt 0] Skipping checksum 'cksum' update because condition not met
[22:28:45.820] [bmv2] [D] [thread 14618] [6.0] [cxt 0] Deparsing header 'ethernet'
[22:28:45.820] [bmv2] [D] [thread 14618] [6.0] [cxt 0] Deparser 'deparser': end
[22:28:45.820] [bmv2] [D] [thread 14617] [7.0] [cxt 0] Processing packet received on port 2
[22:28:45.820] [bmv2] [D] [thread 14617] [7.0] [cxt 0] Parser 'parser': start
[22:28:45.821] [bmv2] [D] [thread 14617] [7.0] [cxt 0] Parser 'parser' entering state 'start'
[22:28:45.821] [bmv2] [D] [thread 14617] [7.0] [cxt 0] Extracting header 'ethernet'
[22:28:45.820] [bmv2] [D] [thread 14622] [6.0] [cxt 0] Transmitting packet of size 90 out of port 0
[22:28:45.821] [bmv2] [D] [thread 14617] [7.0] [cxt 0] Parser state 'start': key is 86dd
[22:28:45.821] [bmv2] [T] [thread 14617] [7.0] [cxt 0] Bytes parsed: 14
[22:28:45.821] [bmv2] [D] [thread 14617] [7.0] [cxt 0] Parser 'parser': end
[22:28:45.822] [bmv2] [D] [thread 14617] [7.0] [cxt 0] Pipeline 'ingress': start
[22:28:45.822] [bmv2] [T] [thread 14617] [7.0] [cxt 0] Applying table 'tbl_mirror'
[22:28:45.822] [bmv2] [D] [thread 14617] [7.0] [cxt 0] Looking up key:

[22:28:45.822] [bmv2] [D] [thread 14617] [7.0] [cxt 0] Table 'tbl_mirror': miss
[22:28:45.822] [bmv2] [D] [thread 14617] [7.0] [cxt 0] Action entry is MyIngress.mirror - 
[22:28:45.822] [bmv2] [T] [thread 14617] [7.0] [cxt 0] Action MyIngress.mirror
[22:28:45.823] [bmv2] [T] [thread 14617] [7.0] [cxt 0] advanced_tunnel.p4(110) Primitive clone(CloneType.I2E, 0)
[22:28:45.823] [bmv2] [T] [thread 14617] [7.0] [cxt 0] advanced_tunnel.p4(185) Condition "hdr.ipv4.isValid() && !hdr.myTunnel.isValid()" (node_3) is false
[22:28:45.823] [bmv2] [T] [thread 14617] [7.0] [cxt 0] advanced_tunnel.p4(190) Condition "hdr.myTunnel.isValid()" (node_5) is false
[22:28:45.823] [bmv2] [T] [thread 14617] [7.0] [cxt 0] advanced_tunnel.p4(195) Condition "hdr.ipv4.isValid()" (node_7) is false
[22:28:45.823] [bmv2] [D] [thread 14617] [7.0] [cxt 0] Pipeline 'ingress': end
[22:28:45.823] [bmv2] [D] [thread 14617] [7.0] [cxt 0] Cloning packet at ingress
[22:28:45.823] [bmv2] [D] [thread 14617] [7.0] [cxt 0] Egress port is 0
[22:28:45.823] [bmv2] [D] [thread 14618] [7.0] [cxt 0] Pipeline 'egress': start
[22:28:45.824] [bmv2] [D] [thread 14618] [7.0] [cxt 0] Pipeline 'egress': end
[22:28:45.824] [bmv2] [D] [thread 14618] [7.0] [cxt 0] Deparser 'deparser': start
[22:28:45.824] [bmv2] [T] [thread 14618] [7.0] [cxt 0] Skipping checksum 'cksum' update because condition not met
[22:28:45.824] [bmv2] [D] [thread 14618] [7.0] [cxt 0] Deparsing header 'ethernet'
[22:28:45.824] [bmv2] [D] [thread 14618] [7.0] [cxt 0] Deparser 'deparser': end
[22:28:45.824] [bmv2] [D] [thread 14622] [7.0] [cxt 0] Transmitting packet of size 70 out of port 0
[22:28:45.886] [bmv2] [D] [thread 14617] [8.0] [cxt 0] Processing packet received on port 3
[22:28:45.886] [bmv2] [D] [thread 14617] [8.0] [cxt 0] Parser 'parser': start
[22:28:45.886] [bmv2] [D] [thread 14617] [8.0] [cxt 0] Parser 'parser' entering state 'start'
[22:28:45.887] [bmv2] [D] [thread 14617] [8.0] [cxt 0] Extracting header 'ethernet'
[22:28:45.887] [bmv2] [D] [thread 14617] [8.0] [cxt 0] Parser state 'start': key is 86dd
[22:28:45.887] [bmv2] [T] [thread 14617] [8.0] [cxt 0] Bytes parsed: 14
[22:28:45.887] [bmv2] [D] [thread 14617] [8.0] [cxt 0] Parser 'parser': end
[22:28:45.887] [bmv2] [D] [thread 14617] [8.0] [cxt 0] Pipeline 'ingress': start
[22:28:45.887] [bmv2] [T] [thread 14617] [8.0] [cxt 0] Applying table 'tbl_mirror'
[22:28:45.887] [bmv2] [D] [thread 14617] [8.0] [cxt 0] Looking up key:

[22:28:45.888] [bmv2] [D] [thread 14617] [8.0] [cxt 0] Table 'tbl_mirror': miss
[22:28:45.888] [bmv2] [D] [thread 14617] [8.0] [cxt 0] Action entry is MyIngress.mirror - 
[22:28:45.888] [bmv2] [T] [thread 14617] [8.0] [cxt 0] Action MyIngress.mirror
[22:28:45.888] [bmv2] [T] [thread 14617] [8.0] [cxt 0] advanced_tunnel.p4(110) Primitive clone(CloneType.I2E, 0)
[22:28:45.888] [bmv2] [T] [thread 14617] [8.0] [cxt 0] advanced_tunnel.p4(185) Condition "hdr.ipv4.isValid() && !hdr.myTunnel.isValid()" (node_3) is false
[22:28:45.888] [bmv2] [T] [thread 14617] [8.0] [cxt 0] advanced_tunnel.p4(190) Condition "hdr.myTunnel.isValid()" (node_5) is false
[22:28:45.889] [bmv2] [T] [thread 14617] [8.0] [cxt 0] advanced_tunnel.p4(195) Condition "hdr.ipv4.isValid()" (node_7) is false
[22:28:45.889] [bmv2] [D] [thread 14617] [8.0] [cxt 0] Pipeline 'ingress': end
[22:28:45.889] [bmv2] [D] [thread 14617] [8.0] [cxt 0] Cloning packet at ingress
[22:28:45.889] [bmv2] [D] [thread 14617] [8.0] [cxt 0] Egress port is 0
[22:28:45.889] [bmv2] [D] [thread 14618] [8.0] [cxt 0] Pipeline 'egress': start
[22:28:45.889] [bmv2] [D] [thread 14618] [8.0] [cxt 0] Pipeline 'egress': end
[22:28:45.889] [bmv2] [D] [thread 14618] [8.0] [cxt 0] Deparser 'deparser': start
[22:28:45.889] [bmv2] [T] [thread 14618] [8.0] [cxt 0] Skipping checksum 'cksum' update because condition not met
[22:28:45.890] [bmv2] [D] [thread 14618] [8.0] [cxt 0] Deparsing header 'ethernet'
[22:28:45.890] [bmv2] [D] [thread 14618] [8.0] [cxt 0] Deparser 'deparser': end
[22:28:45.890] [bmv2] [D] [thread 14622] [8.0] [cxt 0] Transmitting packet of size 90 out of port 0
[22:28:46.258] [bmv2] [D] [thread 14617] [9.0] [cxt 0] Processing packet received on port 2
[22:28:46.259] [bmv2] [D] [thread 14617] [9.0] [cxt 0] Parser 'parser': start
[22:28:46.259] [bmv2] [D] [thread 14617] [9.0] [cxt 0] Parser 'parser' entering state 'start'
[22:28:46.259] [bmv2] [D] [thread 14617] [9.0] [cxt 0] Extracting header 'ethernet'
[22:28:46.259] [bmv2] [D] [thread 14617] [9.0] [cxt 0] Parser state 'start': key is 86dd
[22:28:46.260] [bmv2] [T] [thread 14617] [9.0] [cxt 0] Bytes parsed: 14
[22:28:46.260] [bmv2] [D] [thread 14617] [9.0] [cxt 0] Parser 'parser': end
[22:28:46.260] [bmv2] [D] [thread 14617] [9.0] [cxt 0] Pipeline 'ingress': start
[22:28:46.260] [bmv2] [T] [thread 14617] [9.0] [cxt 0] Applying table 'tbl_mirror'
[22:28:46.260] [bmv2] [D] [thread 14617] [9.0] [cxt 0] Looking up key:

[22:28:46.260] [bmv2] [D] [thread 14617] [9.0] [cxt 0] Table 'tbl_mirror': miss
[22:28:46.260] [bmv2] [D] [thread 14617] [9.0] [cxt 0] Action entry is MyIngress.mirror - 
[22:28:46.260] [bmv2] [T] [thread 14617] [9.0] [cxt 0] Action MyIngress.mirror
[22:28:46.260] [bmv2] [T] [thread 14617] [9.0] [cxt 0] advanced_tunnel.p4(110) Primitive clone(CloneType.I2E, 0)
[22:28:46.260] [bmv2] [T] [thread 14617] [9.0] [cxt 0] advanced_tunnel.p4(185) Condition "hdr.ipv4.isValid() && !hdr.myTunnel.isValid()" (node_3) is false
[22:28:46.261] [bmv2] [T] [thread 14617] [9.0] [cxt 0] advanced_tunnel.p4(190) Condition "hdr.myTunnel.isValid()" (node_5) is false
[22:28:46.261] [bmv2] [T] [thread 14617] [9.0] [cxt 0] advanced_tunnel.p4(195) Condition "hdr.ipv4.isValid()" (node_7) is false
[22:28:46.261] [bmv2] [D] [thread 14617] [9.0] [cxt 0] Pipeline 'ingress': end
[22:28:46.261] [bmv2] [D] [thread 14617] [9.0] [cxt 0] Cloning packet at ingress
[22:28:46.261] [bmv2] [D] [thread 14617] [9.0] [cxt 0] Egress port is 0
[22:28:46.261] [bmv2] [D] [thread 14618] [9.0] [cxt 0] Pipeline 'egress': start
[22:28:46.261] [bmv2] [D] [thread 14618] [9.0] [cxt 0] Pipeline 'egress': end
[22:28:46.262] [bmv2] [D] [thread 14618] [9.0] [cxt 0] Deparser 'deparser': start
[22:28:46.262] [bmv2] [T] [thread 14618] [9.0] [cxt 0] Skipping checksum 'cksum' update because condition not met
[22:28:46.262] [bmv2] [D] [thread 14618] [9.0] [cxt 0] Deparsing header 'ethernet'
[22:28:46.262] [bmv2] [D] [thread 14618] [9.0] [cxt 0] Deparser 'deparser': end
[22:28:46.263] [bmv2] [D] [thread 14622] [9.0] [cxt 0] Transmitting packet of size 90 out of port 0
[22:28:46.336] [bmv2] [D] [thread 14617] [10.0] [cxt 0] Processing packet received on port 2
[22:28:46.336] [bmv2] [D] [thread 14617] [10.0] [cxt 0] Parser 'parser': start
[22:28:46.337] [bmv2] [D] [thread 14617] [10.0] [cxt 0] Parser 'parser' entering state 'start'
[22:28:46.337] [bmv2] [D] [thread 14617] [10.0] [cxt 0] Extracting header 'ethernet'
[22:28:46.337] [bmv2] [D] [thread 14617] [10.0] [cxt 0] Parser state 'start': key is 86dd
[22:28:46.337] [bmv2] [T] [thread 14617] [10.0] [cxt 0] Bytes parsed: 14
[22:28:46.337] [bmv2] [D] [thread 14617] [10.0] [cxt 0] Parser 'parser': end
[22:28:46.337] [bmv2] [D] [thread 14617] [10.0] [cxt 0] Pipeline 'ingress': start
[22:28:46.338] [bmv2] [T] [thread 14617] [10.0] [cxt 0] Applying table 'tbl_mirror'
[22:28:46.338] [bmv2] [D] [thread 14617] [10.0] [cxt 0] Looking up key:

[22:28:46.338] [bmv2] [D] [thread 14617] [10.0] [cxt 0] Table 'tbl_mirror': miss
[22:28:46.338] [bmv2] [D] [thread 14617] [10.0] [cxt 0] Action entry is MyIngress.mirror - 
[22:28:46.338] [bmv2] [T] [thread 14617] [10.0] [cxt 0] Action MyIngress.mirror
[22:28:46.339] [bmv2] [T] [thread 14617] [10.0] [cxt 0] advanced_tunnel.p4(110) Primitive clone(CloneType.I2E, 0)
[22:28:46.339] [bmv2] [T] [thread 14617] [10.0] [cxt 0] advanced_tunnel.p4(185) Condition "hdr.ipv4.isValid() && !hdr.myTunnel.isValid()" (node_3) is false
[22:28:46.339] [bmv2] [T] [thread 14617] [10.0] [cxt 0] advanced_tunnel.p4(190) Condition "hdr.myTunnel.isValid()" (node_5) is false
[22:28:46.339] [bmv2] [T] [thread 14617] [10.0] [cxt 0] advanced_tunnel.p4(195) Condition "hdr.ipv4.isValid()" (node_7) is false
[22:28:46.339] [bmv2] [D] [thread 14617] [10.0] [cxt 0] Pipeline 'ingress': end
[22:28:46.339] [bmv2] [D] [thread 14617] [10.0] [cxt 0] Cloning packet at ingress
[22:28:46.339] [bmv2] [D] [thread 14617] [10.0] [cxt 0] Egress port is 0
[22:28:46.340] [bmv2] [D] [thread 14618] [10.0] [cxt 0] Pipeline 'egress': start
[22:28:46.340] [bmv2] [D] [thread 14618] [10.0] [cxt 0] Pipeline 'egress': end
[22:28:46.340] [bmv2] [D] [thread 14618] [10.0] [cxt 0] Deparser 'deparser': start
[22:28:46.340] [bmv2] [T] [thread 14618] [10.0] [cxt 0] Skipping checksum 'cksum' update because condition not met
[22:28:46.340] [bmv2] [D] [thread 14618] [10.0] [cxt 0] Deparsing header 'ethernet'
[22:28:46.340] [bmv2] [D] [thread 14618] [10.0] [cxt 0] Deparser 'deparser': end
[22:28:46.340] [bmv2] [D] [thread 14622] [10.0] [cxt 0] Transmitting packet of size 90 out of port 0
[22:28:49.024] [bmv2] [D] [thread 14617] [11.0] [cxt 0] Processing packet received on port 1
[22:28:49.024] [bmv2] [D] [thread 14617] [11.0] [cxt 0] Parser 'parser': start
[22:28:49.024] [bmv2] [D] [thread 14617] [11.0] [cxt 0] Parser 'parser' entering state 'start'
[22:28:49.024] [bmv2] [D] [thread 14617] [11.0] [cxt 0] Extracting header 'ethernet'
[22:28:49.025] [bmv2] [D] [thread 14617] [11.0] [cxt 0] Parser state 'start': key is 86dd
[22:28:49.025] [bmv2] [T] [thread 14617] [11.0] [cxt 0] Bytes parsed: 14
[22:28:49.025] [bmv2] [D] [thread 14617] [11.0] [cxt 0] Parser 'parser': end
[22:28:49.025] [bmv2] [D] [thread 14617] [11.0] [cxt 0] Pipeline 'ingress': start
[22:28:49.025] [bmv2] [T] [thread 14617] [11.0] [cxt 0] Applying table 'tbl_mirror'
[22:28:49.026] [bmv2] [D] [thread 14617] [11.0] [cxt 0] Looking up key:

[22:28:49.026] [bmv2] [D] [thread 14617] [11.0] [cxt 0] Table 'tbl_mirror': miss
[22:28:49.026] [bmv2] [D] [thread 14617] [11.0] [cxt 0] Action entry is MyIngress.mirror - 
[22:28:49.026] [bmv2] [T] [thread 14617] [11.0] [cxt 0] Action MyIngress.mirror
[22:28:49.026] [bmv2] [T] [thread 14617] [11.0] [cxt 0] advanced_tunnel.p4(110) Primitive clone(CloneType.I2E, 0)
[22:28:49.026] [bmv2] [T] [thread 14617] [11.0] [cxt 0] advanced_tunnel.p4(185) Condition "hdr.ipv4.isValid() && !hdr.myTunnel.isValid()" (node_3) is false
[22:28:49.026] [bmv2] [T] [thread 14617] [11.0] [cxt 0] advanced_tunnel.p4(190) Condition "hdr.myTunnel.isValid()" (node_5) is false
[22:28:49.027] [bmv2] [T] [thread 14617] [11.0] [cxt 0] advanced_tunnel.p4(195) Condition "hdr.ipv4.isValid()" (node_7) is false
[22:28:49.027] [bmv2] [D] [thread 14617] [11.0] [cxt 0] Pipeline 'ingress': end
[22:28:49.027] [bmv2] [D] [thread 14617] [11.0] [cxt 0] Cloning packet at ingress
[22:28:49.027] [bmv2] [D] [thread 14617] [11.0] [cxt 0] Egress port is 0
[22:28:49.027] [bmv2] [D] [thread 14618] [11.0] [cxt 0] Pipeline 'egress': start
[22:28:49.027] [bmv2] [D] [thread 14618] [11.0] [cxt 0] Pipeline 'egress': end
[22:28:49.028] [bmv2] [D] [thread 14618] [11.0] [cxt 0] Deparser 'deparser': start
[22:28:49.028] [bmv2] [T] [thread 14618] [11.0] [cxt 0] Skipping checksum 'cksum' update because condition not met
[22:28:49.028] [bmv2] [D] [thread 14618] [11.0] [cxt 0] Deparsing header 'ethernet'
[22:28:49.028] [bmv2] [D] [thread 14618] [11.0] [cxt 0] Deparser 'deparser': end
[22:28:49.028] [bmv2] [D] [thread 14622] [11.0] [cxt 0] Transmitting packet of size 70 out of port 0
[22:28:49.212] [bmv2] [D] [thread 14617] [12.0] [cxt 0] Processing packet received on port 3
[22:28:49.212] [bmv2] [D] [thread 14617] [12.0] [cxt 0] Parser 'parser': start
[22:28:49.212] [bmv2] [D] [thread 14617] [12.0] [cxt 0] Parser 'parser' entering state 'start'
[22:28:49.212] [bmv2] [D] [thread 14617] [12.0] [cxt 0] Extracting header 'ethernet'
[22:28:49.213] [bmv2] [D] [thread 14617] [12.0] [cxt 0] Parser state 'start': key is 86dd
[22:28:49.213] [bmv2] [T] [thread 14617] [12.0] [cxt 0] Bytes parsed: 14
[22:28:49.213] [bmv2] [D] [thread 14617] [12.0] [cxt 0] Parser 'parser': end
[22:28:49.213] [bmv2] [D] [thread 14617] [12.0] [cxt 0] Pipeline 'ingress': start
[22:28:49.213] [bmv2] [T] [thread 14617] [12.0] [cxt 0] Applying table 'tbl_mirror'
[22:28:49.213] [bmv2] [D] [thread 14617] [12.0] [cxt 0] Looking up key:

[22:28:49.213] [bmv2] [D] [thread 14617] [12.0] [cxt 0] Table 'tbl_mirror': miss
[22:28:49.213] [bmv2] [D] [thread 14617] [12.0] [cxt 0] Action entry is MyIngress.mirror - 
[22:28:49.213] [bmv2] [T] [thread 14617] [12.0] [cxt 0] Action MyIngress.mirror
[22:28:49.214] [bmv2] [T] [thread 14617] [12.0] [cxt 0] advanced_tunnel.p4(110) Primitive clone(CloneType.I2E, 0)
[22:28:49.214] [bmv2] [T] [thread 14617] [12.0] [cxt 0] advanced_tunnel.p4(185) Condition "hdr.ipv4.isValid() && !hdr.myTunnel.isValid()" (node_3) is false
[22:28:49.214] [bmv2] [T] [thread 14617] [12.0] [cxt 0] advanced_tunnel.p4(190) Condition "hdr.myTunnel.isValid()" (node_5) is false
[22:28:49.214] [bmv2] [T] [thread 14617] [12.0] [cxt 0] advanced_tunnel.p4(195) Condition "hdr.ipv4.isValid()" (node_7) is false
[22:28:49.214] [bmv2] [D] [thread 14617] [12.0] [cxt 0] Pipeline 'ingress': end
[22:28:49.214] [bmv2] [D] [thread 14617] [12.0] [cxt 0] Cloning packet at ingress
[22:28:49.214] [bmv2] [D] [thread 14617] [12.0] [cxt 0] Egress port is 0
[22:28:49.214] [bmv2] [D] [thread 14618] [12.0] [cxt 0] Pipeline 'egress': start
[22:28:49.215] [bmv2] [D] [thread 14618] [12.0] [cxt 0] Pipeline 'egress': end
[22:28:49.215] [bmv2] [D] [thread 14618] [12.0] [cxt 0] Deparser 'deparser': start
[22:28:49.215] [bmv2] [T] [thread 14618] [12.0] [cxt 0] Skipping checksum 'cksum' update because condition not met
[22:28:49.215] [bmv2] [D] [thread 14618] [12.0] [cxt 0] Deparsing header 'ethernet'
[22:28:49.215] [bmv2] [D] [thread 14618] [12.0] [cxt 0] Deparser 'deparser': end
[22:28:49.216] [bmv2] [D] [thread 14622] [12.0] [cxt 0] Transmitting packet of size 70 out of port 0
[22:28:49.355] [bmv2] [D] [thread 14617] [13.0] [cxt 0] Processing packet received on port 3
[22:28:49.355] [bmv2] [D] [thread 14617] [13.0] [cxt 0] Parser 'parser': start
[22:28:49.355] [bmv2] [D] [thread 14617] [13.0] [cxt 0] Parser 'parser' entering state 'start'
[22:28:49.356] [bmv2] [D] [thread 14617] [13.0] [cxt 0] Extracting header 'ethernet'
[22:28:49.356] [bmv2] [D] [thread 14617] [13.0] [cxt 0] Parser state 'start': key is 86dd
[22:28:49.356] [bmv2] [T] [thread 14617] [13.0] [cxt 0] Bytes parsed: 14
[22:28:49.356] [bmv2] [D] [thread 14617] [13.0] [cxt 0] Parser 'parser': end
[22:28:49.356] [bmv2] [D] [thread 14617] [13.0] [cxt 0] Pipeline 'ingress': start
[22:28:49.356] [bmv2] [T] [thread 14617] [13.0] [cxt 0] Applying table 'tbl_mirror'
[22:28:49.356] [bmv2] [D] [thread 14617] [13.0] [cxt 0] Looking up key:

[22:28:49.357] [bmv2] [D] [thread 14617] [13.0] [cxt 0] Table 'tbl_mirror': miss
[22:28:49.357] [bmv2] [D] [thread 14617] [13.0] [cxt 0] Action entry is MyIngress.mirror - 
[22:28:49.357] [bmv2] [T] [thread 14617] [13.0] [cxt 0] Action MyIngress.mirror
[22:28:49.357] [bmv2] [T] [thread 14617] [13.0] [cxt 0] advanced_tunnel.p4(110) Primitive clone(CloneType.I2E, 0)
[22:28:49.357] [bmv2] [T] [thread 14617] [13.0] [cxt 0] advanced_tunnel.p4(185) Condition "hdr.ipv4.isValid() && !hdr.myTunnel.isValid()" (node_3) is false
[22:28:49.357] [bmv2] [T] [thread 14617] [13.0] [cxt 0] advanced_tunnel.p4(190) Condition "hdr.myTunnel.isValid()" (node_5) is false
[22:28:49.358] [bmv2] [T] [thread 14617] [13.0] [cxt 0] advanced_tunnel.p4(195) Condition "hdr.ipv4.isValid()" (node_7) is false
[22:28:49.358] [bmv2] [D] [thread 14617] [13.0] [cxt 0] Pipeline 'ingress': end
[22:28:49.358] [bmv2] [D] [thread 14617] [13.0] [cxt 0] Cloning packet at ingress
[22:28:49.358] [bmv2] [D] [thread 14617] [13.0] [cxt 0] Egress port is 0
[22:28:49.358] [bmv2] [D] [thread 14618] [13.0] [cxt 0] Pipeline 'egress': start
[22:28:49.358] [bmv2] [D] [thread 14618] [13.0] [cxt 0] Pipeline 'egress': end
[22:28:49.359] [bmv2] [D] [thread 14618] [13.0] [cxt 0] Deparser 'deparser': start
[22:28:49.359] [bmv2] [T] [thread 14618] [13.0] [cxt 0] Skipping checksum 'cksum' update because condition not met
[22:28:49.359] [bmv2] [D] [thread 14618] [13.0] [cxt 0] Deparsing header 'ethernet'
[22:28:49.359] [bmv2] [D] [thread 14618] [13.0] [cxt 0] Deparser 'deparser': end
[22:28:49.359] [bmv2] [D] [thread 14622] [13.0] [cxt 0] Transmitting packet of size 70 out of port 0
[22:28:49.522] [bmv2] [D] [thread 14617] [14.0] [cxt 0] Processing packet received on port 2
[22:28:49.523] [bmv2] [D] [thread 14617] [14.0] [cxt 0] Parser 'parser': start
[22:28:49.525] [bmv2] [D] [thread 14617] [14.0] [cxt 0] Parser 'parser' entering state 'start'
[22:28:49.525] [bmv2] [D] [thread 14617] [14.0] [cxt 0] Extracting header 'ethernet'
[22:28:49.526] [bmv2] [D] [thread 14617] [14.0] [cxt 0] Parser state 'start': key is 86dd
[22:28:49.526] [bmv2] [T] [thread 14617] [14.0] [cxt 0] Bytes parsed: 14
[22:28:49.526] [bmv2] [D] [thread 14617] [14.0] [cxt 0] Parser 'parser': end
[22:28:49.526] [bmv2] [D] [thread 14617] [14.0] [cxt 0] Pipeline 'ingress': start
[22:28:49.527] [bmv2] [T] [thread 14617] [14.0] [cxt 0] Applying table 'tbl_mirror'
[22:28:49.527] [bmv2] [D] [thread 14617] [14.0] [cxt 0] Looking up key:

[22:28:49.527] [bmv2] [D] [thread 14617] [14.0] [cxt 0] Table 'tbl_mirror': miss
[22:28:49.527] [bmv2] [D] [thread 14617] [14.0] [cxt 0] Action entry is MyIngress.mirror - 
[22:28:49.527] [bmv2] [T] [thread 14617] [14.0] [cxt 0] Action MyIngress.mirror
[22:28:49.528] [bmv2] [T] [thread 14617] [14.0] [cxt 0] advanced_tunnel.p4(110) Primitive clone(CloneType.I2E, 0)
[22:28:49.528] [bmv2] [T] [thread 14617] [14.0] [cxt 0] advanced_tunnel.p4(185) Condition "hdr.ipv4.isValid() && !hdr.myTunnel.isValid()" (node_3) is false
[22:28:49.528] [bmv2] [T] [thread 14617] [14.0] [cxt 0] advanced_tunnel.p4(190) Condition "hdr.myTunnel.isValid()" (node_5) is false
[22:28:49.528] [bmv2] [T] [thread 14617] [14.0] [cxt 0] advanced_tunnel.p4(195) Condition "hdr.ipv4.isValid()" (node_7) is false
[22:28:49.528] [bmv2] [D] [thread 14617] [14.0] [cxt 0] Pipeline 'ingress': end
[22:28:49.528] [bmv2] [D] [thread 14617] [14.0] [cxt 0] Cloning packet at ingress
[22:28:49.529] [bmv2] [D] [thread 14617] [14.0] [cxt 0] Egress port is 0
[22:28:49.529] [bmv2] [D] [thread 14618] [14.0] [cxt 0] Pipeline 'egress': start
[22:28:49.529] [bmv2] [D] [thread 14618] [14.0] [cxt 0] Pipeline 'egress': end
[22:28:49.529] [bmv2] [D] [thread 14618] [14.0] [cxt 0] Deparser 'deparser': start
[22:28:49.529] [bmv2] [T] [thread 14618] [14.0] [cxt 0] Skipping checksum 'cksum' update because condition not met
[22:28:49.530] [bmv2] [D] [thread 14618] [14.0] [cxt 0] Deparsing header 'ethernet'
[22:28:49.530] [bmv2] [D] [thread 14618] [14.0] [cxt 0] Deparser 'deparser': end
[22:28:49.530] [bmv2] [D] [thread 14622] [14.0] [cxt 0] Transmitting packet of size 70 out of port 0
[22:28:49.836] [bmv2] [D] [thread 14617] [15.0] [cxt 0] Processing packet received on port 2
[22:28:49.836] [bmv2] [D] [thread 14617] [15.0] [cxt 0] Parser 'parser': start
[22:28:49.837] [bmv2] [D] [thread 14617] [15.0] [cxt 0] Parser 'parser' entering state 'start'
[22:28:49.837] [bmv2] [D] [thread 14617] [15.0] [cxt 0] Extracting header 'ethernet'
[22:28:49.837] [bmv2] [D] [thread 14617] [15.0] [cxt 0] Parser state 'start': key is 86dd
[22:28:49.837] [bmv2] [T] [thread 14617] [15.0] [cxt 0] Bytes parsed: 14
[22:28:49.837] [bmv2] [D] [thread 14617] [15.0] [cxt 0] Parser 'parser': end
[22:28:49.837] [bmv2] [D] [thread 14617] [15.0] [cxt 0] Pipeline 'ingress': start
[22:28:49.838] [bmv2] [T] [thread 14617] [15.0] [cxt 0] Applying table 'tbl_mirror'
[22:28:49.838] [bmv2] [D] [thread 14617] [15.0] [cxt 0] Looking up key:

[22:28:49.838] [bmv2] [D] [thread 14617] [15.0] [cxt 0] Table 'tbl_mirror': miss
[22:28:49.838] [bmv2] [D] [thread 14617] [15.0] [cxt 0] Action entry is MyIngress.mirror - 
[22:28:49.838] [bmv2] [T] [thread 14617] [15.0] [cxt 0] Action MyIngress.mirror
[22:28:49.838] [bmv2] [T] [thread 14617] [15.0] [cxt 0] advanced_tunnel.p4(110) Primitive clone(CloneType.I2E, 0)
[22:28:49.838] [bmv2] [T] [thread 14617] [15.0] [cxt 0] advanced_tunnel.p4(185) Condition "hdr.ipv4.isValid() && !hdr.myTunnel.isValid()" (node_3) is false
[22:28:49.839] [bmv2] [T] [thread 14617] [15.0] [cxt 0] advanced_tunnel.p4(190) Condition "hdr.myTunnel.isValid()" (node_5) is false
[22:28:49.839] [bmv2] [T] [thread 14617] [15.0] [cxt 0] advanced_tunnel.p4(195) Condition "hdr.ipv4.isValid()" (node_7) is false
[22:28:49.839] [bmv2] [D] [thread 14617] [15.0] [cxt 0] Pipeline 'ingress': end
[22:28:49.839] [bmv2] [D] [thread 14617] [15.0] [cxt 0] Cloning packet at ingress
[22:28:49.839] [bmv2] [D] [thread 14617] [15.0] [cxt 0] Egress port is 0
[22:28:49.839] [bmv2] [D] [thread 14618] [15.0] [cxt 0] Pipeline 'egress': start
[22:28:49.840] [bmv2] [D] [thread 14618] [15.0] [cxt 0] Pipeline 'egress': end
[22:28:49.840] [bmv2] [D] [thread 14618] [15.0] [cxt 0] Deparser 'deparser': start
[22:28:49.840] [bmv2] [T] [thread 14618] [15.0] [cxt 0] Skipping checksum 'cksum' update because condition not met
[22:28:49.840] [bmv2] [D] [thread 14618] [15.0] [cxt 0] Deparsing header 'ethernet'
[22:28:49.840] [bmv2] [D] [thread 14618] [15.0] [cxt 0] Deparser 'deparser': end
[22:28:49.840] [bmv2] [D] [thread 14622] [15.0] [cxt 0] Transmitting packet of size 70 out of port 0
New connection
P4Runtime SetForwardingPipelineConfig
[22:28:51.732] [bmv2] [W] [thread 14654] [P4Runtime] p4::tmp::P4DeviceConfig is deprecated
[22:28:51.734] [bmv2] [D] [thread 14654] Set default default entry for table 'tbl_mirror': MyIngress.mirror - 
[22:28:51.735] [bmv2] [D] [thread 14654] Set default default entry for table 'MyIngress.ipv4_lpm': NoAction - 
[22:28:51.735] [bmv2] [D] [thread 14654] Set default default entry for table 'MyIngress.myTunnel_exact': MyIngress.drop - 
[22:28:51.735] [bmv2] [D] [thread 14654] Set default default entry for table 'MyIngress.drop_table': NoAction - 
P4Runtime Write
device_id: 2
election_id {
  low: 1
}
updates {
  type: INSERT
  entity {
    table_entry {
      table_id: 33568551
      match {
        field_id: 1
        exact {
          value: "\001,"
        }
      }
      action {
        action {
          action_id: 16842425
          params {
            param_id: 1
            value: "\010\000\000\000\0033"
          }
          params {
            param_id: 2
            value: "\000\001"
          }
        }
      }
    }
  }
}
[22:28:51.774] [bmv2] [D] [thread 14654] Entry 0 added to table 'MyIngress.myTunnel_exact'
[22:28:51.774] [bmv2] [D] [thread 14654] Dumping entry 0
Match key:
* hdr.myTunnel.dst_id : EXACT     012c
Action entry: MyIngress.myTunnel_egress - 80000000333,1,

P4Runtime Write
device_id: 2
election_id {
  low: 1
}
updates {
  type: INSERT
  entity {
    table_entry {
      table_id: 33574068
      match {
        field_id: 1
        lpm {
          value: "\n\000\001\001"
          prefix_len: 32
        }
      }
      action {
        action {
          action_id: 16841214
          params {
            param_id: 1
            value: "\001\220"
          }
        }
      }
    }
  }
}
[22:28:51.777] [bmv2] [D] [thread 14654] Entry 0 added to table 'MyIngress.ipv4_lpm'
[22:28:51.777] [bmv2] [D] [thread 14654] Dumping entry 0
Match key:
* hdr.ipv4.dstAddr    : LPM       0a000101/32
Action entry: MyIngress.myTunnel_ingress - 190,

P4Runtime Write
device_id: 2
election_id {
  low: 1
}
updates {
  type: INSERT
  entity {
    table_entry {
      table_id: 33568551
      match {
        field_id: 1
        exact {
          value: "\001\220"
        }
      }
      action {
        action {
          action_id: 16837959
          params {
            param_id: 1
            value: "\000\002"
          }
        }
      }
    }
  }
}
[22:28:51.780] [bmv2] [D] [thread 14654] Entry 1 added to table 'MyIngress.myTunnel_exact'
[22:28:51.780] [bmv2] [D] [thread 14654] Dumping entry 1
Match key:
* hdr.myTunnel.dst_id : EXACT     0190
Action entry: MyIngress.myTunnel_forward - 2,

P4Runtime Write
device_id: 2
election_id {
  low: 1
}
updates {
  type: INSERT
  entity {
    table_entry {
      table_id: 33568551
      match {
        field_id: 1
        exact {
          value: "\001\364"
        }
      }
      action {
        action {
          action_id: 16842425
          params {
            param_id: 1
            value: "\010\000\000\000\0033"
          }
          params {
            param_id: 2
            value: "\000\001"
          }
        }
      }
    }
  }
}
[22:28:51.793] [bmv2] [D] [thread 14654] Entry 2 added to table 'MyIngress.myTunnel_exact'
[22:28:51.793] [bmv2] [D] [thread 14654] Dumping entry 2
Match key:
* hdr.myTunnel.dst_id : EXACT     01f4
Action entry: MyIngress.myTunnel_egress - 80000000333,1,

P4Runtime Write
device_id: 2
election_id {
  low: 1
}
updates {
  type: INSERT
  entity {
    table_entry {
      table_id: 33574068
      match {
        field_id: 1
        lpm {
          value: "\n\000\002\002"
          prefix_len: 32
        }
      }
      action {
        action {
          action_id: 16841214
          params {
            param_id: 1
            value: "\002X"
          }
        }
      }
    }
  }
}
[22:28:51.795] [bmv2] [D] [thread 14654] Entry 1 added to table 'MyIngress.ipv4_lpm'
[22:28:51.795] [bmv2] [D] [thread 14654] Dumping entry 1
Match key:
* hdr.ipv4.dstAddr    : LPM       0a000202/32
Action entry: MyIngress.myTunnel_ingress - 258,

P4Runtime Write
device_id: 2
election_id {
  low: 1
}
updates {
  type: INSERT
  entity {
    table_entry {
      table_id: 33568551
      match {
        field_id: 1
        exact {
          value: "\002X"
        }
      }
      action {
        action {
          action_id: 16837959
          params {
            param_id: 1
            value: "\000\003"
          }
        }
      }
    }
  }
}
[22:28:51.798] [bmv2] [D] [thread 14654] Entry 3 added to table 'MyIngress.myTunnel_exact'
[22:28:51.798] [bmv2] [D] [thread 14654] Dumping entry 3
Match key:
* hdr.myTunnel.dst_id : EXACT     0258
Action entry: MyIngress.myTunnel_forward - 3,

P4Runtime Read
device_id: 2
entities {
  table_entry {
  }
}
[22:28:53.029] [bmv2] [D] [thread 14617] [16.0] [cxt 0] Processing packet received on port 1
[22:28:53.029] [bmv2] [D] [thread 14617] [16.0] [cxt 0] Parser 'parser': start
[22:28:53.029] [bmv2] [D] [thread 14617] [16.0] [cxt 0] Parser 'parser' entering state 'start'
[22:28:53.030] [bmv2] [D] [thread 14617] [16.0] [cxt 0] Extracting header 'ethernet'
[22:28:53.030] [bmv2] [D] [thread 14617] [16.0] [cxt 0] Parser state 'start': key is 86dd
[22:28:53.030] [bmv2] [T] [thread 14617] [16.0] [cxt 0] Bytes parsed: 14
[22:28:53.030] [bmv2] [D] [thread 14617] [16.0] [cxt 0] Parser 'parser': end
[22:28:53.030] [bmv2] [D] [thread 14617] [16.0] [cxt 0] Pipeline 'ingress': start
[22:28:53.030] [bmv2] [T] [thread 14617] [16.0] [cxt 0] Applying table 'tbl_mirror'
[22:28:53.031] [bmv2] [D] [thread 14617] [16.0] [cxt 0] Looking up key:

[22:28:53.031] [bmv2] [D] [thread 14617] [16.0] [cxt 0] Table 'tbl_mirror': miss
[22:28:53.031] [bmv2] [D] [thread 14617] [16.0] [cxt 0] Action entry is MyIngress.mirror - 
[22:28:53.031] [bmv2] [T] [thread 14617] [16.0] [cxt 0] Action MyIngress.mirror
[22:28:53.031] [bmv2] [T] [thread 14617] [16.0] [cxt 0] advanced_tunnel.p4(110) Primitive clone(CloneType.I2E, 0)
[22:28:53.031] [bmv2] [T] [thread 14617] [16.0] [cxt 0] advanced_tunnel.p4(185) Condition "hdr.ipv4.isValid() && !hdr.myTunnel.isValid()" (node_3) is false
[22:28:53.031] [bmv2] [T] [thread 14617] [16.0] [cxt 0] advanced_tunnel.p4(190) Condition "hdr.myTunnel.isValid()" (node_5) is false
[22:28:53.032] [bmv2] [T] [thread 14617] [16.0] [cxt 0] advanced_tunnel.p4(195) Condition "hdr.ipv4.isValid()" (node_7) is false
[22:28:53.032] [bmv2] [D] [thread 14617] [16.0] [cxt 0] Pipeline 'ingress': end
[22:28:53.032] [bmv2] [D] [thread 14617] [16.0] [cxt 0] Cloning packet at ingress
[22:28:53.032] [bmv2] [D] [thread 14617] [16.0] [cxt 0] Egress port is 0
[22:28:53.032] [bmv2] [D] [thread 14618] [16.0] [cxt 0] Pipeline 'egress': start
[22:28:53.033] [bmv2] [D] [thread 14618] [16.0] [cxt 0] Pipeline 'egress': end
[22:28:53.033] [bmv2] [D] [thread 14618] [16.0] [cxt 0] Deparser 'deparser': start
[22:28:53.033] [bmv2] [T] [thread 14618] [16.0] [cxt 0] Skipping checksum 'cksum' update because condition not met
[22:28:53.033] [bmv2] [D] [thread 14618] [16.0] [cxt 0] Deparsing header 'ethernet'
[22:28:53.033] [bmv2] [D] [thread 14618] [16.0] [cxt 0] Deparser 'deparser': end
[22:28:53.033] [bmv2] [D] [thread 14622] [16.0] [cxt 0] Transmitting packet of size 70 out of port 0
[22:28:53.213] [bmv2] [D] [thread 14617] [17.0] [cxt 0] Processing packet received on port 3
[22:28:53.213] [bmv2] [D] [thread 14617] [17.0] [cxt 0] Parser 'parser': start
[22:28:53.213] [bmv2] [D] [thread 14617] [17.0] [cxt 0] Parser 'parser' entering state 'start'
[22:28:53.213] [bmv2] [D] [thread 14617] [17.0] [cxt 0] Extracting header 'ethernet'
[22:28:53.214] [bmv2] [D] [thread 14617] [17.0] [cxt 0] Parser state 'start': key is 86dd
[22:28:53.214] [bmv2] [T] [thread 14617] [17.0] [cxt 0] Bytes parsed: 14
[22:28:53.214] [bmv2] [D] [thread 14617] [17.0] [cxt 0] Parser 'parser': end
[22:28:53.214] [bmv2] [D] [thread 14617] [17.0] [cxt 0] Pipeline 'ingress': start
[22:28:53.214] [bmv2] [T] [thread 14617] [17.0] [cxt 0] Applying table 'tbl_mirror'
[22:28:53.214] [bmv2] [D] [thread 14617] [17.0] [cxt 0] Looking up key:

[22:28:53.214] [bmv2] [D] [thread 14617] [17.0] [cxt 0] Table 'tbl_mirror': miss
[22:28:53.214] [bmv2] [D] [thread 14617] [17.0] [cxt 0] Action entry is MyIngress.mirror - 
[22:28:53.214] [bmv2] [T] [thread 14617] [17.0] [cxt 0] Action MyIngress.mirror
[22:28:53.215] [bmv2] [T] [thread 14617] [17.0] [cxt 0] advanced_tunnel.p4(110) Primitive clone(CloneType.I2E, 0)
[22:28:53.215] [bmv2] [T] [thread 14617] [17.0] [cxt 0] advanced_tunnel.p4(185) Condition "hdr.ipv4.isValid() && !hdr.myTunnel.isValid()" (node_3) is false
[22:28:53.215] [bmv2] [T] [thread 14617] [17.0] [cxt 0] advanced_tunnel.p4(190) Condition "hdr.myTunnel.isValid()" (node_5) is false
[22:28:53.215] [bmv2] [T] [thread 14617] [17.0] [cxt 0] advanced_tunnel.p4(195) Condition "hdr.ipv4.isValid()" (node_7) is false
[22:28:53.215] [bmv2] [D] [thread 14617] [17.0] [cxt 0] Pipeline 'ingress': end
[22:28:53.215] [bmv2] [D] [thread 14617] [17.0] [cxt 0] Cloning packet at ingress
[22:28:53.215] [bmv2] [D] [thread 14617] [17.0] [cxt 0] Egress port is 0
[22:28:53.216] [bmv2] [D] [thread 14618] [17.0] [cxt 0] Pipeline 'egress': start
[22:28:53.216] [bmv2] [D] [thread 14618] [17.0] [cxt 0] Pipeline 'egress': end
[22:28:53.216] [bmv2] [D] [thread 14618] [17.0] [cxt 0] Deparser 'deparser': start
[22:28:53.216] [bmv2] [T] [thread 14618] [17.0] [cxt 0] Skipping checksum 'cksum' update because condition not met
[22:28:53.216] [bmv2] [D] [thread 14618] [17.0] [cxt 0] Deparsing header 'ethernet'
[22:28:53.216] [bmv2] [D] [thread 14618] [17.0] [cxt 0] Deparser 'deparser': end
[22:28:53.217] [bmv2] [D] [thread 14622] [17.0] [cxt 0] Transmitting packet of size 70 out of port 0
[22:28:53.357] [bmv2] [D] [thread 14617] [18.0] [cxt 0] Processing packet received on port 3
[22:28:53.357] [bmv2] [D] [thread 14617] [18.0] [cxt 0] Parser 'parser': start
[22:28:53.357] [bmv2] [D] [thread 14617] [18.0] [cxt 0] Parser 'parser' entering state 'start'
[22:28:53.358] [bmv2] [D] [thread 14617] [18.0] [cxt 0] Extracting header 'ethernet'
[22:28:53.358] [bmv2] [D] [thread 14617] [18.0] [cxt 0] Parser state 'start': key is 86dd
[22:28:53.358] [bmv2] [T] [thread 14617] [18.0] [cxt 0] Bytes parsed: 14
[22:28:53.358] [bmv2] [D] [thread 14617] [18.0] [cxt 0] Parser 'parser': end
[22:28:53.358] [bmv2] [D] [thread 14617] [18.0] [cxt 0] Pipeline 'ingress': start
[22:28:53.359] [bmv2] [T] [thread 14617] [18.0] [cxt 0] Applying table 'tbl_mirror'
[22:28:53.359] [bmv2] [D] [thread 14617] [18.0] [cxt 0] Looking up key:

[22:28:53.359] [bmv2] [D] [thread 14617] [18.0] [cxt 0] Table 'tbl_mirror': miss
[22:28:53.359] [bmv2] [D] [thread 14617] [18.0] [cxt 0] Action entry is MyIngress.mirror - 
[22:28:53.359] [bmv2] [T] [thread 14617] [18.0] [cxt 0] Action MyIngress.mirror
[22:28:53.359] [bmv2] [T] [thread 14617] [18.0] [cxt 0] advanced_tunnel.p4(110) Primitive clone(CloneType.I2E, 0)
[22:28:53.360] [bmv2] [T] [thread 14617] [18.0] [cxt 0] advanced_tunnel.p4(185) Condition "hdr.ipv4.isValid() && !hdr.myTunnel.isValid()" (node_3) is false
[22:28:53.360] [bmv2] [T] [thread 14617] [18.0] [cxt 0] advanced_tunnel.p4(190) Condition "hdr.myTunnel.isValid()" (node_5) is false
[22:28:53.360] [bmv2] [T] [thread 14617] [18.0] [cxt 0] advanced_tunnel.p4(195) Condition "hdr.ipv4.isValid()" (node_7) is false
[22:28:53.360] [bmv2] [D] [thread 14617] [18.0] [cxt 0] Pipeline 'ingress': end
[22:28:53.360] [bmv2] [D] [thread 14617] [18.0] [cxt 0] Cloning packet at ingress
[22:28:53.360] [bmv2] [D] [thread 14617] [18.0] [cxt 0] Egress port is 0
[22:28:53.360] [bmv2] [D] [thread 14618] [18.0] [cxt 0] Pipeline 'egress': start
[22:28:53.360] [bmv2] [D] [thread 14618] [18.0] [cxt 0] Pipeline 'egress': end
[22:28:53.360] [bmv2] [D] [thread 14618] [18.0] [cxt 0] Deparser 'deparser': start
[22:28:53.361] [bmv2] [T] [thread 14618] [18.0] [cxt 0] Skipping checksum 'cksum' update because condition not met
[22:28:53.361] [bmv2] [D] [thread 14618] [18.0] [cxt 0] Deparsing header 'ethernet'
[22:28:53.361] [bmv2] [D] [thread 14618] [18.0] [cxt 0] Deparser 'deparser': end
[22:28:53.361] [bmv2] [D] [thread 14622] [18.0] [cxt 0] Transmitting packet of size 70 out of port 0
[22:28:53.533] [bmv2] [D] [thread 14617] [19.0] [cxt 0] Processing packet received on port 2
[22:28:53.533] [bmv2] [D] [thread 14617] [19.0] [cxt 0] Parser 'parser': start
[22:28:53.533] [bmv2] [D] [thread 14617] [19.0] [cxt 0] Parser 'parser' entering state 'start'
[22:28:53.533] [bmv2] [D] [thread 14617] [19.0] [cxt 0] Extracting header 'ethernet'
[22:28:53.533] [bmv2] [D] [thread 14617] [19.0] [cxt 0] Parser state 'start': key is 86dd
[22:28:53.533] [bmv2] [T] [thread 14617] [19.0] [cxt 0] Bytes parsed: 14
[22:28:53.534] [bmv2] [D] [thread 14617] [19.0] [cxt 0] Parser 'parser': end
[22:28:53.534] [bmv2] [D] [thread 14617] [19.0] [cxt 0] Pipeline 'ingress': start
[22:28:53.534] [bmv2] [T] [thread 14617] [19.0] [cxt 0] Applying table 'tbl_mirror'
[22:28:53.534] [bmv2] [D] [thread 14617] [19.0] [cxt 0] Looking up key:

[22:28:53.534] [bmv2] [D] [thread 14617] [19.0] [cxt 0] Table 'tbl_mirror': miss
[22:28:53.534] [bmv2] [D] [thread 14617] [19.0] [cxt 0] Action entry is MyIngress.mirror - 
[22:28:53.534] [bmv2] [T] [thread 14617] [19.0] [cxt 0] Action MyIngress.mirror
[22:28:53.534] [bmv2] [T] [thread 14617] [19.0] [cxt 0] advanced_tunnel.p4(110) Primitive clone(CloneType.I2E, 0)
[22:28:53.534] [bmv2] [T] [thread 14617] [19.0] [cxt 0] advanced_tunnel.p4(185) Condition "hdr.ipv4.isValid() && !hdr.myTunnel.isValid()" (node_3) is false
[22:28:53.535] [bmv2] [T] [thread 14617] [19.0] [cxt 0] advanced_tunnel.p4(190) Condition "hdr.myTunnel.isValid()" (node_5) is false
[22:28:53.535] [bmv2] [T] [thread 14617] [19.0] [cxt 0] advanced_tunnel.p4(195) Condition "hdr.ipv4.isValid()" (node_7) is false
[22:28:53.535] [bmv2] [D] [thread 14617] [19.0] [cxt 0] Pipeline 'ingress': end
[22:28:53.535] [bmv2] [D] [thread 14617] [19.0] [cxt 0] Cloning packet at ingress
[22:28:53.535] [bmv2] [D] [thread 14617] [19.0] [cxt 0] Egress port is 0
[22:28:53.535] [bmv2] [D] [thread 14618] [19.0] [cxt 0] Pipeline 'egress': start
[22:28:53.535] [bmv2] [D] [thread 14618] [19.0] [cxt 0] Pipeline 'egress': end
[22:28:53.535] [bmv2] [D] [thread 14618] [19.0] [cxt 0] Deparser 'deparser': start
[22:28:53.535] [bmv2] [T] [thread 14618] [19.0] [cxt 0] Skipping checksum 'cksum' update because condition not met
[22:28:53.536] [bmv2] [D] [thread 14618] [19.0] [cxt 0] Deparsing header 'ethernet'
[22:28:53.536] [bmv2] [D] [thread 14618] [19.0] [cxt 0] Deparser 'deparser': end
[22:28:53.536] [bmv2] [D] [thread 14622] [19.0] [cxt 0] Transmitting packet of size 70 out of port 0
[22:28:53.837] [bmv2] [D] [thread 14617] [20.0] [cxt 0] Processing packet received on port 2
[22:28:53.837] [bmv2] [D] [thread 14617] [20.0] [cxt 0] Parser 'parser': start
[22:28:53.837] [bmv2] [D] [thread 14617] [20.0] [cxt 0] Parser 'parser' entering state 'start'
[22:28:53.837] [bmv2] [D] [thread 14617] [20.0] [cxt 0] Extracting header 'ethernet'
[22:28:53.837] [bmv2] [D] [thread 14617] [20.0] [cxt 0] Parser state 'start': key is 86dd
[22:28:53.838] [bmv2] [T] [thread 14617] [20.0] [cxt 0] Bytes parsed: 14
[22:28:53.838] [bmv2] [D] [thread 14617] [20.0] [cxt 0] Parser 'parser': end
[22:28:53.838] [bmv2] [D] [thread 14617] [20.0] [cxt 0] Pipeline 'ingress': start
[22:28:53.838] [bmv2] [T] [thread 14617] [20.0] [cxt 0] Applying table 'tbl_mirror'
[22:28:53.838] [bmv2] [D] [thread 14617] [20.0] [cxt 0] Looking up key:

[22:28:53.838] [bmv2] [D] [thread 14617] [20.0] [cxt 0] Table 'tbl_mirror': miss
[22:28:53.838] [bmv2] [D] [thread 14617] [20.0] [cxt 0] Action entry is MyIngress.mirror - 
[22:28:53.838] [bmv2] [T] [thread 14617] [20.0] [cxt 0] Action MyIngress.mirror
[22:28:53.838] [bmv2] [T] [thread 14617] [20.0] [cxt 0] advanced_tunnel.p4(110) Primitive clone(CloneType.I2E, 0)
[22:28:53.838] [bmv2] [T] [thread 14617] [20.0] [cxt 0] advanced_tunnel.p4(185) Condition "hdr.ipv4.isValid() && !hdr.myTunnel.isValid()" (node_3) is false
[22:28:53.838] [bmv2] [T] [thread 14617] [20.0] [cxt 0] advanced_tunnel.p4(190) Condition "hdr.myTunnel.isValid()" (node_5) is false
[22:28:53.838] [bmv2] [T] [thread 14617] [20.0] [cxt 0] advanced_tunnel.p4(195) Condition "hdr.ipv4.isValid()" (node_7) is false
[22:28:53.839] [bmv2] [D] [thread 14617] [20.0] [cxt 0] Pipeline 'ingress': end
[22:28:53.839] [bmv2] [D] [thread 14617] [20.0] [cxt 0] Cloning packet at ingress
[22:28:53.839] [bmv2] [D] [thread 14617] [20.0] [cxt 0] Egress port is 0
[22:28:53.839] [bmv2] [D] [thread 14618] [20.0] [cxt 0] Pipeline 'egress': start
[22:28:53.839] [bmv2] [D] [thread 14618] [20.0] [cxt 0] Pipeline 'egress': end
[22:28:53.839] [bmv2] [D] [thread 14618] [20.0] [cxt 0] Deparser 'deparser': start
[22:28:53.839] [bmv2] [T] [thread 14618] [20.0] [cxt 0] Skipping checksum 'cksum' update because condition not met
[22:28:53.840] [bmv2] [D] [thread 14618] [20.0] [cxt 0] Deparsing header 'ethernet'
[22:28:53.840] [bmv2] [D] [thread 14618] [20.0] [cxt 0] Deparser 'deparser': end
[22:28:53.840] [bmv2] [D] [thread 14622] [20.0] [cxt 0] Transmitting packet of size 70 out of port 0
