Calling target program-options parser
[20:57:18.245] [bmv2] [D] [thread 3414] Set default default entry for table 'MyIngress.ipv4_lpm': MyIngress.drop - 
Adding interface s1-eth1 as port 1
[20:57:18.246] [bmv2] [D] [thread 3414] Adding interface s1-eth1 as port 1
Adding interface s1-eth2 as port 2
[20:57:18.343] [bmv2] [D] [thread 3414] Adding interface s1-eth2 as port 2
Adding interface s1-eth3 as port 3
[20:57:18.557] [bmv2] [D] [thread 3414] Adding interface s1-eth3 as port 3
Adding interface s1-eth4 as port 4
[20:57:18.698] [bmv2] [D] [thread 3414] Adding interface s1-eth4 as port 4
I0512 20:57:18.790301278    3414 server_builder.cc:247]      Synchronous server. Num CQs: 1, Min pollers: 1, Max Pollers: 2147483647, CQ timeout (msec): 1000
Server listening on 0.0.0.0:50051
[20:57:18.795] [bmv2] [I] [thread 3414] Starting Thrift server on port 9090
[20:57:18.797] [bmv2] [I] [thread 3414] Thrift server was started
[20:57:18.797] [bmv2] [D] [thread 3421] [0.0] [cxt 0] Processing packet received on port 1
[20:57:18.798] [bmv2] [D] [thread 3421] [0.0] [cxt 0] Parser 'parser': start
[20:57:18.798] [bmv2] [D] [thread 3421] [0.0] [cxt 0] Parser 'parser' entering state 'start'
[20:57:18.798] [bmv2] [D] [thread 3421] [0.0] [cxt 0] Extracting header 'ethernet'
[20:57:18.798] [bmv2] [D] [thread 3421] [0.0] [cxt 0] Parser state 'start': key is 86dd
[20:57:18.798] [bmv2] [T] [thread 3421] [0.0] [cxt 0] Bytes parsed: 14
[20:57:18.798] [bmv2] [D] [thread 3421] [0.0] [cxt 0] Parser 'parser': end
[20:57:18.798] [bmv2] [D] [thread 3421] [0.0] [cxt 0] Pipeline 'ingress': start
[20:57:18.798] [bmv2] [T] [thread 3421] [0.0] [cxt 0] basic.p4(114) Condition "hdr.ipv4.isValid()" (node_2) is false
[20:57:18.798] [bmv2] [D] [thread 3421] [0.0] [cxt 0] Pipeline 'ingress': end
[20:57:18.799] [bmv2] [D] [thread 3421] [0.0] [cxt 0] Egress port is 0
[20:57:18.799] [bmv2] [D] [thread 3421] [1.0] [cxt 0] Processing packet received on port 3
[20:57:18.799] [bmv2] [D] [thread 3421] [1.0] [cxt 0] Parser 'parser': start
[20:57:18.799] [bmv2] [D] [thread 3421] [1.0] [cxt 0] Parser 'parser' entering state 'start'
[20:57:18.799] [bmv2] [D] [thread 3421] [1.0] [cxt 0] Extracting header 'ethernet'
[20:57:18.799] [bmv2] [D] [thread 3421] [1.0] [cxt 0] Parser state 'start': key is 86dd
[20:57:18.799] [bmv2] [T] [thread 3421] [1.0] [cxt 0] Bytes parsed: 14
[20:57:18.799] [bmv2] [D] [thread 3421] [1.0] [cxt 0] Parser 'parser': end
[20:57:18.799] [bmv2] [D] [thread 3421] [1.0] [cxt 0] Pipeline 'ingress': start
[20:57:18.800] [bmv2] [T] [thread 3421] [1.0] [cxt 0] basic.p4(114) Condition "hdr.ipv4.isValid()" (node_2) is false
[20:57:18.800] [bmv2] [D] [thread 3421] [1.0] [cxt 0] Pipeline 'ingress': end
[20:57:18.800] [bmv2] [D] [thread 3421] [1.0] [cxt 0] Egress port is 0
[20:57:18.799] [bmv2] [D] [thread 3422] [0.0] [cxt 0] Pipeline 'egress': start
[20:57:18.800] [bmv2] [D] [thread 3422] [0.0] [cxt 0] Pipeline 'egress': end
[20:57:18.800] [bmv2] [D] [thread 3422] [0.0] [cxt 0] Deparser 'deparser': start
[20:57:18.800] [bmv2] [T] [thread 3422] [0.0] [cxt 0] Skipping checksum 'cksum' update because condition not met
[20:57:18.800] [bmv2] [D] [thread 3422] [0.0] [cxt 0] Deparsing header 'ethernet'
[20:57:18.800] [bmv2] [D] [thread 3422] [0.0] [cxt 0] Deparser 'deparser': end
[20:57:18.800] [bmv2] [D] [thread 3422] [1.0] [cxt 0] Pipeline 'egress': start
[20:57:18.800] [bmv2] [D] [thread 3422] [1.0] [cxt 0] Pipeline 'egress': end
[20:57:18.801] [bmv2] [D] [thread 3422] [1.0] [cxt 0] Deparser 'deparser': start
[20:57:18.801] [bmv2] [T] [thread 3422] [1.0] [cxt 0] Skipping checksum 'cksum' update because condition not met
[20:57:18.801] [bmv2] [D] [thread 3422] [1.0] [cxt 0] Deparsing header 'ethernet'
[20:57:18.801] [bmv2] [D] [thread 3422] [1.0] [cxt 0] Deparser 'deparser': end
[20:57:18.801] [bmv2] [D] [thread 3426] [0.0] [cxt 0] Transmitting packet of size 90 out of port 0
[20:57:18.801] [bmv2] [D] [thread 3426] [1.0] [cxt 0] Transmitting packet of size 78 out of port 0
[20:57:18.955] [bmv2] [D] [thread 3421] [2.0] [cxt 0] Processing packet received on port 2
[20:57:18.955] [bmv2] [D] [thread 3421] [2.0] [cxt 0] Parser 'parser': start
[20:57:18.955] [bmv2] [D] [thread 3421] [2.0] [cxt 0] Parser 'parser' entering state 'start'
[20:57:18.955] [bmv2] [D] [thread 3421] [2.0] [cxt 0] Extracting header 'ethernet'
[20:57:18.955] [bmv2] [D] [thread 3421] [2.0] [cxt 0] Parser state 'start': key is 86dd
[20:57:18.955] [bmv2] [T] [thread 3421] [2.0] [cxt 0] Bytes parsed: 14
[20:57:18.956] [bmv2] [D] [thread 3421] [2.0] [cxt 0] Parser 'parser': end
[20:57:18.956] [bmv2] [D] [thread 3421] [2.0] [cxt 0] Pipeline 'ingress': start
[20:57:18.956] [bmv2] [T] [thread 3421] [2.0] [cxt 0] basic.p4(114) Condition "hdr.ipv4.isValid()" (node_2) is false
[20:57:18.956] [bmv2] [D] [thread 3421] [2.0] [cxt 0] Pipeline 'ingress': end
[20:57:18.956] [bmv2] [D] [thread 3421] [2.0] [cxt 0] Egress port is 0
[20:57:18.956] [bmv2] [D] [thread 3421] [3.0] [cxt 0] Processing packet received on port 2
[20:57:18.956] [bmv2] [D] [thread 3421] [3.0] [cxt 0] Parser 'parser': start
[20:57:18.956] [bmv2] [D] [thread 3421] [3.0] [cxt 0] Parser 'parser' entering state 'start'
[20:57:18.956] [bmv2] [D] [thread 3421] [3.0] [cxt 0] Extracting header 'ethernet'
[20:57:18.956] [bmv2] [D] [thread 3421] [3.0] [cxt 0] Parser state 'start': key is 86dd
[20:57:18.956] [bmv2] [T] [thread 3421] [3.0] [cxt 0] Bytes parsed: 14
[20:57:18.957] [bmv2] [D] [thread 3421] [3.0] [cxt 0] Parser 'parser': end
[20:57:18.957] [bmv2] [D] [thread 3421] [3.0] [cxt 0] Pipeline 'ingress': start
[20:57:18.957] [bmv2] [T] [thread 3421] [3.0] [cxt 0] basic.p4(114) Condition "hdr.ipv4.isValid()" (node_2) is false
[20:57:18.957] [bmv2] [D] [thread 3421] [3.0] [cxt 0] Pipeline 'ingress': end
[20:57:18.957] [bmv2] [D] [thread 3421] [3.0] [cxt 0] Egress port is 0
[20:57:18.956] [bmv2] [D] [thread 3422] [2.0] [cxt 0] Pipeline 'egress': start
[20:57:18.957] [bmv2] [D] [thread 3422] [2.0] [cxt 0] Pipeline 'egress': end
[20:57:18.957] [bmv2] [D] [thread 3422] [2.0] [cxt 0] Deparser 'deparser': start
[20:57:18.957] [bmv2] [T] [thread 3422] [2.0] [cxt 0] Skipping checksum 'cksum' update because condition not met
[20:57:18.957] [bmv2] [D] [thread 3422] [2.0] [cxt 0] Deparsing header 'ethernet'
[20:57:18.957] [bmv2] [D] [thread 3422] [2.0] [cxt 0] Deparser 'deparser': end
[20:57:18.958] [bmv2] [D] [thread 3422] [3.0] [cxt 0] Pipeline 'egress': start
[20:57:18.958] [bmv2] [D] [thread 3422] [3.0] [cxt 0] Pipeline 'egress': end
[20:57:18.958] [bmv2] [D] [thread 3422] [3.0] [cxt 0] Deparser 'deparser': start
[20:57:18.958] [bmv2] [T] [thread 3422] [3.0] [cxt 0] Skipping checksum 'cksum' update because condition not met
[20:57:18.958] [bmv2] [D] [thread 3422] [3.0] [cxt 0] Deparsing header 'ethernet'
[20:57:18.958] [bmv2] [D] [thread 3422] [3.0] [cxt 0] Deparser 'deparser': end
[20:57:18.958] [bmv2] [D] [thread 3426] [2.0] [cxt 0] Transmitting packet of size 90 out of port 0
[20:57:18.958] [bmv2] [D] [thread 3426] [3.0] [cxt 0] Transmitting packet of size 70 out of port 0
[20:57:19.105] [bmv2] [D] [thread 3421] [4.0] [cxt 0] Processing packet received on port 1
[20:57:19.106] [bmv2] [D] [thread 3421] [4.0] [cxt 0] Parser 'parser': start
[20:57:19.106] [bmv2] [D] [thread 3421] [4.0] [cxt 0] Parser 'parser' entering state 'start'
[20:57:19.107] [bmv2] [D] [thread 3421] [4.0] [cxt 0] Extracting header 'ethernet'
[20:57:19.107] [bmv2] [D] [thread 3421] [4.0] [cxt 0] Parser state 'start': key is 86dd
[20:57:19.107] [bmv2] [T] [thread 3421] [4.0] [cxt 0] Bytes parsed: 14
[20:57:19.107] [bmv2] [D] [thread 3421] [4.0] [cxt 0] Parser 'parser': end
[20:57:19.107] [bmv2] [D] [thread 3421] [4.0] [cxt 0] Pipeline 'ingress': start
[20:57:19.107] [bmv2] [T] [thread 3421] [4.0] [cxt 0] basic.p4(114) Condition "hdr.ipv4.isValid()" (node_2) is false
[20:57:19.108] [bmv2] [D] [thread 3421] [4.0] [cxt 0] Pipeline 'ingress': end
[20:57:19.108] [bmv2] [D] [thread 3421] [4.0] [cxt 0] Egress port is 0
[20:57:19.108] [bmv2] [D] [thread 3421] [5.0] [cxt 0] Processing packet received on port 1
[20:57:19.108] [bmv2] [D] [thread 3421] [5.0] [cxt 0] Parser 'parser': start
[20:57:19.108] [bmv2] [D] [thread 3421] [5.0] [cxt 0] Parser 'parser' entering state 'start'
[20:57:19.108] [bmv2] [D] [thread 3422] [4.0] [cxt 0] Pipeline 'egress': start
[20:57:19.109] [bmv2] [D] [thread 3422] [4.0] [cxt 0] Pipeline 'egress': end
[20:57:19.109] [bmv2] [D] [thread 3422] [4.0] [cxt 0] Deparser 'deparser': start
[20:57:19.109] [bmv2] [T] [thread 3422] [4.0] [cxt 0] Skipping checksum 'cksum' update because condition not met
[20:57:19.109] [bmv2] [D] [thread 3422] [4.0] [cxt 0] Deparsing header 'ethernet'
[20:57:19.109] [bmv2] [D] [thread 3422] [4.0] [cxt 0] Deparser 'deparser': end
[20:57:19.108] [bmv2] [D] [thread 3421] [5.0] [cxt 0] Extracting header 'ethernet'
[20:57:19.109] [bmv2] [D] [thread 3421] [5.0] [cxt 0] Parser state 'start': key is 86dd
[20:57:19.110] [bmv2] [T] [thread 3421] [5.0] [cxt 0] Bytes parsed: 14
[20:57:19.110] [bmv2] [D] [thread 3421] [5.0] [cxt 0] Parser 'parser': end
[20:57:19.110] [bmv2] [D] [thread 3421] [5.0] [cxt 0] Pipeline 'ingress': start
[20:57:19.110] [bmv2] [T] [thread 3421] [5.0] [cxt 0] basic.p4(114) Condition "hdr.ipv4.isValid()" (node_2) is false
[20:57:19.110] [bmv2] [D] [thread 3421] [5.0] [cxt 0] Pipeline 'ingress': end
[20:57:19.111] [bmv2] [D] [thread 3421] [5.0] [cxt 0] Egress port is 0
[20:57:19.111] [bmv2] [D] [thread 3421] [6.0] [cxt 0] Processing packet received on port 4
[20:57:19.111] [bmv2] [D] [thread 3421] [6.0] [cxt 0] Parser 'parser': start
[20:57:19.111] [bmv2] [D] [thread 3421] [6.0] [cxt 0] Parser 'parser' entering state 'start'
[20:57:19.109] [bmv2] [D] [thread 3426] [4.0] [cxt 0] Transmitting packet of size 90 out of port 0
[20:57:19.111] [bmv2] [D] [thread 3421] [6.0] [cxt 0] Extracting header 'ethernet'
[20:57:19.111] [bmv2] [D] [thread 3421] [6.0] [cxt 0] Parser state 'start': key is 86dd
[20:57:19.111] [bmv2] [T] [thread 3421] [6.0] [cxt 0] Bytes parsed: 14
[20:57:19.111] [bmv2] [D] [thread 3421] [6.0] [cxt 0] Parser 'parser': end
[20:57:19.111] [bmv2] [D] [thread 3421] [6.0] [cxt 0] Pipeline 'ingress': start
[20:57:19.111] [bmv2] [T] [thread 3421] [6.0] [cxt 0] basic.p4(114) Condition "hdr.ipv4.isValid()" (node_2) is false
[20:57:19.112] [bmv2] [D] [thread 3421] [6.0] [cxt 0] Pipeline 'ingress': end
[20:57:19.112] [bmv2] [D] [thread 3421] [6.0] [cxt 0] Egress port is 0
[20:57:19.112] [bmv2] [D] [thread 3421] [7.0] [cxt 0] Processing packet received on port 4
[20:57:19.112] [bmv2] [D] [thread 3421] [7.0] [cxt 0] Parser 'parser': start
[20:57:19.112] [bmv2] [D] [thread 3421] [7.0] [cxt 0] Parser 'parser' entering state 'start'
[20:57:19.112] [bmv2] [D] [thread 3421] [7.0] [cxt 0] Extracting header 'ethernet'
[20:57:19.112] [bmv2] [D] [thread 3421] [7.0] [cxt 0] Parser state 'start': key is 86dd
[20:57:19.113] [bmv2] [T] [thread 3421] [7.0] [cxt 0] Bytes parsed: 14
[20:57:19.113] [bmv2] [D] [thread 3421] [7.0] [cxt 0] Parser 'parser': end
[20:57:19.113] [bmv2] [D] [thread 3421] [7.0] [cxt 0] Pipeline 'ingress': start
[20:57:19.113] [bmv2] [T] [thread 3421] [7.0] [cxt 0] basic.p4(114) Condition "hdr.ipv4.isValid()" (node_2) is false
[20:57:19.113] [bmv2] [D] [thread 3421] [7.0] [cxt 0] Pipeline 'ingress': end
[20:57:19.113] [bmv2] [D] [thread 3421] [7.0] [cxt 0] Egress port is 0
[20:57:19.113] [bmv2] [D] [thread 3421] [8.0] [cxt 0] Processing packet received on port 4
[20:57:19.113] [bmv2] [D] [thread 3421] [8.0] [cxt 0] Parser 'parser': start
[20:57:19.113] [bmv2] [D] [thread 3421] [8.0] [cxt 0] Parser 'parser' entering state 'start'
[20:57:19.113] [bmv2] [D] [thread 3421] [8.0] [cxt 0] Extracting header 'ethernet'
[20:57:19.113] [bmv2] [D] [thread 3421] [8.0] [cxt 0] Parser state 'start': key is 86dd
[20:57:19.113] [bmv2] [T] [thread 3421] [8.0] [cxt 0] Bytes parsed: 14
[20:57:19.113] [bmv2] [D] [thread 3421] [8.0] [cxt 0] Parser 'parser': end
[20:57:19.114] [bmv2] [D] [thread 3421] [8.0] [cxt 0] Pipeline 'ingress': start
[20:57:19.114] [bmv2] [T] [thread 3421] [8.0] [cxt 0] basic.p4(114) Condition "hdr.ipv4.isValid()" (node_2) is false
[20:57:19.114] [bmv2] [D] [thread 3421] [8.0] [cxt 0] Pipeline 'ingress': end
[20:57:19.114] [bmv2] [D] [thread 3421] [8.0] [cxt 0] Egress port is 0
[20:57:19.114] [bmv2] [D] [thread 3421] [9.0] [cxt 0] Processing packet received on port 4
[20:57:19.114] [bmv2] [D] [thread 3421] [9.0] [cxt 0] Parser 'parser': start
[20:57:19.114] [bmv2] [D] [thread 3421] [9.0] [cxt 0] Parser 'parser' entering state 'start'
[20:57:19.114] [bmv2] [D] [thread 3421] [9.0] [cxt 0] Extracting header 'ethernet'
[20:57:19.114] [bmv2] [D] [thread 3421] [9.0] [cxt 0] Parser state 'start': key is 86dd
[20:57:19.114] [bmv2] [T] [thread 3421] [9.0] [cxt 0] Bytes parsed: 14
[20:57:19.114] [bmv2] [D] [thread 3421] [9.0] [cxt 0] Parser 'parser': end
[20:57:19.114] [bmv2] [D] [thread 3421] [9.0] [cxt 0] Pipeline 'ingress': start
[20:57:19.114] [bmv2] [T] [thread 3421] [9.0] [cxt 0] basic.p4(114) Condition "hdr.ipv4.isValid()" (node_2) is false
[20:57:19.115] [bmv2] [D] [thread 3421] [9.0] [cxt 0] Pipeline 'ingress': end
[20:57:19.115] [bmv2] [D] [thread 3421] [9.0] [cxt 0] Egress port is 0
[20:57:19.111] [bmv2] [D] [thread 3422] [5.0] [cxt 0] Pipeline 'egress': start
[20:57:19.115] [bmv2] [D] [thread 3422] [5.0] [cxt 0] Pipeline 'egress': end
[20:57:19.115] [bmv2] [D] [thread 3422] [5.0] [cxt 0] Deparser 'deparser': start
[20:57:19.115] [bmv2] [T] [thread 3422] [5.0] [cxt 0] Skipping checksum 'cksum' update because condition not met
[20:57:19.115] [bmv2] [D] [thread 3422] [5.0] [cxt 0] Deparsing header 'ethernet'
[20:57:19.115] [bmv2] [D] [thread 3422] [5.0] [cxt 0] Deparser 'deparser': end
[20:57:19.115] [bmv2] [D] [thread 3422] [6.0] [cxt 0] Pipeline 'egress': start
[20:57:19.115] [bmv2] [D] [thread 3422] [6.0] [cxt 0] Pipeline 'egress': end
[20:57:19.116] [bmv2] [D] [thread 3422] [6.0] [cxt 0] Deparser 'deparser': start
[20:57:19.116] [bmv2] [T] [thread 3422] [6.0] [cxt 0] Skipping checksum 'cksum' update because condition not met
[20:57:19.116] [bmv2] [D] [thread 3422] [6.0] [cxt 0] Deparsing header 'ethernet'
[20:57:19.116] [bmv2] [D] [thread 3426] [5.0] [cxt 0] Transmitting packet of size 70 out of port 0
[20:57:19.116] [bmv2] [D] [thread 3422] [6.0] [cxt 0] Deparser 'deparser': end
[20:57:19.116] [bmv2] [D] [thread 3426] [6.0] [cxt 0] Transmitting packet of size 90 out of port 0
[20:57:19.116] [bmv2] [D] [thread 3422] [7.0] [cxt 0] Pipeline 'egress': start
[20:57:19.116] [bmv2] [D] [thread 3422] [7.0] [cxt 0] Pipeline 'egress': end
[20:57:19.116] [bmv2] [D] [thread 3422] [7.0] [cxt 0] Deparser 'deparser': start
[20:57:19.117] [bmv2] [T] [thread 3422] [7.0] [cxt 0] Skipping checksum 'cksum' update because condition not met
[20:57:19.117] [bmv2] [D] [thread 3422] [7.0] [cxt 0] Deparsing header 'ethernet'
[20:57:19.117] [bmv2] [D] [thread 3422] [7.0] [cxt 0] Deparser 'deparser': end
[20:57:19.117] [bmv2] [D] [thread 3426] [7.0] [cxt 0] Transmitting packet of size 70 out of port 0
[20:57:19.117] [bmv2] [D] [thread 3422] [8.0] [cxt 0] Pipeline 'egress': start
[20:57:19.117] [bmv2] [D] [thread 3422] [8.0] [cxt 0] Pipeline 'egress': end
[20:57:19.117] [bmv2] [D] [thread 3422] [8.0] [cxt 0] Deparser 'deparser': start
[20:57:19.118] [bmv2] [T] [thread 3422] [8.0] [cxt 0] Skipping checksum 'cksum' update because condition not met
[20:57:19.118] [bmv2] [D] [thread 3422] [8.0] [cxt 0] Deparsing header 'ethernet'
[20:57:19.118] [bmv2] [D] [thread 3422] [8.0] [cxt 0] Deparser 'deparser': end
[20:57:19.118] [bmv2] [D] [thread 3426] [8.0] [cxt 0] Transmitting packet of size 90 out of port 0
[20:57:19.118] [bmv2] [D] [thread 3422] [9.0] [cxt 0] Pipeline 'egress': start
[20:57:19.118] [bmv2] [D] [thread 3422] [9.0] [cxt 0] Pipeline 'egress': end
[20:57:19.118] [bmv2] [D] [thread 3422] [9.0] [cxt 0] Deparser 'deparser': start
[20:57:19.118] [bmv2] [T] [thread 3422] [9.0] [cxt 0] Skipping checksum 'cksum' update because condition not met
[20:57:19.118] [bmv2] [D] [thread 3422] [9.0] [cxt 0] Deparsing header 'ethernet'
[20:57:19.119] [bmv2] [D] [thread 3422] [9.0] [cxt 0] Deparser 'deparser': end
[20:57:19.119] [bmv2] [D] [thread 3426] [9.0] [cxt 0] Transmitting packet of size 70 out of port 0
[20:57:19.314] [bmv2] [D] [thread 3421] [10.0] [cxt 0] Processing packet received on port 3
[20:57:19.314] [bmv2] [D] [thread 3421] [10.0] [cxt 0] Parser 'parser': start
[20:57:19.314] [bmv2] [D] [thread 3421] [10.0] [cxt 0] Parser 'parser' entering state 'start'
[20:57:19.314] [bmv2] [D] [thread 3421] [10.0] [cxt 0] Extracting header 'ethernet'
[20:57:19.314] [bmv2] [D] [thread 3421] [10.0] [cxt 0] Parser state 'start': key is 86dd
[20:57:19.314] [bmv2] [T] [thread 3421] [10.0] [cxt 0] Bytes parsed: 14
[20:57:19.315] [bmv2] [D] [thread 3421] [10.0] [cxt 0] Parser 'parser': end
[20:57:19.315] [bmv2] [D] [thread 3421] [10.0] [cxt 0] Pipeline 'ingress': start
[20:57:19.315] [bmv2] [T] [thread 3421] [10.0] [cxt 0] basic.p4(114) Condition "hdr.ipv4.isValid()" (node_2) is false
[20:57:19.315] [bmv2] [D] [thread 3421] [10.0] [cxt 0] Pipeline 'ingress': end
[20:57:19.316] [bmv2] [D] [thread 3421] [10.0] [cxt 0] Egress port is 0
[20:57:19.316] [bmv2] [D] [thread 3421] [11.0] [cxt 0] Processing packet received on port 3
[20:57:19.316] [bmv2] [D] [thread 3421] [11.0] [cxt 0] Parser 'parser': start
[20:57:19.316] [bmv2] [D] [thread 3421] [11.0] [cxt 0] Parser 'parser' entering state 'start'
[20:57:19.316] [bmv2] [D] [thread 3421] [11.0] [cxt 0] Extracting header 'ethernet'
[20:57:19.316] [bmv2] [D] [thread 3422] [10.0] [cxt 0] Pipeline 'egress': start
[20:57:19.316] [bmv2] [D] [thread 3422] [10.0] [cxt 0] Pipeline 'egress': end
[20:57:19.317] [bmv2] [D] [thread 3422] [10.0] [cxt 0] Deparser 'deparser': start
[20:57:19.317] [bmv2] [T] [thread 3422] [10.0] [cxt 0] Skipping checksum 'cksum' update because condition not met
[20:57:19.317] [bmv2] [D] [thread 3422] [10.0] [cxt 0] Deparsing header 'ethernet'
[20:57:19.317] [bmv2] [D] [thread 3422] [10.0] [cxt 0] Deparser 'deparser': end
[20:57:19.317] [bmv2] [D] [thread 3426] [10.0] [cxt 0] Transmitting packet of size 90 out of port 0
[20:57:19.316] [bmv2] [D] [thread 3421] [11.0] [cxt 0] Parser state 'start': key is 86dd
[20:57:19.317] [bmv2] [T] [thread 3421] [11.0] [cxt 0] Bytes parsed: 14
[20:57:19.318] [bmv2] [D] [thread 3421] [11.0] [cxt 0] Parser 'parser': end
[20:57:19.318] [bmv2] [D] [thread 3421] [11.0] [cxt 0] Pipeline 'ingress': start
[20:57:19.318] [bmv2] [T] [thread 3421] [11.0] [cxt 0] basic.p4(114) Condition "hdr.ipv4.isValid()" (node_2) is false
[20:57:19.318] [bmv2] [D] [thread 3421] [11.0] [cxt 0] Pipeline 'ingress': end
[20:57:19.318] [bmv2] [D] [thread 3421] [11.0] [cxt 0] Egress port is 0
[20:57:19.318] [bmv2] [D] [thread 3422] [11.0] [cxt 0] Pipeline 'egress': start
[20:57:19.319] [bmv2] [D] [thread 3422] [11.0] [cxt 0] Pipeline 'egress': end
[20:57:19.319] [bmv2] [D] [thread 3422] [11.0] [cxt 0] Deparser 'deparser': start
[20:57:19.319] [bmv2] [T] [thread 3422] [11.0] [cxt 0] Skipping checksum 'cksum' update because condition not met
[20:57:19.319] [bmv2] [D] [thread 3422] [11.0] [cxt 0] Deparsing header 'ethernet'
[20:57:19.319] [bmv2] [D] [thread 3422] [11.0] [cxt 0] Deparser 'deparser': end
[20:57:19.319] [bmv2] [D] [thread 3426] [11.0] [cxt 0] Transmitting packet of size 70 out of port 0
[20:57:19.433] [bmv2] [D] [thread 3421] [12.0] [cxt 0] Processing packet received on port 2
[20:57:19.433] [bmv2] [D] [thread 3421] [12.0] [cxt 0] Parser 'parser': start
[20:57:19.434] [bmv2] [D] [thread 3421] [12.0] [cxt 0] Parser 'parser' entering state 'start'
[20:57:19.434] [bmv2] [D] [thread 3421] [12.0] [cxt 0] Extracting header 'ethernet'
[20:57:19.434] [bmv2] [D] [thread 3421] [12.0] [cxt 0] Parser state 'start': key is 86dd
[20:57:19.434] [bmv2] [T] [thread 3421] [12.0] [cxt 0] Bytes parsed: 14
[20:57:19.434] [bmv2] [D] [thread 3421] [12.0] [cxt 0] Parser 'parser': end
[20:57:19.434] [bmv2] [D] [thread 3421] [12.0] [cxt 0] Pipeline 'ingress': start
[20:57:19.434] [bmv2] [T] [thread 3421] [12.0] [cxt 0] basic.p4(114) Condition "hdr.ipv4.isValid()" (node_2) is false
[20:57:19.434] [bmv2] [D] [thread 3421] [12.0] [cxt 0] Pipeline 'ingress': end
[20:57:19.434] [bmv2] [D] [thread 3421] [12.0] [cxt 0] Egress port is 0
[20:57:19.434] [bmv2] [D] [thread 3421] [13.0] [cxt 0] Processing packet received on port 4
[20:57:19.434] [bmv2] [D] [thread 3421] [13.0] [cxt 0] Parser 'parser': start
[20:57:19.435] [bmv2] [D] [thread 3421] [13.0] [cxt 0] Parser 'parser' entering state 'start'
[20:57:19.435] [bmv2] [D] [thread 3421] [13.0] [cxt 0] Extracting header 'ethernet'
[20:57:19.434] [bmv2] [D] [thread 3422] [12.0] [cxt 0] Pipeline 'egress': start
[20:57:19.435] [bmv2] [D] [thread 3422] [12.0] [cxt 0] Pipeline 'egress': end
[20:57:19.435] [bmv2] [D] [thread 3421] [13.0] [cxt 0] Parser state 'start': key is 86dd
[20:57:19.435] [bmv2] [T] [thread 3421] [13.0] [cxt 0] Bytes parsed: 14
[20:57:19.435] [bmv2] [D] [thread 3421] [13.0] [cxt 0] Parser 'parser': end
[20:57:19.435] [bmv2] [D] [thread 3421] [13.0] [cxt 0] Pipeline 'ingress': start
[20:57:19.435] [bmv2] [T] [thread 3421] [13.0] [cxt 0] basic.p4(114) Condition "hdr.ipv4.isValid()" (node_2) is false
[20:57:19.436] [bmv2] [D] [thread 3421] [13.0] [cxt 0] Pipeline 'ingress': end
[20:57:19.436] [bmv2] [D] [thread 3421] [13.0] [cxt 0] Egress port is 0
[20:57:19.435] [bmv2] [D] [thread 3422] [12.0] [cxt 0] Deparser 'deparser': start
[20:57:19.436] [bmv2] [T] [thread 3422] [12.0] [cxt 0] Skipping checksum 'cksum' update because condition not met
[20:57:19.436] [bmv2] [D] [thread 3422] [12.0] [cxt 0] Deparsing header 'ethernet'
[20:57:19.436] [bmv2] [D] [thread 3422] [12.0] [cxt 0] Deparser 'deparser': end
[20:57:19.436] [bmv2] [D] [thread 3422] [13.0] [cxt 0] Pipeline 'egress': start
[20:57:19.436] [bmv2] [D] [thread 3422] [13.0] [cxt 0] Pipeline 'egress': end
[20:57:19.436] [bmv2] [D] [thread 3422] [13.0] [cxt 0] Deparser 'deparser': start
[20:57:19.436] [bmv2] [T] [thread 3422] [13.0] [cxt 0] Skipping checksum 'cksum' update because condition not met
[20:57:19.436] [bmv2] [D] [thread 3422] [13.0] [cxt 0] Deparsing header 'ethernet'
[20:57:19.437] [bmv2] [D] [thread 3422] [13.0] [cxt 0] Deparser 'deparser': end
[20:57:19.436] [bmv2] [D] [thread 3426] [12.0] [cxt 0] Transmitting packet of size 90 out of port 0
[20:57:19.437] [bmv2] [D] [thread 3426] [13.0] [cxt 0] Transmitting packet of size 90 out of port 0
[20:57:19.794] [bmv2] [D] [thread 3421] [14.0] [cxt 0] Processing packet received on port 3
[20:57:19.794] [bmv2] [D] [thread 3421] [14.0] [cxt 0] Parser 'parser': start
[20:57:19.795] [bmv2] [D] [thread 3421] [14.0] [cxt 0] Parser 'parser' entering state 'start'
[20:57:19.795] [bmv2] [D] [thread 3421] [14.0] [cxt 0] Extracting header 'ethernet'
[20:57:19.795] [bmv2] [D] [thread 3421] [14.0] [cxt 0] Parser state 'start': key is 86dd
[20:57:19.795] [bmv2] [T] [thread 3421] [14.0] [cxt 0] Bytes parsed: 14
[20:57:19.795] [bmv2] [D] [thread 3421] [14.0] [cxt 0] Parser 'parser': end
[20:57:19.796] [bmv2] [D] [thread 3421] [14.0] [cxt 0] Pipeline 'ingress': start
[20:57:19.796] [bmv2] [T] [thread 3421] [14.0] [cxt 0] basic.p4(114) Condition "hdr.ipv4.isValid()" (node_2) is false
[20:57:19.796] [bmv2] [D] [thread 3421] [14.0] [cxt 0] Pipeline 'ingress': end
[20:57:19.796] [bmv2] [D] [thread 3421] [14.0] [cxt 0] Egress port is 0
[20:57:19.796] [bmv2] [D] [thread 3421] [15.0] [cxt 0] Processing packet received on port 3
[20:57:19.796] [bmv2] [D] [thread 3421] [15.0] [cxt 0] Parser 'parser': start
[20:57:19.797] [bmv2] [D] [thread 3421] [15.0] [cxt 0] Parser 'parser' entering state 'start'
[20:57:19.797] [bmv2] [D] [thread 3421] [15.0] [cxt 0] Extracting header 'ethernet'
[20:57:19.797] [bmv2] [D] [thread 3421] [15.0] [cxt 0] Parser state 'start': key is 86dd
[20:57:19.797] [bmv2] [T] [thread 3421] [15.0] [cxt 0] Bytes parsed: 14
[20:57:19.797] [bmv2] [D] [thread 3421] [15.0] [cxt 0] Parser 'parser': end
[20:57:19.798] [bmv2] [D] [thread 3421] [15.0] [cxt 0] Pipeline 'ingress': start
[20:57:19.798] [bmv2] [T] [thread 3421] [15.0] [cxt 0] basic.p4(114) Condition "hdr.ipv4.isValid()" (node_2) is false
[20:57:19.798] [bmv2] [D] [thread 3421] [15.0] [cxt 0] Pipeline 'ingress': end
[20:57:19.798] [bmv2] [D] [thread 3421] [15.0] [cxt 0] Egress port is 0
[20:57:19.796] [bmv2] [D] [thread 3422] [14.0] [cxt 0] Pipeline 'egress': start
[20:57:19.798] [bmv2] [D] [thread 3422] [14.0] [cxt 0] Pipeline 'egress': end
[20:57:19.798] [bmv2] [D] [thread 3422] [14.0] [cxt 0] Deparser 'deparser': start
[20:57:19.799] [bmv2] [T] [thread 3422] [14.0] [cxt 0] Skipping checksum 'cksum' update because condition not met
[20:57:19.799] [bmv2] [D] [thread 3422] [14.0] [cxt 0] Deparsing header 'ethernet'
[20:57:19.799] [bmv2] [D] [thread 3422] [14.0] [cxt 0] Deparser 'deparser': end
[20:57:19.799] [bmv2] [D] [thread 3422] [15.0] [cxt 0] Pipeline 'egress': start
[20:57:19.799] [bmv2] [D] [thread 3422] [15.0] [cxt 0] Pipeline 'egress': end
[20:57:19.799] [bmv2] [D] [thread 3422] [15.0] [cxt 0] Deparser 'deparser': start
[20:57:19.799] [bmv2] [T] [thread 3422] [15.0] [cxt 0] Skipping checksum 'cksum' update because condition not met
[20:57:19.799] [bmv2] [D] [thread 3422] [15.0] [cxt 0] Deparsing header 'ethernet'
[20:57:19.800] [bmv2] [D] [thread 3422] [15.0] [cxt 0] Deparser 'deparser': end
[20:57:19.799] [bmv2] [D] [thread 3426] [14.0] [cxt 0] Transmitting packet of size 90 out of port 0
[20:57:19.800] [bmv2] [D] [thread 3426] [15.0] [cxt 0] Transmitting packet of size 70 out of port 0
[20:57:19.811] [bmv2] [D] [thread 3421] [16.0] [cxt 0] Processing packet received on port 4
[20:57:19.811] [bmv2] [D] [thread 3421] [16.0] [cxt 0] Parser 'parser': start
[20:57:19.811] [bmv2] [D] [thread 3421] [16.0] [cxt 0] Parser 'parser' entering state 'start'
[20:57:19.811] [bmv2] [D] [thread 3421] [16.0] [cxt 0] Extracting header 'ethernet'
[20:57:19.811] [bmv2] [D] [thread 3421] [16.0] [cxt 0] Parser state 'start': key is 86dd
[20:57:19.811] [bmv2] [T] [thread 3421] [16.0] [cxt 0] Bytes parsed: 14
[20:57:19.811] [bmv2] [D] [thread 3421] [16.0] [cxt 0] Parser 'parser': end
[20:57:19.812] [bmv2] [D] [thread 3421] [16.0] [cxt 0] Pipeline 'ingress': start
[20:57:19.812] [bmv2] [T] [thread 3421] [16.0] [cxt 0] basic.p4(114) Condition "hdr.ipv4.isValid()" (node_2) is false
[20:57:19.812] [bmv2] [D] [thread 3421] [16.0] [cxt 0] Pipeline 'ingress': end
[20:57:19.812] [bmv2] [D] [thread 3421] [16.0] [cxt 0] Egress port is 0
[20:57:19.812] [bmv2] [D] [thread 3422] [16.0] [cxt 0] Pipeline 'egress': start
[20:57:19.812] [bmv2] [D] [thread 3422] [16.0] [cxt 0] Pipeline 'egress': end
[20:57:19.813] [bmv2] [D] [thread 3422] [16.0] [cxt 0] Deparser 'deparser': start
[20:57:19.813] [bmv2] [T] [thread 3422] [16.0] [cxt 0] Skipping checksum 'cksum' update because condition not met
[20:57:19.813] [bmv2] [D] [thread 3422] [16.0] [cxt 0] Deparsing header 'ethernet'
[20:57:19.813] [bmv2] [D] [thread 3422] [16.0] [cxt 0] Deparser 'deparser': end
[20:57:19.813] [bmv2] [D] [thread 3426] [16.0] [cxt 0] Transmitting packet of size 90 out of port 0
[20:57:19.941] [bmv2] [D] [thread 3421] [17.0] [cxt 0] Processing packet received on port 1
[20:57:19.941] [bmv2] [D] [thread 3421] [17.0] [cxt 0] Parser 'parser': start
[20:57:19.942] [bmv2] [D] [thread 3421] [17.0] [cxt 0] Parser 'parser' entering state 'start'
[20:57:19.942] [bmv2] [D] [thread 3421] [17.0] [cxt 0] Extracting header 'ethernet'
[20:57:19.942] [bmv2] [D] [thread 3421] [17.0] [cxt 0] Parser state 'start': key is 86dd
[20:57:19.942] [bmv2] [T] [thread 3421] [17.0] [cxt 0] Bytes parsed: 14
[20:57:19.942] [bmv2] [D] [thread 3421] [17.0] [cxt 0] Parser 'parser': end
[20:57:19.942] [bmv2] [D] [thread 3421] [17.0] [cxt 0] Pipeline 'ingress': start
[20:57:19.943] [bmv2] [T] [thread 3421] [17.0] [cxt 0] basic.p4(114) Condition "hdr.ipv4.isValid()" (node_2) is false
[20:57:19.943] [bmv2] [D] [thread 3421] [17.0] [cxt 0] Pipeline 'ingress': end
[20:57:19.943] [bmv2] [D] [thread 3421] [17.0] [cxt 0] Egress port is 0
[20:57:19.943] [bmv2] [D] [thread 3422] [17.0] [cxt 0] Pipeline 'egress': start
[20:57:19.943] [bmv2] [D] [thread 3422] [17.0] [cxt 0] Pipeline 'egress': end
[20:57:19.943] [bmv2] [D] [thread 3422] [17.0] [cxt 0] Deparser 'deparser': start
[20:57:19.943] [bmv2] [T] [thread 3422] [17.0] [cxt 0] Skipping checksum 'cksum' update because condition not met
[20:57:19.943] [bmv2] [D] [thread 3422] [17.0] [cxt 0] Deparsing header 'ethernet'
[20:57:19.943] [bmv2] [D] [thread 3422] [17.0] [cxt 0] Deparser 'deparser': end
[20:57:19.943] [bmv2] [D] [thread 3426] [17.0] [cxt 0] Transmitting packet of size 90 out of port 0
[20:57:20.058] [bmv2] [D] [thread 3421] [18.0] [cxt 0] Processing packet received on port 3
[20:57:20.058] [bmv2] [D] [thread 3421] [18.0] [cxt 0] Parser 'parser': start
[20:57:20.058] [bmv2] [D] [thread 3421] [18.0] [cxt 0] Parser 'parser' entering state 'start'
[20:57:20.058] [bmv2] [D] [thread 3421] [18.0] [cxt 0] Extracting header 'ethernet'
[20:57:20.059] [bmv2] [D] [thread 3421] [18.0] [cxt 0] Parser state 'start': key is 86dd
[20:57:20.059] [bmv2] [T] [thread 3421] [18.0] [cxt 0] Bytes parsed: 14
[20:57:20.059] [bmv2] [D] [thread 3421] [18.0] [cxt 0] Parser 'parser': end
[20:57:20.059] [bmv2] [D] [thread 3421] [18.0] [cxt 0] Pipeline 'ingress': start
[20:57:20.059] [bmv2] [T] [thread 3421] [18.0] [cxt 0] basic.p4(114) Condition "hdr.ipv4.isValid()" (node_2) is false
[20:57:20.059] [bmv2] [D] [thread 3421] [18.0] [cxt 0] Pipeline 'ingress': end
[20:57:20.060] [bmv2] [D] [thread 3421] [18.0] [cxt 0] Egress port is 0
[20:57:20.060] [bmv2] [D] [thread 3422] [18.0] [cxt 0] Pipeline 'egress': start
[20:57:20.060] [bmv2] [D] [thread 3422] [18.0] [cxt 0] Pipeline 'egress': end
[20:57:20.060] [bmv2] [D] [thread 3422] [18.0] [cxt 0] Deparser 'deparser': start
[20:57:20.060] [bmv2] [T] [thread 3422] [18.0] [cxt 0] Skipping checksum 'cksum' update because condition not met
[20:57:20.060] [bmv2] [D] [thread 3422] [18.0] [cxt 0] Deparsing header 'ethernet'
[20:57:20.060] [bmv2] [D] [thread 3422] [18.0] [cxt 0] Deparser 'deparser': end
[20:57:20.061] [bmv2] [D] [thread 3426] [18.0] [cxt 0] Transmitting packet of size 90 out of port 0
[20:57:20.444] [bmv2] [D] [thread 3421] [19.0] [cxt 0] Processing packet received on port 3
[20:57:20.445] [bmv2] [D] [thread 3421] [19.0] [cxt 0] Parser 'parser': start
[20:57:20.445] [bmv2] [D] [thread 3421] [19.0] [cxt 0] Parser 'parser' entering state 'start'
[20:57:20.445] [bmv2] [D] [thread 3421] [19.0] [cxt 0] Extracting header 'ethernet'
[20:57:20.445] [bmv2] [D] [thread 3421] [19.0] [cxt 0] Parser state 'start': key is 86dd
[20:57:20.446] [bmv2] [T] [thread 3421] [19.0] [cxt 0] Bytes parsed: 14
[20:57:20.446] [bmv2] [D] [thread 3421] [19.0] [cxt 0] Parser 'parser': end
[20:57:20.446] [bmv2] [D] [thread 3421] [19.0] [cxt 0] Pipeline 'ingress': start
[20:57:20.446] [bmv2] [T] [thread 3421] [19.0] [cxt 0] basic.p4(114) Condition "hdr.ipv4.isValid()" (node_2) is false
[20:57:20.446] [bmv2] [D] [thread 3421] [19.0] [cxt 0] Pipeline 'ingress': end
[20:57:20.446] [bmv2] [D] [thread 3421] [19.0] [cxt 0] Egress port is 0
[20:57:20.447] [bmv2] [D] [thread 3422] [19.0] [cxt 0] Pipeline 'egress': start
[20:57:20.447] [bmv2] [D] [thread 3422] [19.0] [cxt 0] Pipeline 'egress': end
[20:57:20.447] [bmv2] [D] [thread 3422] [19.0] [cxt 0] Deparser 'deparser': start
[20:57:20.447] [bmv2] [T] [thread 3422] [19.0] [cxt 0] Skipping checksum 'cksum' update because condition not met
[20:57:20.447] [bmv2] [D] [thread 3422] [19.0] [cxt 0] Deparsing header 'ethernet'
[20:57:20.447] [bmv2] [D] [thread 3422] [19.0] [cxt 0] Deparser 'deparser': end
[20:57:20.447] [bmv2] [D] [thread 3426] [19.0] [cxt 0] Transmitting packet of size 90 out of port 0
New connection
P4Runtime SetForwardingPipelineConfig
[20:57:21.901] [bmv2] [W] [thread 3511] [P4Runtime] p4::tmp::P4DeviceConfig is deprecated
[20:57:21.902] [bmv2] [D] [thread 3511] Set default default entry for table 'MyIngress.ipv4_lpm': MyIngress.drop - 
P4Runtime Write
election_id {
  low: 1
}
updates {
  type: MODIFY
  entity {
    table_entry {
      table_id: 33574068
      action {
        action {
          action_id: 16805608
        }
      }
      is_default_action: true
    }
  }
}
[20:57:21.907] [bmv2] [D] [thread 3511] Set default entry for table 'MyIngress.ipv4_lpm': MyIngress.drop - 
P4Runtime Write
election_id {
  low: 1
}
updates {
  type: INSERT
  entity {
    table_entry {
      table_id: 33574068
      match {
        field_id: 1
        lpm {
          value: "\n\000\001\001"
          prefix_len: 32
        }
      }
      action {
        action {
          action_id: 16799317
          params {
            param_id: 1
            value: "\010\000\000\000\001\021"
          }
          params {
            param_id: 2
            value: "\000\001"
          }
        }
      }
    }
  }
}
[20:57:21.911] [bmv2] [D] [thread 3511] Entry 0 added to table 'MyIngress.ipv4_lpm'
[20:57:21.911] [bmv2] [D] [thread 3511] Dumping entry 0
Match key:
* hdr.ipv4.dstAddr    : LPM       0a000101/32
Action entry: MyIngress.ipv4_forward - 80000000111,1,

P4Runtime Write
election_id {
  low: 1
}
updates {
  type: INSERT
  entity {
    table_entry {
      table_id: 33574068
      match {
        field_id: 1
        lpm {
          value: "\n\000\002\002"
          prefix_len: 32
        }
      }
      action {
        action {
          action_id: 16799317
          params {
            param_id: 1
            value: "\010\000\000\000\002\""
          }
          params {
            param_id: 2
            value: "\000\002"
          }
        }
      }
    }
  }
}
[20:57:21.914] [bmv2] [D] [thread 3511] Entry 1 added to table 'MyIngress.ipv4_lpm'
[20:57:21.915] [bmv2] [D] [thread 3511] Dumping entry 1
Match key:
* hdr.ipv4.dstAddr    : LPM       0a000202/32
Action entry: MyIngress.ipv4_forward - 80000000222,2,

P4Runtime Write
election_id {
  low: 1
}
updates {
  type: INSERT
  entity {
    table_entry {
      table_id: 33574068
      match {
        field_id: 1
        lpm {
          value: "\n\000\003\003"
          prefix_len: 32
        }
      }
      action {
        action {
          action_id: 16799317
          params {
            param_id: 1
            value: "\010\000\000\000\003\000"
          }
          params {
            param_id: 2
            value: "\000\003"
          }
        }
      }
    }
  }
}
[20:57:21.918] [bmv2] [D] [thread 3511] Entry 2 added to table 'MyIngress.ipv4_lpm'
[20:57:21.918] [bmv2] [D] [thread 3511] Dumping entry 2
Match key:
* hdr.ipv4.dstAddr    : LPM       0a000303/32
Action entry: MyIngress.ipv4_forward - 80000000300,3,

P4Runtime Write
election_id {
  low: 1
}
updates {
  type: INSERT
  entity {
    table_entry {
      table_id: 33574068
      match {
        field_id: 1
        lpm {
          value: "\n\000\004\004"
          prefix_len: 32
        }
      }
      action {
        action {
          action_id: 16799317
          params {
            param_id: 1
            value: "\010\000\000\000\004\000"
          }
          params {
            param_id: 2
            value: "\000\004"
          }
        }
      }
    }
  }
}
[20:57:21.920] [bmv2] [D] [thread 3511] Entry 3 added to table 'MyIngress.ipv4_lpm'
[20:57:21.921] [bmv2] [D] [thread 3511] Dumping entry 3
Match key:
* hdr.ipv4.dstAddr    : LPM       0a000404/32
Action entry: MyIngress.ipv4_forward - 80000000400,4,

Connection removed
[20:57:22.957] [bmv2] [D] [thread 3421] [20.0] [cxt 0] Processing packet received on port 2
[20:57:22.957] [bmv2] [D] [thread 3421] [20.0] [cxt 0] Parser 'parser': start
[20:57:22.958] [bmv2] [D] [thread 3421] [20.0] [cxt 0] Parser 'parser' entering state 'start'
[20:57:22.958] [bmv2] [D] [thread 3421] [20.0] [cxt 0] Extracting header 'ethernet'
[20:57:22.958] [bmv2] [D] [thread 3421] [20.0] [cxt 0] Parser state 'start': key is 86dd
[20:57:22.958] [bmv2] [T] [thread 3421] [20.0] [cxt 0] Bytes parsed: 14
[20:57:22.958] [bmv2] [D] [thread 3421] [20.0] [cxt 0] Parser 'parser': end
[20:57:22.958] [bmv2] [D] [thread 3421] [20.0] [cxt 0] Pipeline 'ingress': start
[20:57:22.958] [bmv2] [T] [thread 3421] [20.0] [cxt 0] basic.p4(114) Condition "hdr.ipv4.isValid()" (node_2) is false
[20:57:22.958] [bmv2] [D] [thread 3421] [20.0] [cxt 0] Pipeline 'ingress': end
[20:57:22.959] [bmv2] [D] [thread 3421] [20.0] [cxt 0] Egress port is 0
[20:57:22.959] [bmv2] [D] [thread 3422] [20.0] [cxt 0] Pipeline 'egress': start
[20:57:22.959] [bmv2] [D] [thread 3422] [20.0] [cxt 0] Pipeline 'egress': end
[20:57:22.960] [bmv2] [D] [thread 3422] [20.0] [cxt 0] Deparser 'deparser': start
[20:57:22.960] [bmv2] [T] [thread 3422] [20.0] [cxt 0] Skipping checksum 'cksum' update because condition not met
[20:57:22.960] [bmv2] [D] [thread 3422] [20.0] [cxt 0] Deparsing header 'ethernet'
[20:57:22.960] [bmv2] [D] [thread 3422] [20.0] [cxt 0] Deparser 'deparser': end
[20:57:22.960] [bmv2] [D] [thread 3426] [20.0] [cxt 0] Transmitting packet of size 70 out of port 0
[20:57:23.118] [bmv2] [D] [thread 3421] [21.0] [cxt 0] Processing packet received on port 1
[20:57:23.118] [bmv2] [D] [thread 3421] [21.0] [cxt 0] Parser 'parser': start
[20:57:23.118] [bmv2] [D] [thread 3421] [21.0] [cxt 0] Parser 'parser' entering state 'start'
[20:57:23.118] [bmv2] [D] [thread 3421] [21.0] [cxt 0] Extracting header 'ethernet'
[20:57:23.119] [bmv2] [D] [thread 3421] [21.0] [cxt 0] Parser state 'start': key is 86dd
[20:57:23.119] [bmv2] [T] [thread 3421] [21.0] [cxt 0] Bytes parsed: 14
[20:57:23.119] [bmv2] [D] [thread 3421] [21.0] [cxt 0] Parser 'parser': end
[20:57:23.119] [bmv2] [D] [thread 3421] [21.0] [cxt 0] Pipeline 'ingress': start
[20:57:23.119] [bmv2] [T] [thread 3421] [21.0] [cxt 0] basic.p4(114) Condition "hdr.ipv4.isValid()" (node_2) is false
[20:57:23.119] [bmv2] [D] [thread 3421] [21.0] [cxt 0] Pipeline 'ingress': end
[20:57:23.119] [bmv2] [D] [thread 3421] [21.0] [cxt 0] Egress port is 0
[20:57:23.120] [bmv2] [D] [thread 3421] [22.0] [cxt 0] Processing packet received on port 4
[20:57:23.120] [bmv2] [D] [thread 3422] [21.0] [cxt 0] Pipeline 'egress': start
[20:57:23.120] [bmv2] [D] [thread 3422] [21.0] [cxt 0] Pipeline 'egress': end
[20:57:23.120] [bmv2] [D] [thread 3421] [22.0] [cxt 0] Parser 'parser': start
[20:57:23.120] [bmv2] [D] [thread 3422] [21.0] [cxt 0] Deparser 'deparser': start
[20:57:23.121] [bmv2] [T] [thread 3422] [21.0] [cxt 0] Skipping checksum 'cksum' update because condition not met
[20:57:23.121] [bmv2] [D] [thread 3422] [21.0] [cxt 0] Deparsing header 'ethernet'
[20:57:23.121] [bmv2] [D] [thread 3421] [22.0] [cxt 0] Parser 'parser' entering state 'start'
[20:57:23.121] [bmv2] [D] [thread 3421] [22.0] [cxt 0] Extracting header 'ethernet'
[20:57:23.122] [bmv2] [D] [thread 3421] [22.0] [cxt 0] Parser state 'start': key is 86dd
[20:57:23.122] [bmv2] [T] [thread 3421] [22.0] [cxt 0] Bytes parsed: 14
[20:57:23.122] [bmv2] [D] [thread 3421] [22.0] [cxt 0] Parser 'parser': end
[20:57:23.122] [bmv2] [D] [thread 3421] [22.0] [cxt 0] Pipeline 'ingress': start
[20:57:23.122] [bmv2] [T] [thread 3421] [22.0] [cxt 0] basic.p4(114) Condition "hdr.ipv4.isValid()" (node_2) is false
[20:57:23.122] [bmv2] [D] [thread 3421] [22.0] [cxt 0] Pipeline 'ingress': end
[20:57:23.121] [bmv2] [D] [thread 3422] [21.0] [cxt 0] Deparser 'deparser': end
[20:57:23.122] [bmv2] [D] [thread 3421] [22.0] [cxt 0] Egress port is 0
[20:57:23.122] [bmv2] [D] [thread 3426] [21.0] [cxt 0] Transmitting packet of size 70 out of port 0
[20:57:23.122] [bmv2] [D] [thread 3421] [23.0] [cxt 0] Processing packet received on port 4
[20:57:23.122] [bmv2] [D] [thread 3422] [22.0] [cxt 0] Pipeline 'egress': start
[20:57:23.122] [bmv2] [D] [thread 3422] [22.0] [cxt 0] Pipeline 'egress': end
[20:57:23.122] [bmv2] [D] [thread 3422] [22.0] [cxt 0] Deparser 'deparser': start
[20:57:23.123] [bmv2] [T] [thread 3422] [22.0] [cxt 0] Skipping checksum 'cksum' update because condition not met
[20:57:23.123] [bmv2] [D] [thread 3422] [22.0] [cxt 0] Deparsing header 'ethernet'
[20:57:23.123] [bmv2] [D] [thread 3422] [22.0] [cxt 0] Deparser 'deparser': end
[20:57:23.122] [bmv2] [D] [thread 3421] [23.0] [cxt 0] Parser 'parser': start
[20:57:23.123] [bmv2] [D] [thread 3421] [23.0] [cxt 0] Parser 'parser' entering state 'start'
[20:57:23.123] [bmv2] [D] [thread 3421] [23.0] [cxt 0] Extracting header 'ethernet'
[20:57:23.123] [bmv2] [D] [thread 3421] [23.0] [cxt 0] Parser state 'start': key is 86dd
[20:57:23.123] [bmv2] [T] [thread 3421] [23.0] [cxt 0] Bytes parsed: 14
[20:57:23.123] [bmv2] [D] [thread 3421] [23.0] [cxt 0] Parser 'parser': end
[20:57:23.123] [bmv2] [D] [thread 3421] [23.0] [cxt 0] Pipeline 'ingress': start
[20:57:23.123] [bmv2] [D] [thread 3426] [22.0] [cxt 0] Transmitting packet of size 70 out of port 0
[20:57:23.123] [bmv2] [T] [thread 3421] [23.0] [cxt 0] basic.p4(114) Condition "hdr.ipv4.isValid()" (node_2) is false
[20:57:23.124] [bmv2] [D] [thread 3421] [23.0] [cxt 0] Pipeline 'ingress': end
[20:57:23.124] [bmv2] [D] [thread 3421] [23.0] [cxt 0] Egress port is 0
[20:57:23.124] [bmv2] [D] [thread 3422] [23.0] [cxt 0] Pipeline 'egress': start
[20:57:23.124] [bmv2] [D] [thread 3422] [23.0] [cxt 0] Pipeline 'egress': end
[20:57:23.124] [bmv2] [D] [thread 3422] [23.0] [cxt 0] Deparser 'deparser': start
[20:57:23.124] [bmv2] [T] [thread 3422] [23.0] [cxt 0] Skipping checksum 'cksum' update because condition not met
[20:57:23.124] [bmv2] [D] [thread 3422] [23.0] [cxt 0] Deparsing header 'ethernet'
[20:57:23.124] [bmv2] [D] [thread 3422] [23.0] [cxt 0] Deparser 'deparser': end
[20:57:23.125] [bmv2] [D] [thread 3426] [23.0] [cxt 0] Transmitting packet of size 70 out of port 0
[20:57:23.327] [bmv2] [D] [thread 3421] [24.0] [cxt 0] Processing packet received on port 3
[20:57:23.327] [bmv2] [D] [thread 3421] [24.0] [cxt 0] Parser 'parser': start
[20:57:23.327] [bmv2] [D] [thread 3421] [24.0] [cxt 0] Parser 'parser' entering state 'start'
[20:57:23.327] [bmv2] [D] [thread 3421] [24.0] [cxt 0] Extracting header 'ethernet'
[20:57:23.328] [bmv2] [D] [thread 3421] [24.0] [cxt 0] Parser state 'start': key is 86dd
[20:57:23.328] [bmv2] [T] [thread 3421] [24.0] [cxt 0] Bytes parsed: 14
[20:57:23.328] [bmv2] [D] [thread 3421] [24.0] [cxt 0] Parser 'parser': end
[20:57:23.328] [bmv2] [D] [thread 3421] [24.0] [cxt 0] Pipeline 'ingress': start
[20:57:23.328] [bmv2] [T] [thread 3421] [24.0] [cxt 0] basic.p4(114) Condition "hdr.ipv4.isValid()" (node_2) is false
[20:57:23.328] [bmv2] [D] [thread 3421] [24.0] [cxt 0] Pipeline 'ingress': end
[20:57:23.328] [bmv2] [D] [thread 3421] [24.0] [cxt 0] Egress port is 0
[20:57:23.328] [bmv2] [D] [thread 3422] [24.0] [cxt 0] Pipeline 'egress': start
[20:57:23.328] [bmv2] [D] [thread 3422] [24.0] [cxt 0] Pipeline 'egress': end
[20:57:23.329] [bmv2] [D] [thread 3422] [24.0] [cxt 0] Deparser 'deparser': start
[20:57:23.329] [bmv2] [T] [thread 3422] [24.0] [cxt 0] Skipping checksum 'cksum' update because condition not met
[20:57:23.329] [bmv2] [D] [thread 3422] [24.0] [cxt 0] Deparsing header 'ethernet'
[20:57:23.329] [bmv2] [D] [thread 3422] [24.0] [cxt 0] Deparser 'deparser': end
[20:57:23.329] [bmv2] [D] [thread 3426] [24.0] [cxt 0] Transmitting packet of size 70 out of port 0
[20:57:23.806] [bmv2] [D] [thread 3421] [25.0] [cxt 0] Processing packet received on port 3
[20:57:23.806] [bmv2] [D] [thread 3421] [25.0] [cxt 0] Parser 'parser': start
[20:57:23.806] [bmv2] [D] [thread 3421] [25.0] [cxt 0] Parser 'parser' entering state 'start'
[20:57:23.806] [bmv2] [D] [thread 3421] [25.0] [cxt 0] Extracting header 'ethernet'
[20:57:23.807] [bmv2] [D] [thread 3421] [25.0] [cxt 0] Parser state 'start': key is 86dd
[20:57:23.807] [bmv2] [T] [thread 3421] [25.0] [cxt 0] Bytes parsed: 14
[20:57:23.807] [bmv2] [D] [thread 3421] [25.0] [cxt 0] Parser 'parser': end
[20:57:23.807] [bmv2] [D] [thread 3421] [25.0] [cxt 0] Pipeline 'ingress': start
[20:57:23.807] [bmv2] [T] [thread 3421] [25.0] [cxt 0] basic.p4(114) Condition "hdr.ipv4.isValid()" (node_2) is false
[20:57:23.807] [bmv2] [D] [thread 3421] [25.0] [cxt 0] Pipeline 'ingress': end
[20:57:23.808] [bmv2] [D] [thread 3421] [25.0] [cxt 0] Egress port is 0
[20:57:23.808] [bmv2] [D] [thread 3422] [25.0] [cxt 0] Pipeline 'egress': start
[20:57:23.808] [bmv2] [D] [thread 3422] [25.0] [cxt 0] Pipeline 'egress': end
[20:57:23.808] [bmv2] [D] [thread 3422] [25.0] [cxt 0] Deparser 'deparser': start
[20:57:23.808] [bmv2] [T] [thread 3422] [25.0] [cxt 0] Skipping checksum 'cksum' update because condition not met
[20:57:23.808] [bmv2] [D] [thread 3422] [25.0] [cxt 0] Deparsing header 'ethernet'
[20:57:23.808] [bmv2] [D] [thread 3422] [25.0] [cxt 0] Deparser 'deparser': end
[20:57:23.808] [bmv2] [D] [thread 3426] [25.0] [cxt 0] Transmitting packet of size 70 out of port 0
[20:57:26.971] [bmv2] [D] [thread 3421] [26.0] [cxt 0] Processing packet received on port 2
[20:57:26.971] [bmv2] [D] [thread 3421] [26.0] [cxt 0] Parser 'parser': start
[20:57:26.971] [bmv2] [D] [thread 3421] [26.0] [cxt 0] Parser 'parser' entering state 'start'
[20:57:26.971] [bmv2] [D] [thread 3421] [26.0] [cxt 0] Extracting header 'ethernet'
[20:57:26.971] [bmv2] [D] [thread 3421] [26.0] [cxt 0] Parser state 'start': key is 86dd
[20:57:26.971] [bmv2] [T] [thread 3421] [26.0] [cxt 0] Bytes parsed: 14
[20:57:26.972] [bmv2] [D] [thread 3421] [26.0] [cxt 0] Parser 'parser': end
[20:57:26.972] [bmv2] [D] [thread 3421] [26.0] [cxt 0] Pipeline 'ingress': start
[20:57:26.972] [bmv2] [T] [thread 3421] [26.0] [cxt 0] basic.p4(114) Condition "hdr.ipv4.isValid()" (node_2) is false
[20:57:26.972] [bmv2] [D] [thread 3421] [26.0] [cxt 0] Pipeline 'ingress': end
[20:57:26.972] [bmv2] [D] [thread 3421] [26.0] [cxt 0] Egress port is 0
[20:57:26.972] [bmv2] [D] [thread 3422] [26.0] [cxt 0] Pipeline 'egress': start
[20:57:26.972] [bmv2] [D] [thread 3422] [26.0] [cxt 0] Pipeline 'egress': end
[20:57:26.973] [bmv2] [D] [thread 3422] [26.0] [cxt 0] Deparser 'deparser': start
[20:57:26.973] [bmv2] [T] [thread 3422] [26.0] [cxt 0] Skipping checksum 'cksum' update because condition not met
[20:57:26.973] [bmv2] [D] [thread 3422] [26.0] [cxt 0] Deparsing header 'ethernet'
[20:57:26.973] [bmv2] [D] [thread 3422] [26.0] [cxt 0] Deparser 'deparser': end
[20:57:26.973] [bmv2] [D] [thread 3426] [26.0] [cxt 0] Transmitting packet of size 70 out of port 0
[20:57:27.126] [bmv2] [D] [thread 3421] [27.0] [cxt 0] Processing packet received on port 1
[20:57:27.126] [bmv2] [D] [thread 3421] [27.0] [cxt 0] Parser 'parser': start
[20:57:27.126] [bmv2] [D] [thread 3421] [27.0] [cxt 0] Parser 'parser' entering state 'start'
[20:57:27.126] [bmv2] [D] [thread 3421] [27.0] [cxt 0] Extracting header 'ethernet'
[20:57:27.127] [bmv2] [D] [thread 3421] [27.0] [cxt 0] Parser state 'start': key is 86dd
[20:57:27.127] [bmv2] [T] [thread 3421] [27.0] [cxt 0] Bytes parsed: 14
[20:57:27.127] [bmv2] [D] [thread 3421] [27.0] [cxt 0] Parser 'parser': end
[20:57:27.127] [bmv2] [D] [thread 3421] [27.0] [cxt 0] Pipeline 'ingress': start
[20:57:27.127] [bmv2] [T] [thread 3421] [27.0] [cxt 0] basic.p4(114) Condition "hdr.ipv4.isValid()" (node_2) is false
[20:57:27.127] [bmv2] [D] [thread 3421] [27.0] [cxt 0] Pipeline 'ingress': end
[20:57:27.127] [bmv2] [D] [thread 3421] [27.0] [cxt 0] Egress port is 0
[20:57:27.127] [bmv2] [D] [thread 3422] [27.0] [cxt 0] Pipeline 'egress': start
[20:57:27.127] [bmv2] [D] [thread 3422] [27.0] [cxt 0] Pipeline 'egress': end
[20:57:27.128] [bmv2] [D] [thread 3422] [27.0] [cxt 0] Deparser 'deparser': start
[20:57:27.128] [bmv2] [T] [thread 3422] [27.0] [cxt 0] Skipping checksum 'cksum' update because condition not met
[20:57:27.128] [bmv2] [D] [thread 3422] [27.0] [cxt 0] Deparsing header 'ethernet'
[20:57:27.128] [bmv2] [D] [thread 3422] [27.0] [cxt 0] Deparser 'deparser': end
[20:57:27.128] [bmv2] [D] [thread 3426] [27.0] [cxt 0] Transmitting packet of size 70 out of port 0
[20:57:27.129] [bmv2] [D] [thread 3421] [28.0] [cxt 0] Processing packet received on port 4
[20:57:27.130] [bmv2] [D] [thread 3421] [28.0] [cxt 0] Parser 'parser': start
[20:57:27.130] [bmv2] [D] [thread 3421] [28.0] [cxt 0] Parser 'parser' entering state 'start'
[20:57:27.130] [bmv2] [D] [thread 3421] [28.0] [cxt 0] Extracting header 'ethernet'
[20:57:27.130] [bmv2] [D] [thread 3421] [28.0] [cxt 0] Parser state 'start': key is 86dd
[20:57:27.130] [bmv2] [T] [thread 3421] [28.0] [cxt 0] Bytes parsed: 14
[20:57:27.131] [bmv2] [D] [thread 3421] [28.0] [cxt 0] Parser 'parser': end
[20:57:27.131] [bmv2] [D] [thread 3421] [28.0] [cxt 0] Pipeline 'ingress': start
[20:57:27.131] [bmv2] [T] [thread 3421] [28.0] [cxt 0] basic.p4(114) Condition "hdr.ipv4.isValid()" (node_2) is false
[20:57:27.131] [bmv2] [D] [thread 3421] [28.0] [cxt 0] Pipeline 'ingress': end
[20:57:27.131] [bmv2] [D] [thread 3421] [28.0] [cxt 0] Egress port is 0
[20:57:27.131] [bmv2] [D] [thread 3421] [29.0] [cxt 0] Processing packet received on port 4
[20:57:27.132] [bmv2] [D] [thread 3421] [29.0] [cxt 0] Parser 'parser': start
[20:57:27.132] [bmv2] [D] [thread 3421] [29.0] [cxt 0] Parser 'parser' entering state 'start'
[20:57:27.132] [bmv2] [D] [thread 3421] [29.0] [cxt 0] Extracting header 'ethernet'
[20:57:27.132] [bmv2] [D] [thread 3421] [29.0] [cxt 0] Parser state 'start': key is 86dd
[20:57:27.132] [bmv2] [T] [thread 3421] [29.0] [cxt 0] Bytes parsed: 14
[20:57:27.133] [bmv2] [D] [thread 3421] [29.0] [cxt 0] Parser 'parser': end
[20:57:27.132] [bmv2] [D] [thread 3422] [28.0] [cxt 0] Pipeline 'egress': start
[20:57:27.133] [bmv2] [D] [thread 3422] [28.0] [cxt 0] Pipeline 'egress': end
[20:57:27.133] [bmv2] [D] [thread 3422] [28.0] [cxt 0] Deparser 'deparser': start
[20:57:27.134] [bmv2] [T] [thread 3422] [28.0] [cxt 0] Skipping checksum 'cksum' update because condition not met
[20:57:27.134] [bmv2] [D] [thread 3422] [28.0] [cxt 0] Deparsing header 'ethernet'
[20:57:27.134] [bmv2] [D] [thread 3422] [28.0] [cxt 0] Deparser 'deparser': end
[20:57:27.134] [bmv2] [D] [thread 3426] [28.0] [cxt 0] Transmitting packet of size 70 out of port 0
[20:57:27.133] [bmv2] [D] [thread 3421] [29.0] [cxt 0] Pipeline 'ingress': start
[20:57:27.135] [bmv2] [T] [thread 3421] [29.0] [cxt 0] basic.p4(114) Condition "hdr.ipv4.isValid()" (node_2) is false
[20:57:27.135] [bmv2] [D] [thread 3421] [29.0] [cxt 0] Pipeline 'ingress': end
[20:57:27.135] [bmv2] [D] [thread 3421] [29.0] [cxt 0] Egress port is 0
[20:57:27.135] [bmv2] [D] [thread 3422] [29.0] [cxt 0] Pipeline 'egress': start
[20:57:27.135] [bmv2] [D] [thread 3422] [29.0] [cxt 0] Pipeline 'egress': end
[20:57:27.135] [bmv2] [D] [thread 3422] [29.0] [cxt 0] Deparser 'deparser': start
[20:57:27.136] [bmv2] [T] [thread 3422] [29.0] [cxt 0] Skipping checksum 'cksum' update because condition not met
[20:57:27.136] [bmv2] [D] [thread 3422] [29.0] [cxt 0] Deparsing header 'ethernet'
[20:57:27.136] [bmv2] [D] [thread 3422] [29.0] [cxt 0] Deparser 'deparser': end
[20:57:27.136] [bmv2] [D] [thread 3426] [29.0] [cxt 0] Transmitting packet of size 70 out of port 0
[20:57:27.333] [bmv2] [D] [thread 3421] [30.0] [cxt 0] Processing packet received on port 3
[20:57:27.333] [bmv2] [D] [thread 3421] [30.0] [cxt 0] Parser 'parser': start
[20:57:27.333] [bmv2] [D] [thread 3421] [30.0] [cxt 0] Parser 'parser' entering state 'start'
[20:57:27.334] [bmv2] [D] [thread 3421] [30.0] [cxt 0] Extracting header 'ethernet'
[20:57:27.334] [bmv2] [D] [thread 3421] [30.0] [cxt 0] Parser state 'start': key is 86dd
[20:57:27.334] [bmv2] [T] [thread 3421] [30.0] [cxt 0] Bytes parsed: 14
[20:57:27.334] [bmv2] [D] [thread 3421] [30.0] [cxt 0] Parser 'parser': end
[20:57:27.334] [bmv2] [D] [thread 3421] [30.0] [cxt 0] Pipeline 'ingress': start
[20:57:27.335] [bmv2] [T] [thread 3421] [30.0] [cxt 0] basic.p4(114) Condition "hdr.ipv4.isValid()" (node_2) is false
[20:57:27.335] [bmv2] [D] [thread 3421] [30.0] [cxt 0] Pipeline 'ingress': end
[20:57:27.335] [bmv2] [D] [thread 3421] [30.0] [cxt 0] Egress port is 0
[20:57:27.335] [bmv2] [D] [thread 3422] [30.0] [cxt 0] Pipeline 'egress': start
[20:57:27.335] [bmv2] [D] [thread 3422] [30.0] [cxt 0] Pipeline 'egress': end
[20:57:27.335] [bmv2] [D] [thread 3422] [30.0] [cxt 0] Deparser 'deparser': start
[20:57:27.336] [bmv2] [T] [thread 3422] [30.0] [cxt 0] Skipping checksum 'cksum' update because condition not met
[20:57:27.336] [bmv2] [D] [thread 3422] [30.0] [cxt 0] Deparsing header 'ethernet'
[20:57:27.336] [bmv2] [D] [thread 3422] [30.0] [cxt 0] Deparser 'deparser': end
[20:57:27.336] [bmv2] [D] [thread 3426] [30.0] [cxt 0] Transmitting packet of size 70 out of port 0
[20:57:27.813] [bmv2] [D] [thread 3421] [31.0] [cxt 0] Processing packet received on port 3
[20:57:27.814] [bmv2] [D] [thread 3421] [31.0] [cxt 0] Parser 'parser': start
[20:57:27.814] [bmv2] [D] [thread 3421] [31.0] [cxt 0] Parser 'parser' entering state 'start'
[20:57:27.814] [bmv2] [D] [thread 3421] [31.0] [cxt 0] Extracting header 'ethernet'
[20:57:27.814] [bmv2] [D] [thread 3421] [31.0] [cxt 0] Parser state 'start': key is 86dd
[20:57:27.814] [bmv2] [T] [thread 3421] [31.0] [cxt 0] Bytes parsed: 14
[20:57:27.815] [bmv2] [D] [thread 3421] [31.0] [cxt 0] Parser 'parser': end
[20:57:27.815] [bmv2] [D] [thread 3421] [31.0] [cxt 0] Pipeline 'ingress': start
[20:57:27.815] [bmv2] [T] [thread 3421] [31.0] [cxt 0] basic.p4(114) Condition "hdr.ipv4.isValid()" (node_2) is false
[20:57:27.815] [bmv2] [D] [thread 3421] [31.0] [cxt 0] Pipeline 'ingress': end
[20:57:27.815] [bmv2] [D] [thread 3421] [31.0] [cxt 0] Egress port is 0
[20:57:27.816] [bmv2] [D] [thread 3422] [31.0] [cxt 0] Pipeline 'egress': start
[20:57:27.816] [bmv2] [D] [thread 3422] [31.0] [cxt 0] Pipeline 'egress': end
[20:57:27.816] [bmv2] [D] [thread 3422] [31.0] [cxt 0] Deparser 'deparser': start
[20:57:27.816] [bmv2] [T] [thread 3422] [31.0] [cxt 0] Skipping checksum 'cksum' update because condition not met
[20:57:27.816] [bmv2] [D] [thread 3422] [31.0] [cxt 0] Deparsing header 'ethernet'
[20:57:27.816] [bmv2] [D] [thread 3422] [31.0] [cxt 0] Deparser 'deparser': end
[20:57:27.816] [bmv2] [D] [thread 3426] [31.0] [cxt 0] Transmitting packet of size 70 out of port 0
[21:06:41.291] [bmv2] [D] [thread 3421] [32.0] [cxt 0] Processing packet received on port 1
[21:06:41.291] [bmv2] [D] [thread 3421] [32.0] [cxt 0] Parser 'parser': start
[21:06:41.291] [bmv2] [D] [thread 3421] [32.0] [cxt 0] Parser 'parser' entering state 'start'
[21:06:41.291] [bmv2] [D] [thread 3421] [32.0] [cxt 0] Extracting header 'ethernet'
[21:06:41.292] [bmv2] [D] [thread 3421] [32.0] [cxt 0] Parser state 'start': key is 0800
[21:06:41.292] [bmv2] [T] [thread 3421] [32.0] [cxt 0] Bytes parsed: 14
[21:06:41.292] [bmv2] [D] [thread 3421] [32.0] [cxt 0] Parser 'parser' entering state 'parse_ipv4'
[21:06:41.292] [bmv2] [D] [thread 3421] [32.0] [cxt 0] Extracting header 'ipv4'
[21:06:41.292] [bmv2] [D] [thread 3421] [32.0] [cxt 0] Parser state 'parse_ipv4' has no switch, going to default next state
[21:06:41.293] [bmv2] [T] [thread 3421] [32.0] [cxt 0] Bytes parsed: 34
[21:06:41.293] [bmv2] [D] [thread 3421] [32.0] [cxt 0] Parser 'parser': end
[21:06:41.293] [bmv2] [D] [thread 3421] [32.0] [cxt 0] Pipeline 'ingress': start
[21:06:41.293] [bmv2] [T] [thread 3421] [32.0] [cxt 0] basic.p4(114) Condition "hdr.ipv4.isValid()" (node_2) is true
[21:06:41.293] [bmv2] [T] [thread 3421] [32.0] [cxt 0] Applying table 'MyIngress.ipv4_lpm'
[21:06:41.294] [bmv2] [D] [thread 3421] [32.0] [cxt 0] Looking up key:
* hdr.ipv4.dstAddr    : 0a000202

[21:06:41.294] [bmv2] [D] [thread 3421] [32.0] [cxt 0] Table 'MyIngress.ipv4_lpm': hit with handle 1
[21:06:41.294] [bmv2] [D] [thread 3421] [32.0] [cxt 0] Dumping entry 1
Match key:
* hdr.ipv4.dstAddr    : LPM       0a000202/32
Action entry: MyIngress.ipv4_forward - 80000000222,2,

[21:06:41.294] [bmv2] [D] [thread 3421] [32.0] [cxt 0] Action entry is MyIngress.ipv4_forward - 80000000222,2,
[21:06:41.294] [bmv2] [T] [thread 3421] [32.0] [cxt 0] Action MyIngress.ipv4_forward
[21:06:41.295] [bmv2] [T] [thread 3421] [32.0] [cxt 0] basic.p4(94) Primitive standard_metadata.egress_spec = port
[21:06:41.295] [bmv2] [T] [thread 3421] [32.0] [cxt 0] basic.p4(95) Primitive hdr.ethernet.srcAddr = hdr.ethernet.dstAddr
[21:06:41.295] [bmv2] [T] [thread 3421] [32.0] [cxt 0] basic.p4(96) Primitive hdr.ethernet.dstAddr = dstAddr
[21:06:41.295] [bmv2] [T] [thread 3421] [32.0] [cxt 0] basic.p4(97) Primitive hdr.ipv4.ttl = hdr.ipv4.ttl - 1
[21:06:41.295] [bmv2] [D] [thread 3421] [32.0] [cxt 0] Pipeline 'ingress': end
[21:06:41.295] [bmv2] [D] [thread 3421] [32.0] [cxt 0] Egress port is 2
[21:06:41.296] [bmv2] [D] [thread 3424] [32.0] [cxt 0] Pipeline 'egress': start
[21:06:41.296] [bmv2] [D] [thread 3424] [32.0] [cxt 0] Pipeline 'egress': end
[21:06:41.296] [bmv2] [D] [thread 3424] [32.0] [cxt 0] Deparser 'deparser': start
[21:06:41.296] [bmv2] [D] [thread 3424] [32.0] [cxt 0] Updating checksum 'cksum'
[21:06:41.296] [bmv2] [D] [thread 3424] [32.0] [cxt 0] Deparsing header 'ethernet'
[21:06:41.296] [bmv2] [D] [thread 3424] [32.0] [cxt 0] Deparsing header 'ipv4'
[21:06:41.296] [bmv2] [D] [thread 3424] [32.0] [cxt 0] Deparser 'deparser': end
[21:06:41.296] [bmv2] [D] [thread 3426] [32.0] [cxt 0] Transmitting packet of size 98 out of port 2
[21:06:41.297] [bmv2] [D] [thread 3421] [33.0] [cxt 0] Processing packet received on port 2
[21:06:41.297] [bmv2] [D] [thread 3421] [33.0] [cxt 0] Parser 'parser': start
[21:06:41.298] [bmv2] [D] [thread 3421] [33.0] [cxt 0] Parser 'parser' entering state 'start'
[21:06:41.298] [bmv2] [D] [thread 3421] [33.0] [cxt 0] Extracting header 'ethernet'
[21:06:41.298] [bmv2] [D] [thread 3421] [33.0] [cxt 0] Parser state 'start': key is 0800
[21:06:41.298] [bmv2] [T] [thread 3421] [33.0] [cxt 0] Bytes parsed: 14
[21:06:41.298] [bmv2] [D] [thread 3421] [33.0] [cxt 0] Parser 'parser' entering state 'parse_ipv4'
[21:06:41.298] [bmv2] [D] [thread 3421] [33.0] [cxt 0] Extracting header 'ipv4'
[21:06:41.298] [bmv2] [D] [thread 3421] [33.0] [cxt 0] Parser state 'parse_ipv4' has no switch, going to default next state
[21:06:41.298] [bmv2] [T] [thread 3421] [33.0] [cxt 0] Bytes parsed: 34
[21:06:41.298] [bmv2] [D] [thread 3421] [33.0] [cxt 0] Parser 'parser': end
[21:06:41.299] [bmv2] [D] [thread 3421] [33.0] [cxt 0] Pipeline 'ingress': start
[21:06:41.299] [bmv2] [T] [thread 3421] [33.0] [cxt 0] basic.p4(114) Condition "hdr.ipv4.isValid()" (node_2) is true
[21:06:41.299] [bmv2] [T] [thread 3421] [33.0] [cxt 0] Applying table 'MyIngress.ipv4_lpm'
[21:06:41.299] [bmv2] [D] [thread 3421] [33.0] [cxt 0] Looking up key:
* hdr.ipv4.dstAddr    : 0a000101

[21:06:41.299] [bmv2] [D] [thread 3421] [33.0] [cxt 0] Table 'MyIngress.ipv4_lpm': hit with handle 0
[21:06:41.299] [bmv2] [D] [thread 3421] [33.0] [cxt 0] Dumping entry 0
Match key:
* hdr.ipv4.dstAddr    : LPM       0a000101/32
Action entry: MyIngress.ipv4_forward - 80000000111,1,

[21:06:41.299] [bmv2] [D] [thread 3421] [33.0] [cxt 0] Action entry is MyIngress.ipv4_forward - 80000000111,1,
[21:06:41.300] [bmv2] [T] [thread 3421] [33.0] [cxt 0] Action MyIngress.ipv4_forward
[21:06:41.300] [bmv2] [T] [thread 3421] [33.0] [cxt 0] basic.p4(94) Primitive standard_metadata.egress_spec = port
[21:06:41.300] [bmv2] [T] [thread 3421] [33.0] [cxt 0] basic.p4(95) Primitive hdr.ethernet.srcAddr = hdr.ethernet.dstAddr
[21:06:41.300] [bmv2] [T] [thread 3421] [33.0] [cxt 0] basic.p4(96) Primitive hdr.ethernet.dstAddr = dstAddr
[21:06:41.300] [bmv2] [T] [thread 3421] [33.0] [cxt 0] basic.p4(97) Primitive hdr.ipv4.ttl = hdr.ipv4.ttl - 1
[21:06:41.300] [bmv2] [D] [thread 3421] [33.0] [cxt 0] Pipeline 'ingress': end
[21:06:41.300] [bmv2] [D] [thread 3421] [33.0] [cxt 0] Egress port is 1
[21:06:41.301] [bmv2] [D] [thread 3423] [33.0] [cxt 0] Pipeline 'egress': start
[21:06:41.301] [bmv2] [D] [thread 3423] [33.0] [cxt 0] Pipeline 'egress': end
[21:06:41.301] [bmv2] [D] [thread 3423] [33.0] [cxt 0] Deparser 'deparser': start
[21:06:41.301] [bmv2] [D] [thread 3423] [33.0] [cxt 0] Updating checksum 'cksum'
[21:06:41.301] [bmv2] [D] [thread 3423] [33.0] [cxt 0] Deparsing header 'ethernet'
[21:06:41.301] [bmv2] [D] [thread 3423] [33.0] [cxt 0] Deparsing header 'ipv4'
[21:06:41.301] [bmv2] [D] [thread 3423] [33.0] [cxt 0] Deparser 'deparser': end
[21:06:41.301] [bmv2] [D] [thread 3426] [33.0] [cxt 0] Transmitting packet of size 98 out of port 1
[21:06:42.293] [bmv2] [D] [thread 3421] [34.0] [cxt 0] Processing packet received on port 1
[21:06:42.293] [bmv2] [D] [thread 3421] [34.0] [cxt 0] Parser 'parser': start
[21:06:42.293] [bmv2] [D] [thread 3421] [34.0] [cxt 0] Parser 'parser' entering state 'start'
[21:06:42.293] [bmv2] [D] [thread 3421] [34.0] [cxt 0] Extracting header 'ethernet'
[21:06:42.294] [bmv2] [D] [thread 3421] [34.0] [cxt 0] Parser state 'start': key is 0800
[21:06:42.294] [bmv2] [T] [thread 3421] [34.0] [cxt 0] Bytes parsed: 14
[21:06:42.294] [bmv2] [D] [thread 3421] [34.0] [cxt 0] Parser 'parser' entering state 'parse_ipv4'
[21:06:42.294] [bmv2] [D] [thread 3421] [34.0] [cxt 0] Extracting header 'ipv4'
[21:06:42.294] [bmv2] [D] [thread 3421] [34.0] [cxt 0] Parser state 'parse_ipv4' has no switch, going to default next state
[21:06:42.294] [bmv2] [T] [thread 3421] [34.0] [cxt 0] Bytes parsed: 34
[21:06:42.294] [bmv2] [D] [thread 3421] [34.0] [cxt 0] Parser 'parser': end
[21:06:42.294] [bmv2] [D] [thread 3421] [34.0] [cxt 0] Pipeline 'ingress': start
[21:06:42.294] [bmv2] [T] [thread 3421] [34.0] [cxt 0] basic.p4(114) Condition "hdr.ipv4.isValid()" (node_2) is true
[21:06:42.294] [bmv2] [T] [thread 3421] [34.0] [cxt 0] Applying table 'MyIngress.ipv4_lpm'
[21:06:42.294] [bmv2] [D] [thread 3421] [34.0] [cxt 0] Looking up key:
* hdr.ipv4.dstAddr    : 0a000202

[21:06:42.294] [bmv2] [D] [thread 3421] [34.0] [cxt 0] Table 'MyIngress.ipv4_lpm': hit with handle 1
[21:06:42.294] [bmv2] [D] [thread 3421] [34.0] [cxt 0] Dumping entry 1
Match key:
* hdr.ipv4.dstAddr    : LPM       0a000202/32
Action entry: MyIngress.ipv4_forward - 80000000222,2,

[21:06:42.294] [bmv2] [D] [thread 3421] [34.0] [cxt 0] Action entry is MyIngress.ipv4_forward - 80000000222,2,
[21:06:42.295] [bmv2] [T] [thread 3421] [34.0] [cxt 0] Action MyIngress.ipv4_forward
[21:06:42.295] [bmv2] [T] [thread 3421] [34.0] [cxt 0] basic.p4(94) Primitive standard_metadata.egress_spec = port
[21:06:42.295] [bmv2] [T] [thread 3421] [34.0] [cxt 0] basic.p4(95) Primitive hdr.ethernet.srcAddr = hdr.ethernet.dstAddr
[21:06:42.295] [bmv2] [T] [thread 3421] [34.0] [cxt 0] basic.p4(96) Primitive hdr.ethernet.dstAddr = dstAddr
[21:06:42.295] [bmv2] [T] [thread 3421] [34.0] [cxt 0] basic.p4(97) Primitive hdr.ipv4.ttl = hdr.ipv4.ttl - 1
[21:06:42.295] [bmv2] [D] [thread 3421] [34.0] [cxt 0] Pipeline 'ingress': end
[21:06:42.295] [bmv2] [D] [thread 3421] [34.0] [cxt 0] Egress port is 2
[21:06:42.296] [bmv2] [D] [thread 3424] [34.0] [cxt 0] Pipeline 'egress': start
[21:06:42.296] [bmv2] [D] [thread 3424] [34.0] [cxt 0] Pipeline 'egress': end
[21:06:42.296] [bmv2] [D] [thread 3424] [34.0] [cxt 0] Deparser 'deparser': start
[21:06:42.296] [bmv2] [D] [thread 3424] [34.0] [cxt 0] Updating checksum 'cksum'
[21:06:42.296] [bmv2] [D] [thread 3424] [34.0] [cxt 0] Deparsing header 'ethernet'
[21:06:42.296] [bmv2] [D] [thread 3424] [34.0] [cxt 0] Deparsing header 'ipv4'
[21:06:42.296] [bmv2] [D] [thread 3424] [34.0] [cxt 0] Deparser 'deparser': end
[21:06:42.296] [bmv2] [D] [thread 3426] [34.0] [cxt 0] Transmitting packet of size 98 out of port 2
[21:06:42.297] [bmv2] [D] [thread 3421] [35.0] [cxt 0] Processing packet received on port 2
[21:06:42.297] [bmv2] [D] [thread 3421] [35.0] [cxt 0] Parser 'parser': start
[21:06:42.297] [bmv2] [D] [thread 3421] [35.0] [cxt 0] Parser 'parser' entering state 'start'
[21:06:42.297] [bmv2] [D] [thread 3421] [35.0] [cxt 0] Extracting header 'ethernet'
[21:06:42.297] [bmv2] [D] [thread 3421] [35.0] [cxt 0] Parser state 'start': key is 0800
[21:06:42.297] [bmv2] [T] [thread 3421] [35.0] [cxt 0] Bytes parsed: 14
[21:06:42.297] [bmv2] [D] [thread 3421] [35.0] [cxt 0] Parser 'parser' entering state 'parse_ipv4'
[21:06:42.297] [bmv2] [D] [thread 3421] [35.0] [cxt 0] Extracting header 'ipv4'
[21:06:42.297] [bmv2] [D] [thread 3421] [35.0] [cxt 0] Parser state 'parse_ipv4' has no switch, going to default next state
[21:06:42.297] [bmv2] [T] [thread 3421] [35.0] [cxt 0] Bytes parsed: 34
[21:06:42.298] [bmv2] [D] [thread 3421] [35.0] [cxt 0] Parser 'parser': end
[21:06:42.298] [bmv2] [D] [thread 3421] [35.0] [cxt 0] Pipeline 'ingress': start
[21:06:42.298] [bmv2] [T] [thread 3421] [35.0] [cxt 0] basic.p4(114) Condition "hdr.ipv4.isValid()" (node_2) is true
[21:06:42.298] [bmv2] [T] [thread 3421] [35.0] [cxt 0] Applying table 'MyIngress.ipv4_lpm'
[21:06:42.298] [bmv2] [D] [thread 3421] [35.0] [cxt 0] Looking up key:
* hdr.ipv4.dstAddr    : 0a000101

[21:06:42.298] [bmv2] [D] [thread 3421] [35.0] [cxt 0] Table 'MyIngress.ipv4_lpm': hit with handle 0
[21:06:42.298] [bmv2] [D] [thread 3421] [35.0] [cxt 0] Dumping entry 0
Match key:
* hdr.ipv4.dstAddr    : LPM       0a000101/32
Action entry: MyIngress.ipv4_forward - 80000000111,1,

[21:06:42.298] [bmv2] [D] [thread 3421] [35.0] [cxt 0] Action entry is MyIngress.ipv4_forward - 80000000111,1,
[21:06:42.298] [bmv2] [T] [thread 3421] [35.0] [cxt 0] Action MyIngress.ipv4_forward
[21:06:42.299] [bmv2] [T] [thread 3421] [35.0] [cxt 0] basic.p4(94) Primitive standard_metadata.egress_spec = port
[21:06:42.299] [bmv2] [T] [thread 3421] [35.0] [cxt 0] basic.p4(95) Primitive hdr.ethernet.srcAddr = hdr.ethernet.dstAddr
[21:06:42.299] [bmv2] [T] [thread 3421] [35.0] [cxt 0] basic.p4(96) Primitive hdr.ethernet.dstAddr = dstAddr
[21:06:42.299] [bmv2] [T] [thread 3421] [35.0] [cxt 0] basic.p4(97) Primitive hdr.ipv4.ttl = hdr.ipv4.ttl - 1
[21:06:42.299] [bmv2] [D] [thread 3421] [35.0] [cxt 0] Pipeline 'ingress': end
[21:06:42.299] [bmv2] [D] [thread 3421] [35.0] [cxt 0] Egress port is 1
[21:06:42.299] [bmv2] [D] [thread 3423] [35.0] [cxt 0] Pipeline 'egress': start
[21:06:42.299] [bmv2] [D] [thread 3423] [35.0] [cxt 0] Pipeline 'egress': end
[21:06:42.300] [bmv2] [D] [thread 3423] [35.0] [cxt 0] Deparser 'deparser': start
[21:06:42.300] [bmv2] [D] [thread 3423] [35.0] [cxt 0] Updating checksum 'cksum'
[21:06:42.300] [bmv2] [D] [thread 3423] [35.0] [cxt 0] Deparsing header 'ethernet'
[21:06:42.300] [bmv2] [D] [thread 3423] [35.0] [cxt 0] Deparsing header 'ipv4'
[21:06:42.300] [bmv2] [D] [thread 3423] [35.0] [cxt 0] Deparser 'deparser': end
[21:06:42.300] [bmv2] [D] [thread 3426] [35.0] [cxt 0] Transmitting packet of size 98 out of port 1
[21:27:11.534] [bmv2] [D] [thread 3421] [36.0] [cxt 0] Processing packet received on port 1
[21:27:11.534] [bmv2] [D] [thread 3421] [36.0] [cxt 0] Parser 'parser': start
[21:27:11.534] [bmv2] [D] [thread 3421] [36.0] [cxt 0] Parser 'parser' entering state 'start'
[21:27:11.534] [bmv2] [D] [thread 3421] [36.0] [cxt 0] Extracting header 'ethernet'
[21:27:11.535] [bmv2] [D] [thread 3421] [36.0] [cxt 0] Parser state 'start': key is 0800
[21:27:11.535] [bmv2] [T] [thread 3421] [36.0] [cxt 0] Bytes parsed: 14
[21:27:11.535] [bmv2] [D] [thread 3421] [36.0] [cxt 0] Parser 'parser' entering state 'parse_ipv4'
[21:27:11.535] [bmv2] [D] [thread 3421] [36.0] [cxt 0] Extracting header 'ipv4'
[21:27:11.535] [bmv2] [D] [thread 3421] [36.0] [cxt 0] Parser state 'parse_ipv4' has no switch, going to default next state
[21:27:11.537] [bmv2] [T] [thread 3421] [36.0] [cxt 0] Bytes parsed: 34
[21:27:11.537] [bmv2] [D] [thread 3421] [36.0] [cxt 0] Parser 'parser': end
[21:27:11.537] [bmv2] [D] [thread 3421] [36.0] [cxt 0] Pipeline 'ingress': start
[21:27:11.538] [bmv2] [T] [thread 3421] [36.0] [cxt 0] basic.p4(114) Condition "hdr.ipv4.isValid()" (node_2) is true
[21:27:11.538] [bmv2] [T] [thread 3421] [36.0] [cxt 0] Applying table 'MyIngress.ipv4_lpm'
[21:27:11.538] [bmv2] [D] [thread 3421] [36.0] [cxt 0] Looking up key:
* hdr.ipv4.dstAddr    : 0a000002

[21:27:11.538] [bmv2] [D] [thread 3421] [36.0] [cxt 0] Table 'MyIngress.ipv4_lpm': miss
[21:27:11.538] [bmv2] [D] [thread 3421] [36.0] [cxt 0] Action entry is MyIngress.drop - 
[21:27:11.538] [bmv2] [T] [thread 3421] [36.0] [cxt 0] Action MyIngress.drop
[21:27:11.539] [bmv2] [T] [thread 3421] [36.0] [cxt 0] basic.p4(90) Primitive mark_to_drop(standard_metadata)
[21:27:11.539] [bmv2] [D] [thread 3421] [36.0] [cxt 0] Pipeline 'ingress': end
[21:27:11.539] [bmv2] [D] [thread 3421] [36.0] [cxt 0] Egress port is 511
[21:27:11.539] [bmv2] [D] [thread 3421] [36.0] [cxt 0] Dropping packet at the end of ingress
open: No such file or directory
open: No such file or directory
