Calling target program-options parser
[20:57:19.223] [bmv2] [D] [thread 3435] Set default default entry for table 'MyIngress.ipv4_lpm': MyIngress.drop - 
Adding interface s2-eth1 as port 1
[20:57:19.223] [bmv2] [D] [thread 3435] Adding interface s2-eth1 as port 1
Adding interface s2-eth2 as port 2
[20:57:19.254] [bmv2] [D] [thread 3435] Adding interface s2-eth2 as port 2
Adding interface s2-eth3 as port 3
[20:57:19.318] [bmv2] [D] [thread 3435] Adding interface s2-eth3 as port 3
Adding interface s2-eth4 as port 4
[20:57:19.346] [bmv2] [D] [thread 3435] Adding interface s2-eth4 as port 4
I0512 20:57:19.434929590    3435 server_builder.cc:247]      Synchronous server. Num CQs: 1, Min pollers: 1, Max Pollers: 2147483647, CQ timeout (msec): 1000
Server listening on 0.0.0.0:50052
[20:57:19.443] [bmv2] [I] [thread 3435] Starting Thrift server on port 9091
[20:57:19.443] [bmv2] [I] [thread 3435] Thrift server was started
[20:57:19.445] [bmv2] [D] [thread 3442] [0.0] [cxt 0] Processing packet received on port 2
[20:57:19.445] [bmv2] [D] [thread 3442] [0.0] [cxt 0] Parser 'parser': start
[20:57:19.445] [bmv2] [D] [thread 3442] [0.0] [cxt 0] Parser 'parser' entering state 'start'
[20:57:19.445] [bmv2] [D] [thread 3442] [0.0] [cxt 0] Extracting header 'ethernet'
[20:57:19.445] [bmv2] [D] [thread 3442] [0.0] [cxt 0] Parser state 'start': key is 86dd
[20:57:19.446] [bmv2] [T] [thread 3442] [0.0] [cxt 0] Bytes parsed: 14
[20:57:19.446] [bmv2] [D] [thread 3442] [0.0] [cxt 0] Parser 'parser': end
[20:57:19.446] [bmv2] [D] [thread 3442] [0.0] [cxt 0] Pipeline 'ingress': start
[20:57:19.446] [bmv2] [T] [thread 3442] [0.0] [cxt 0] basic.p4(114) Condition "hdr.ipv4.isValid()" (node_2) is false
[20:57:19.446] [bmv2] [D] [thread 3442] [0.0] [cxt 0] Pipeline 'ingress': end
[20:57:19.446] [bmv2] [D] [thread 3442] [0.0] [cxt 0] Egress port is 0
[20:57:19.447] [bmv2] [D] [thread 3442] [1.0] [cxt 0] Processing packet received on port 3
[20:57:19.447] [bmv2] [D] [thread 3442] [1.0] [cxt 0] Parser 'parser': start
[20:57:19.447] [bmv2] [D] [thread 3442] [1.0] [cxt 0] Parser 'parser' entering state 'start'
[20:57:19.447] [bmv2] [D] [thread 3442] [1.0] [cxt 0] Extracting header 'ethernet'
[20:57:19.447] [bmv2] [D] [thread 3443] [0.0] [cxt 0] Pipeline 'egress': start
[20:57:19.448] [bmv2] [D] [thread 3443] [0.0] [cxt 0] Pipeline 'egress': end
[20:57:19.448] [bmv2] [D] [thread 3443] [0.0] [cxt 0] Deparser 'deparser': start
[20:57:19.448] [bmv2] [T] [thread 3443] [0.0] [cxt 0] Skipping checksum 'cksum' update because condition not met
[20:57:19.448] [bmv2] [D] [thread 3443] [0.0] [cxt 0] Deparsing header 'ethernet'
[20:57:19.448] [bmv2] [D] [thread 3443] [0.0] [cxt 0] Deparser 'deparser': end
[20:57:19.448] [bmv2] [D] [thread 3447] [0.0] [cxt 0] Transmitting packet of size 90 out of port 0
[20:57:19.447] [bmv2] [D] [thread 3442] [1.0] [cxt 0] Parser state 'start': key is 86dd
[20:57:19.449] [bmv2] [T] [thread 3442] [1.0] [cxt 0] Bytes parsed: 14
[20:57:19.449] [bmv2] [D] [thread 3442] [1.0] [cxt 0] Parser 'parser': end
[20:57:19.449] [bmv2] [D] [thread 3442] [1.0] [cxt 0] Pipeline 'ingress': start
[20:57:19.449] [bmv2] [T] [thread 3442] [1.0] [cxt 0] basic.p4(114) Condition "hdr.ipv4.isValid()" (node_2) is false
[20:57:19.449] [bmv2] [D] [thread 3442] [1.0] [cxt 0] Pipeline 'ingress': end
[20:57:19.450] [bmv2] [D] [thread 3442] [1.0] [cxt 0] Egress port is 0
[20:57:19.450] [bmv2] [D] [thread 3442] [2.0] [cxt 0] Processing packet received on port 3
[20:57:19.450] [bmv2] [D] [thread 3443] [1.0] [cxt 0] Pipeline 'egress': start
[20:57:19.450] [bmv2] [D] [thread 3443] [1.0] [cxt 0] Pipeline 'egress': end
[20:57:19.450] [bmv2] [D] [thread 3443] [1.0] [cxt 0] Deparser 'deparser': start
[20:57:19.450] [bmv2] [T] [thread 3443] [1.0] [cxt 0] Skipping checksum 'cksum' update because condition not met
[20:57:19.451] [bmv2] [D] [thread 3443] [1.0] [cxt 0] Deparsing header 'ethernet'
[20:57:19.450] [bmv2] [D] [thread 3442] [2.0] [cxt 0] Parser 'parser': start
[20:57:19.451] [bmv2] [D] [thread 3442] [2.0] [cxt 0] Parser 'parser' entering state 'start'
[20:57:19.451] [bmv2] [D] [thread 3442] [2.0] [cxt 0] Extracting header 'ethernet'
[20:57:19.451] [bmv2] [D] [thread 3443] [1.0] [cxt 0] Deparser 'deparser': end
[20:57:19.452] [bmv2] [D] [thread 3447] [1.0] [cxt 0] Transmitting packet of size 90 out of port 0
[20:57:19.451] [bmv2] [D] [thread 3442] [2.0] [cxt 0] Parser state 'start': key is 86dd
[20:57:19.452] [bmv2] [T] [thread 3442] [2.0] [cxt 0] Bytes parsed: 14
[20:57:19.452] [bmv2] [D] [thread 3442] [2.0] [cxt 0] Parser 'parser': end
[20:57:19.452] [bmv2] [D] [thread 3442] [2.0] [cxt 0] Pipeline 'ingress': start
[20:57:19.452] [bmv2] [T] [thread 3442] [2.0] [cxt 0] basic.p4(114) Condition "hdr.ipv4.isValid()" (node_2) is false
[20:57:19.452] [bmv2] [D] [thread 3442] [2.0] [cxt 0] Pipeline 'ingress': end
[20:57:19.453] [bmv2] [D] [thread 3442] [2.0] [cxt 0] Egress port is 0
[20:57:19.453] [bmv2] [D] [thread 3443] [2.0] [cxt 0] Pipeline 'egress': start
[20:57:19.453] [bmv2] [D] [thread 3443] [2.0] [cxt 0] Pipeline 'egress': end
[20:57:19.453] [bmv2] [D] [thread 3443] [2.0] [cxt 0] Deparser 'deparser': start
[20:57:19.454] [bmv2] [T] [thread 3443] [2.0] [cxt 0] Skipping checksum 'cksum' update because condition not met
[20:57:19.454] [bmv2] [D] [thread 3443] [2.0] [cxt 0] Deparsing header 'ethernet'
[20:57:19.454] [bmv2] [D] [thread 3443] [2.0] [cxt 0] Deparser 'deparser': end
[20:57:19.454] [bmv2] [D] [thread 3442] [3.0] [cxt 0] Processing packet received on port 4
[20:57:19.455] [bmv2] [D] [thread 3442] [3.0] [cxt 0] Parser 'parser': start
[20:57:19.455] [bmv2] [D] [thread 3442] [3.0] [cxt 0] Parser 'parser' entering state 'start'
[20:57:19.455] [bmv2] [D] [thread 3442] [3.0] [cxt 0] Extracting header 'ethernet'
[20:57:19.455] [bmv2] [D] [thread 3442] [3.0] [cxt 0] Parser state 'start': key is 86dd
[20:57:19.455] [bmv2] [T] [thread 3442] [3.0] [cxt 0] Bytes parsed: 14
[20:57:19.455] [bmv2] [D] [thread 3442] [3.0] [cxt 0] Parser 'parser': end
[20:57:19.455] [bmv2] [D] [thread 3447] [2.0] [cxt 0] Transmitting packet of size 70 out of port 0
[20:57:19.456] [bmv2] [D] [thread 3442] [3.0] [cxt 0] Pipeline 'ingress': start
[20:57:19.456] [bmv2] [T] [thread 3442] [3.0] [cxt 0] basic.p4(114) Condition "hdr.ipv4.isValid()" (node_2) is false
[20:57:19.456] [bmv2] [D] [thread 3442] [3.0] [cxt 0] Pipeline 'ingress': end
[20:57:19.456] [bmv2] [D] [thread 3442] [3.0] [cxt 0] Egress port is 0
[20:57:19.456] [bmv2] [D] [thread 3442] [4.0] [cxt 0] Processing packet received on port 4
[20:57:19.456] [bmv2] [D] [thread 3443] [3.0] [cxt 0] Pipeline 'egress': start
[20:57:19.457] [bmv2] [D] [thread 3443] [3.0] [cxt 0] Pipeline 'egress': end
[20:57:19.457] [bmv2] [D] [thread 3443] [3.0] [cxt 0] Deparser 'deparser': start
[20:57:19.457] [bmv2] [D] [thread 3442] [4.0] [cxt 0] Parser 'parser': start
[20:57:19.457] [bmv2] [D] [thread 3442] [4.0] [cxt 0] Parser 'parser' entering state 'start'
[20:57:19.457] [bmv2] [D] [thread 3442] [4.0] [cxt 0] Extracting header 'ethernet'
[20:57:19.457] [bmv2] [T] [thread 3443] [3.0] [cxt 0] Skipping checksum 'cksum' update because condition not met
[20:57:19.458] [bmv2] [D] [thread 3443] [3.0] [cxt 0] Deparsing header 'ethernet'
[20:57:19.458] [bmv2] [D] [thread 3443] [3.0] [cxt 0] Deparser 'deparser': end
[20:57:19.458] [bmv2] [D] [thread 3442] [4.0] [cxt 0] Parser state 'start': key is 86dd
[20:57:19.458] [bmv2] [D] [thread 3447] [3.0] [cxt 0] Transmitting packet of size 90 out of port 0
[20:57:19.458] [bmv2] [T] [thread 3442] [4.0] [cxt 0] Bytes parsed: 14
[20:57:19.459] [bmv2] [D] [thread 3442] [4.0] [cxt 0] Parser 'parser': end
[20:57:19.459] [bmv2] [D] [thread 3442] [4.0] [cxt 0] Pipeline 'ingress': start
[20:57:19.459] [bmv2] [T] [thread 3442] [4.0] [cxt 0] basic.p4(114) Condition "hdr.ipv4.isValid()" (node_2) is false
[20:57:19.459] [bmv2] [D] [thread 3442] [4.0] [cxt 0] Pipeline 'ingress': end
[20:57:19.459] [bmv2] [D] [thread 3442] [4.0] [cxt 0] Egress port is 0
[20:57:19.459] [bmv2] [D] [thread 3443] [4.0] [cxt 0] Pipeline 'egress': start
[20:57:19.459] [bmv2] [D] [thread 3443] [4.0] [cxt 0] Pipeline 'egress': end
[20:57:19.460] [bmv2] [D] [thread 3443] [4.0] [cxt 0] Deparser 'deparser': start
[20:57:19.460] [bmv2] [T] [thread 3443] [4.0] [cxt 0] Skipping checksum 'cksum' update because condition not met
[20:57:19.460] [bmv2] [D] [thread 3443] [4.0] [cxt 0] Deparsing header 'ethernet'
[20:57:19.460] [bmv2] [D] [thread 3443] [4.0] [cxt 0] Deparser 'deparser': end
[20:57:19.460] [bmv2] [D] [thread 3447] [4.0] [cxt 0] Transmitting packet of size 70 out of port 0
[20:57:19.646] [bmv2] [D] [thread 3442] [5.0] [cxt 0] Processing packet received on port 3
[20:57:19.646] [bmv2] [D] [thread 3442] [5.0] [cxt 0] Parser 'parser': start
[20:57:19.646] [bmv2] [D] [thread 3442] [5.0] [cxt 0] Parser 'parser' entering state 'start'
[20:57:19.646] [bmv2] [D] [thread 3442] [5.0] [cxt 0] Extracting header 'ethernet'
[20:57:19.646] [bmv2] [D] [thread 3442] [5.0] [cxt 0] Parser state 'start': key is 86dd
[20:57:19.646] [bmv2] [T] [thread 3442] [5.0] [cxt 0] Bytes parsed: 14
[20:57:19.646] [bmv2] [D] [thread 3442] [5.0] [cxt 0] Parser 'parser': end
[20:57:19.647] [bmv2] [D] [thread 3442] [5.0] [cxt 0] Pipeline 'ingress': start
[20:57:19.647] [bmv2] [T] [thread 3442] [5.0] [cxt 0] basic.p4(114) Condition "hdr.ipv4.isValid()" (node_2) is false
[20:57:19.647] [bmv2] [D] [thread 3442] [5.0] [cxt 0] Pipeline 'ingress': end
[20:57:19.647] [bmv2] [D] [thread 3442] [5.0] [cxt 0] Egress port is 0
[20:57:19.647] [bmv2] [D] [thread 3442] [6.0] [cxt 0] Processing packet received on port 3
[20:57:19.647] [bmv2] [D] [thread 3442] [6.0] [cxt 0] Parser 'parser': start
[20:57:19.647] [bmv2] [D] [thread 3442] [6.0] [cxt 0] Parser 'parser' entering state 'start'
[20:57:19.647] [bmv2] [D] [thread 3442] [6.0] [cxt 0] Extracting header 'ethernet'
[20:57:19.647] [bmv2] [D] [thread 3442] [6.0] [cxt 0] Parser state 'start': key is 86dd
[20:57:19.648] [bmv2] [T] [thread 3442] [6.0] [cxt 0] Bytes parsed: 14
[20:57:19.648] [bmv2] [D] [thread 3442] [6.0] [cxt 0] Parser 'parser': end
[20:57:19.648] [bmv2] [D] [thread 3442] [6.0] [cxt 0] Pipeline 'ingress': start
[20:57:19.648] [bmv2] [T] [thread 3442] [6.0] [cxt 0] basic.p4(114) Condition "hdr.ipv4.isValid()" (node_2) is false
[20:57:19.648] [bmv2] [D] [thread 3442] [6.0] [cxt 0] Pipeline 'ingress': end
[20:57:19.648] [bmv2] [D] [thread 3442] [6.0] [cxt 0] Egress port is 0
[20:57:19.647] [bmv2] [D] [thread 3443] [5.0] [cxt 0] Pipeline 'egress': start
[20:57:19.648] [bmv2] [D] [thread 3443] [5.0] [cxt 0] Pipeline 'egress': end
[20:57:19.649] [bmv2] [D] [thread 3443] [5.0] [cxt 0] Deparser 'deparser': start
[20:57:19.649] [bmv2] [T] [thread 3443] [5.0] [cxt 0] Skipping checksum 'cksum' update because condition not met
[20:57:19.649] [bmv2] [D] [thread 3443] [5.0] [cxt 0] Deparsing header 'ethernet'
[20:57:19.649] [bmv2] [D] [thread 3443] [5.0] [cxt 0] Deparser 'deparser': end
[20:57:19.649] [bmv2] [D] [thread 3443] [6.0] [cxt 0] Pipeline 'egress': start
[20:57:19.649] [bmv2] [D] [thread 3447] [5.0] [cxt 0] Transmitting packet of size 90 out of port 0
[20:57:19.649] [bmv2] [D] [thread 3443] [6.0] [cxt 0] Pipeline 'egress': end
[20:57:19.650] [bmv2] [D] [thread 3443] [6.0] [cxt 0] Deparser 'deparser': start
[20:57:19.650] [bmv2] [T] [thread 3443] [6.0] [cxt 0] Skipping checksum 'cksum' update because condition not met
[20:57:19.650] [bmv2] [D] [thread 3443] [6.0] [cxt 0] Deparsing header 'ethernet'
[20:57:19.650] [bmv2] [D] [thread 3443] [6.0] [cxt 0] Deparser 'deparser': end
[20:57:19.650] [bmv2] [D] [thread 3447] [6.0] [cxt 0] Transmitting packet of size 70 out of port 0
[20:57:19.966] [bmv2] [D] [thread 3442] [7.0] [cxt 0] Processing packet received on port 3
[20:57:19.966] [bmv2] [D] [thread 3442] [7.0] [cxt 0] Parser 'parser': start
[20:57:19.967] [bmv2] [D] [thread 3442] [7.0] [cxt 0] Parser 'parser' entering state 'start'
[20:57:19.967] [bmv2] [D] [thread 3442] [7.0] [cxt 0] Extracting header 'ethernet'
[20:57:19.967] [bmv2] [D] [thread 3442] [7.0] [cxt 0] Parser state 'start': key is 86dd
[20:57:19.967] [bmv2] [T] [thread 3442] [7.0] [cxt 0] Bytes parsed: 14
[20:57:19.967] [bmv2] [D] [thread 3442] [7.0] [cxt 0] Parser 'parser': end
[20:57:19.967] [bmv2] [D] [thread 3442] [7.0] [cxt 0] Pipeline 'ingress': start
[20:57:19.967] [bmv2] [T] [thread 3442] [7.0] [cxt 0] basic.p4(114) Condition "hdr.ipv4.isValid()" (node_2) is false
[20:57:19.967] [bmv2] [D] [thread 3442] [7.0] [cxt 0] Pipeline 'ingress': end
[20:57:19.967] [bmv2] [D] [thread 3442] [7.0] [cxt 0] Egress port is 0
[20:57:19.968] [bmv2] [D] [thread 3443] [7.0] [cxt 0] Pipeline 'egress': start
[20:57:19.968] [bmv2] [D] [thread 3443] [7.0] [cxt 0] Pipeline 'egress': end
[20:57:19.968] [bmv2] [D] [thread 3443] [7.0] [cxt 0] Deparser 'deparser': start
[20:57:19.968] [bmv2] [T] [thread 3443] [7.0] [cxt 0] Skipping checksum 'cksum' update because condition not met
[20:57:19.969] [bmv2] [D] [thread 3443] [7.0] [cxt 0] Deparsing header 'ethernet'
[20:57:19.969] [bmv2] [D] [thread 3443] [7.0] [cxt 0] Deparser 'deparser': end
[20:57:19.969] [bmv2] [D] [thread 3447] [7.0] [cxt 0] Transmitting packet of size 90 out of port 0
[20:57:19.998] [bmv2] [D] [thread 3442] [8.0] [cxt 0] Processing packet received on port 3
[20:57:19.999] [bmv2] [D] [thread 3442] [8.0] [cxt 0] Parser 'parser': start
[20:57:19.999] [bmv2] [D] [thread 3442] [8.0] [cxt 0] Parser 'parser' entering state 'start'
[20:57:19.999] [bmv2] [D] [thread 3442] [8.0] [cxt 0] Extracting header 'ethernet'
[20:57:19.999] [bmv2] [D] [thread 3442] [8.0] [cxt 0] Parser state 'start': key is 86dd
[20:57:19.999] [bmv2] [T] [thread 3442] [8.0] [cxt 0] Bytes parsed: 14
[20:57:19.999] [bmv2] [D] [thread 3442] [8.0] [cxt 0] Parser 'parser': end
[20:57:19.999] [bmv2] [D] [thread 3442] [8.0] [cxt 0] Pipeline 'ingress': start
[20:57:19.999] [bmv2] [T] [thread 3442] [8.0] [cxt 0] basic.p4(114) Condition "hdr.ipv4.isValid()" (node_2) is false
[20:57:19.999] [bmv2] [D] [thread 3442] [8.0] [cxt 0] Pipeline 'ingress': end
[20:57:19.999] [bmv2] [D] [thread 3442] [8.0] [cxt 0] Egress port is 0
[20:57:19.999] [bmv2] [D] [thread 3443] [8.0] [cxt 0] Pipeline 'egress': start
[20:57:20.000] [bmv2] [D] [thread 3443] [8.0] [cxt 0] Pipeline 'egress': end
[20:57:20.000] [bmv2] [D] [thread 3443] [8.0] [cxt 0] Deparser 'deparser': start
[20:57:20.000] [bmv2] [T] [thread 3443] [8.0] [cxt 0] Skipping checksum 'cksum' update because condition not met
[20:57:20.000] [bmv2] [D] [thread 3443] [8.0] [cxt 0] Deparsing header 'ethernet'
[20:57:20.000] [bmv2] [D] [thread 3443] [8.0] [cxt 0] Deparser 'deparser': end
[20:57:20.000] [bmv2] [D] [thread 3447] [8.0] [cxt 0] Transmitting packet of size 90 out of port 0
[20:57:20.289] [bmv2] [D] [thread 3442] [9.0] [cxt 0] Processing packet received on port 4
[20:57:20.290] [bmv2] [D] [thread 3442] [9.0] [cxt 0] Parser 'parser': start
[20:57:20.290] [bmv2] [D] [thread 3442] [9.0] [cxt 0] Parser 'parser' entering state 'start'
[20:57:20.290] [bmv2] [D] [thread 3442] [9.0] [cxt 0] Extracting header 'ethernet'
[20:57:20.290] [bmv2] [D] [thread 3442] [9.0] [cxt 0] Parser state 'start': key is 86dd
[20:57:20.290] [bmv2] [T] [thread 3442] [9.0] [cxt 0] Bytes parsed: 14
[20:57:20.291] [bmv2] [D] [thread 3442] [9.0] [cxt 0] Parser 'parser': end
[20:57:20.291] [bmv2] [D] [thread 3442] [9.0] [cxt 0] Pipeline 'ingress': start
[20:57:20.291] [bmv2] [T] [thread 3442] [9.0] [cxt 0] basic.p4(114) Condition "hdr.ipv4.isValid()" (node_2) is false
[20:57:20.291] [bmv2] [D] [thread 3442] [9.0] [cxt 0] Pipeline 'ingress': end
[20:57:20.291] [bmv2] [D] [thread 3442] [9.0] [cxt 0] Egress port is 0
[20:57:20.291] [bmv2] [D] [thread 3443] [9.0] [cxt 0] Pipeline 'egress': start
[20:57:20.291] [bmv2] [D] [thread 3443] [9.0] [cxt 0] Pipeline 'egress': end
[20:57:20.291] [bmv2] [D] [thread 3443] [9.0] [cxt 0] Deparser 'deparser': start
[20:57:20.292] [bmv2] [T] [thread 3443] [9.0] [cxt 0] Skipping checksum 'cksum' update because condition not met
[20:57:20.292] [bmv2] [D] [thread 3443] [9.0] [cxt 0] Deparsing header 'ethernet'
[20:57:20.292] [bmv2] [D] [thread 3443] [9.0] [cxt 0] Deparser 'deparser': end
[20:57:20.292] [bmv2] [D] [thread 3447] [9.0] [cxt 0] Transmitting packet of size 90 out of port 0
New connection
P4Runtime SetForwardingPipelineConfig
[20:57:21.868] [bmv2] [W] [thread 3503] [P4Runtime] p4::tmp::P4DeviceConfig is deprecated
[20:57:21.869] [bmv2] [D] [thread 3503] Set default default entry for table 'MyIngress.ipv4_lpm': MyIngress.drop - 
P4Runtime Write
device_id: 1
election_id {
  low: 1
}
updates {
  type: MODIFY
  entity {
    table_entry {
      table_id: 33574068
      action {
        action {
          action_id: 16805608
        }
      }
      is_default_action: true
    }
  }
}
[20:57:21.874] [bmv2] [D] [thread 3503] Set default entry for table 'MyIngress.ipv4_lpm': MyIngress.drop - 
P4Runtime Write
device_id: 1
election_id {
  low: 1
}
updates {
  type: INSERT
  entity {
    table_entry {
      table_id: 33574068
      match {
        field_id: 1
        lpm {
          value: "\n\000\001\001"
          prefix_len: 32
        }
      }
      action {
        action {
          action_id: 16799317
          params {
            param_id: 1
            value: "\010\000\000\000\003\000"
          }
          params {
            param_id: 2
            value: "\000\004"
          }
        }
      }
    }
  }
}
[20:57:21.878] [bmv2] [D] [thread 3503] Entry 0 added to table 'MyIngress.ipv4_lpm'
[20:57:21.878] [bmv2] [D] [thread 3503] Dumping entry 0
Match key:
* hdr.ipv4.dstAddr    : LPM       0a000101/32
Action entry: MyIngress.ipv4_forward - 80000000300,4,

P4Runtime Write
device_id: 1
election_id {
  low: 1
}
updates {
  type: INSERT
  entity {
    table_entry {
      table_id: 33574068
      match {
        field_id: 1
        lpm {
          value: "\n\000\002\002"
          prefix_len: 32
        }
      }
      action {
        action {
          action_id: 16799317
          params {
            param_id: 1
            value: "\010\000\000\000\004\000"
          }
          params {
            param_id: 2
            value: "\000\003"
          }
        }
      }
    }
  }
}
[20:57:21.881] [bmv2] [D] [thread 3503] Entry 1 added to table 'MyIngress.ipv4_lpm'
[20:57:21.881] [bmv2] [D] [thread 3503] Dumping entry 1
Match key:
* hdr.ipv4.dstAddr    : LPM       0a000202/32
Action entry: MyIngress.ipv4_forward - 80000000400,3,

P4Runtime Write
device_id: 1
election_id {
  low: 1
}
updates {
  type: INSERT
  entity {
    table_entry {
      table_id: 33574068
      match {
        field_id: 1
        lpm {
          value: "\n\000\003\003"
          prefix_len: 32
        }
      }
      action {
        action {
          action_id: 16799317
          params {
            param_id: 1
            value: "\010\000\000\000\0033"
          }
          params {
            param_id: 2
            value: "\000\001"
          }
        }
      }
    }
  }
}
[20:57:21.884] [bmv2] [D] [thread 3503] Entry 2 added to table 'MyIngress.ipv4_lpm'
[20:57:21.884] [bmv2] [D] [thread 3503] Dumping entry 2
Match key:
* hdr.ipv4.dstAddr    : LPM       0a000303/32
Action entry: MyIngress.ipv4_forward - 80000000333,1,

P4Runtime Write
device_id: 1
election_id {
  low: 1
}
updates {
  type: INSERT
  entity {
    table_entry {
      table_id: 33574068
      match {
        field_id: 1
        lpm {
          value: "\n\000\004\004"
          prefix_len: 32
        }
      }
      action {
        action {
          action_id: 16799317
          params {
            param_id: 1
            value: "\010\000\000\000\004D"
          }
          params {
            param_id: 2
            value: "\000\002"
          }
        }
      }
    }
  }
}
[20:57:21.887] [bmv2] [D] [thread 3503] Entry 3 added to table 'MyIngress.ipv4_lpm'
[20:57:21.887] [bmv2] [D] [thread 3503] Dumping entry 3
Match key:
* hdr.ipv4.dstAddr    : LPM       0a000404/32
Action entry: MyIngress.ipv4_forward - 80000000444,2,

Connection removed
[20:57:22.957] [bmv2] [D] [thread 3442] [10.0] [cxt 0] Processing packet received on port 1
[20:57:22.958] [bmv2] [D] [thread 3442] [10.0] [cxt 0] Parser 'parser': start
[20:57:22.958] [bmv2] [D] [thread 3442] [10.0] [cxt 0] Parser 'parser' entering state 'start'
[20:57:22.958] [bmv2] [D] [thread 3442] [10.0] [cxt 0] Extracting header 'ethernet'
[20:57:22.958] [bmv2] [D] [thread 3442] [10.0] [cxt 0] Parser state 'start': key is 86dd
[20:57:22.958] [bmv2] [T] [thread 3442] [10.0] [cxt 0] Bytes parsed: 14
[20:57:22.959] [bmv2] [D] [thread 3442] [10.0] [cxt 0] Parser 'parser': end
[20:57:22.959] [bmv2] [D] [thread 3442] [10.0] [cxt 0] Pipeline 'ingress': start
[20:57:22.959] [bmv2] [T] [thread 3442] [10.0] [cxt 0] basic.p4(114) Condition "hdr.ipv4.isValid()" (node_2) is false
[20:57:22.959] [bmv2] [D] [thread 3442] [10.0] [cxt 0] Pipeline 'ingress': end
[20:57:22.959] [bmv2] [D] [thread 3442] [10.0] [cxt 0] Egress port is 0
[20:57:22.960] [bmv2] [D] [thread 3443] [10.0] [cxt 0] Pipeline 'egress': start
[20:57:22.960] [bmv2] [D] [thread 3443] [10.0] [cxt 0] Pipeline 'egress': end
[20:57:22.960] [bmv2] [D] [thread 3443] [10.0] [cxt 0] Deparser 'deparser': start
[20:57:22.960] [bmv2] [T] [thread 3443] [10.0] [cxt 0] Skipping checksum 'cksum' update because condition not met
[20:57:22.960] [bmv2] [D] [thread 3443] [10.0] [cxt 0] Deparsing header 'ethernet'
[20:57:22.960] [bmv2] [D] [thread 3443] [10.0] [cxt 0] Deparser 'deparser': end
[20:57:22.961] [bmv2] [D] [thread 3447] [10.0] [cxt 0] Transmitting packet of size 70 out of port 0
[20:57:23.109] [bmv2] [D] [thread 3442] [11.0] [cxt 0] Processing packet received on port 2
[20:57:23.110] [bmv2] [D] [thread 3442] [11.0] [cxt 0] Parser 'parser': start
[20:57:23.110] [bmv2] [D] [thread 3442] [11.0] [cxt 0] Parser 'parser' entering state 'start'
[20:57:23.110] [bmv2] [D] [thread 3442] [11.0] [cxt 0] Extracting header 'ethernet'
[20:57:23.110] [bmv2] [D] [thread 3442] [11.0] [cxt 0] Parser state 'start': key is 86dd
[20:57:23.110] [bmv2] [T] [thread 3442] [11.0] [cxt 0] Bytes parsed: 14
[20:57:23.110] [bmv2] [D] [thread 3442] [11.0] [cxt 0] Parser 'parser': end
[20:57:23.110] [bmv2] [D] [thread 3442] [11.0] [cxt 0] Pipeline 'ingress': start
[20:57:23.110] [bmv2] [T] [thread 3442] [11.0] [cxt 0] basic.p4(114) Condition "hdr.ipv4.isValid()" (node_2) is false
[20:57:23.110] [bmv2] [D] [thread 3442] [11.0] [cxt 0] Pipeline 'ingress': end
[20:57:23.110] [bmv2] [D] [thread 3442] [11.0] [cxt 0] Egress port is 0
[20:57:23.111] [bmv2] [D] [thread 3443] [11.0] [cxt 0] Pipeline 'egress': start
[20:57:23.111] [bmv2] [D] [thread 3443] [11.0] [cxt 0] Pipeline 'egress': end
[20:57:23.111] [bmv2] [D] [thread 3443] [11.0] [cxt 0] Deparser 'deparser': start
[20:57:23.111] [bmv2] [T] [thread 3443] [11.0] [cxt 0] Skipping checksum 'cksum' update because condition not met
[20:57:23.111] [bmv2] [D] [thread 3443] [11.0] [cxt 0] Deparsing header 'ethernet'
[20:57:23.111] [bmv2] [D] [thread 3443] [11.0] [cxt 0] Deparser 'deparser': end
[20:57:23.112] [bmv2] [D] [thread 3447] [11.0] [cxt 0] Transmitting packet of size 70 out of port 0
[20:57:23.118] [bmv2] [D] [thread 3442] [12.0] [cxt 0] Processing packet received on port 4
[20:57:23.118] [bmv2] [D] [thread 3442] [12.0] [cxt 0] Parser 'parser': start
[20:57:23.118] [bmv2] [D] [thread 3442] [12.0] [cxt 0] Parser 'parser' entering state 'start'
[20:57:23.119] [bmv2] [D] [thread 3442] [12.0] [cxt 0] Extracting header 'ethernet'
[20:57:23.119] [bmv2] [D] [thread 3442] [12.0] [cxt 0] Parser state 'start': key is 86dd
[20:57:23.119] [bmv2] [T] [thread 3442] [12.0] [cxt 0] Bytes parsed: 14
[20:57:23.119] [bmv2] [D] [thread 3442] [12.0] [cxt 0] Parser 'parser': end
[20:57:23.119] [bmv2] [D] [thread 3442] [12.0] [cxt 0] Pipeline 'ingress': start
[20:57:23.119] [bmv2] [T] [thread 3442] [12.0] [cxt 0] basic.p4(114) Condition "hdr.ipv4.isValid()" (node_2) is false
[20:57:23.120] [bmv2] [D] [thread 3442] [12.0] [cxt 0] Pipeline 'ingress': end
[20:57:23.120] [bmv2] [D] [thread 3442] [12.0] [cxt 0] Egress port is 0
[20:57:23.120] [bmv2] [D] [thread 3443] [12.0] [cxt 0] Pipeline 'egress': start
[20:57:23.120] [bmv2] [D] [thread 3443] [12.0] [cxt 0] Pipeline 'egress': end
[20:57:23.121] [bmv2] [D] [thread 3443] [12.0] [cxt 0] Deparser 'deparser': start
[20:57:23.121] [bmv2] [T] [thread 3443] [12.0] [cxt 0] Skipping checksum 'cksum' update because condition not met
[20:57:23.121] [bmv2] [D] [thread 3443] [12.0] [cxt 0] Deparsing header 'ethernet'
[20:57:23.121] [bmv2] [D] [thread 3443] [12.0] [cxt 0] Deparser 'deparser': end
[20:57:23.121] [bmv2] [D] [thread 3447] [12.0] [cxt 0] Transmitting packet of size 70 out of port 0
[20:57:23.454] [bmv2] [D] [thread 3442] [13.0] [cxt 0] Processing packet received on port 3
[20:57:23.454] [bmv2] [D] [thread 3442] [13.0] [cxt 0] Parser 'parser': start
[20:57:23.454] [bmv2] [D] [thread 3442] [13.0] [cxt 0] Parser 'parser' entering state 'start'
[20:57:23.454] [bmv2] [D] [thread 3442] [13.0] [cxt 0] Extracting header 'ethernet'
[20:57:23.454] [bmv2] [D] [thread 3442] [13.0] [cxt 0] Parser state 'start': key is 86dd
[20:57:23.454] [bmv2] [T] [thread 3442] [13.0] [cxt 0] Bytes parsed: 14
[20:57:23.454] [bmv2] [D] [thread 3442] [13.0] [cxt 0] Parser 'parser': end
[20:57:23.455] [bmv2] [D] [thread 3442] [13.0] [cxt 0] Pipeline 'ingress': start
[20:57:23.455] [bmv2] [T] [thread 3442] [13.0] [cxt 0] basic.p4(114) Condition "hdr.ipv4.isValid()" (node_2) is false
[20:57:23.455] [bmv2] [D] [thread 3442] [13.0] [cxt 0] Pipeline 'ingress': end
[20:57:23.455] [bmv2] [D] [thread 3442] [13.0] [cxt 0] Egress port is 0
[20:57:23.455] [bmv2] [D] [thread 3443] [13.0] [cxt 0] Pipeline 'egress': start
[20:57:23.455] [bmv2] [D] [thread 3443] [13.0] [cxt 0] Pipeline 'egress': end
[20:57:23.455] [bmv2] [D] [thread 3443] [13.0] [cxt 0] Deparser 'deparser': start
[20:57:23.456] [bmv2] [T] [thread 3443] [13.0] [cxt 0] Skipping checksum 'cksum' update because condition not met
[20:57:23.456] [bmv2] [D] [thread 3443] [13.0] [cxt 0] Deparsing header 'ethernet'
[20:57:23.456] [bmv2] [D] [thread 3443] [13.0] [cxt 0] Deparser 'deparser': end
[20:57:23.456] [bmv2] [D] [thread 3447] [13.0] [cxt 0] Transmitting packet of size 70 out of port 0
[20:57:23.463] [bmv2] [D] [thread 3442] [14.0] [cxt 0] Processing packet received on port 4
[20:57:23.464] [bmv2] [D] [thread 3442] [14.0] [cxt 0] Parser 'parser': start
[20:57:23.464] [bmv2] [D] [thread 3442] [14.0] [cxt 0] Parser 'parser' entering state 'start'
[20:57:23.464] [bmv2] [D] [thread 3442] [14.0] [cxt 0] Extracting header 'ethernet'
[20:57:23.464] [bmv2] [D] [thread 3442] [14.0] [cxt 0] Parser state 'start': key is 86dd
[20:57:23.464] [bmv2] [T] [thread 3442] [14.0] [cxt 0] Bytes parsed: 14
[20:57:23.464] [bmv2] [D] [thread 3442] [14.0] [cxt 0] Parser 'parser': end
[20:57:23.464] [bmv2] [D] [thread 3442] [14.0] [cxt 0] Pipeline 'ingress': start
[20:57:23.464] [bmv2] [T] [thread 3442] [14.0] [cxt 0] basic.p4(114) Condition "hdr.ipv4.isValid()" (node_2) is false
[20:57:23.464] [bmv2] [D] [thread 3442] [14.0] [cxt 0] Pipeline 'ingress': end
[20:57:23.464] [bmv2] [D] [thread 3442] [14.0] [cxt 0] Egress port is 0
[20:57:23.464] [bmv2] [D] [thread 3443] [14.0] [cxt 0] Pipeline 'egress': start
[20:57:23.465] [bmv2] [D] [thread 3443] [14.0] [cxt 0] Pipeline 'egress': end
[20:57:23.465] [bmv2] [D] [thread 3443] [14.0] [cxt 0] Deparser 'deparser': start
[20:57:23.465] [bmv2] [T] [thread 3443] [14.0] [cxt 0] Skipping checksum 'cksum' update because condition not met
[20:57:23.465] [bmv2] [D] [thread 3443] [14.0] [cxt 0] Deparsing header 'ethernet'
[20:57:23.465] [bmv2] [D] [thread 3443] [14.0] [cxt 0] Deparser 'deparser': end
[20:57:23.465] [bmv2] [D] [thread 3447] [14.0] [cxt 0] Transmitting packet of size 70 out of port 0
[20:57:23.693] [bmv2] [D] [thread 3442] [15.0] [cxt 0] Processing packet received on port 3
[20:57:23.693] [bmv2] [D] [thread 3442] [15.0] [cxt 0] Parser 'parser': start
[20:57:23.693] [bmv2] [D] [thread 3442] [15.0] [cxt 0] Parser 'parser' entering state 'start'
[20:57:23.694] [bmv2] [D] [thread 3442] [15.0] [cxt 0] Extracting header 'ethernet'
[20:57:23.694] [bmv2] [D] [thread 3442] [15.0] [cxt 0] Parser state 'start': key is 86dd
[20:57:23.694] [bmv2] [T] [thread 3442] [15.0] [cxt 0] Bytes parsed: 14
[20:57:23.694] [bmv2] [D] [thread 3442] [15.0] [cxt 0] Parser 'parser': end
[20:57:23.694] [bmv2] [D] [thread 3442] [15.0] [cxt 0] Pipeline 'ingress': start
[20:57:23.694] [bmv2] [T] [thread 3442] [15.0] [cxt 0] basic.p4(114) Condition "hdr.ipv4.isValid()" (node_2) is false
[20:57:23.694] [bmv2] [D] [thread 3442] [15.0] [cxt 0] Pipeline 'ingress': end
[20:57:23.695] [bmv2] [D] [thread 3442] [15.0] [cxt 0] Egress port is 0
[20:57:23.695] [bmv2] [D] [thread 3443] [15.0] [cxt 0] Pipeline 'egress': start
[20:57:23.695] [bmv2] [D] [thread 3443] [15.0] [cxt 0] Pipeline 'egress': end
[20:57:23.695] [bmv2] [D] [thread 3443] [15.0] [cxt 0] Deparser 'deparser': start
[20:57:23.695] [bmv2] [T] [thread 3443] [15.0] [cxt 0] Skipping checksum 'cksum' update because condition not met
[20:57:23.695] [bmv2] [D] [thread 3443] [15.0] [cxt 0] Deparsing header 'ethernet'
[20:57:23.695] [bmv2] [D] [thread 3443] [15.0] [cxt 0] Deparser 'deparser': end
[20:57:23.695] [bmv2] [D] [thread 3447] [15.0] [cxt 0] Transmitting packet of size 70 out of port 0
[20:57:26.971] [bmv2] [D] [thread 3442] [16.0] [cxt 0] Processing packet received on port 1
[20:57:26.971] [bmv2] [D] [thread 3442] [16.0] [cxt 0] Parser 'parser': start
[20:57:26.971] [bmv2] [D] [thread 3442] [16.0] [cxt 0] Parser 'parser' entering state 'start'
[20:57:26.971] [bmv2] [D] [thread 3442] [16.0] [cxt 0] Extracting header 'ethernet'
[20:57:26.971] [bmv2] [D] [thread 3442] [16.0] [cxt 0] Parser state 'start': key is 86dd
[20:57:26.971] [bmv2] [T] [thread 3442] [16.0] [cxt 0] Bytes parsed: 14
[20:57:26.972] [bmv2] [D] [thread 3442] [16.0] [cxt 0] Parser 'parser': end
[20:57:26.972] [bmv2] [D] [thread 3442] [16.0] [cxt 0] Pipeline 'ingress': start
[20:57:26.972] [bmv2] [T] [thread 3442] [16.0] [cxt 0] basic.p4(114) Condition "hdr.ipv4.isValid()" (node_2) is false
[20:57:26.972] [bmv2] [D] [thread 3442] [16.0] [cxt 0] Pipeline 'ingress': end
[20:57:26.972] [bmv2] [D] [thread 3442] [16.0] [cxt 0] Egress port is 0
[20:57:26.972] [bmv2] [D] [thread 3443] [16.0] [cxt 0] Pipeline 'egress': start
[20:57:26.972] [bmv2] [D] [thread 3443] [16.0] [cxt 0] Pipeline 'egress': end
[20:57:26.973] [bmv2] [D] [thread 3443] [16.0] [cxt 0] Deparser 'deparser': start
[20:57:26.973] [bmv2] [T] [thread 3443] [16.0] [cxt 0] Skipping checksum 'cksum' update because condition not met
[20:57:26.973] [bmv2] [D] [thread 3443] [16.0] [cxt 0] Deparsing header 'ethernet'
[20:57:26.973] [bmv2] [D] [thread 3443] [16.0] [cxt 0] Deparser 'deparser': end
[20:57:26.973] [bmv2] [D] [thread 3447] [16.0] [cxt 0] Transmitting packet of size 70 out of port 0
[20:57:27.118] [bmv2] [D] [thread 3442] [17.0] [cxt 0] Processing packet received on port 2
[20:57:27.118] [bmv2] [D] [thread 3442] [17.0] [cxt 0] Parser 'parser': start
[20:57:27.118] [bmv2] [D] [thread 3442] [17.0] [cxt 0] Parser 'parser' entering state 'start'
[20:57:27.118] [bmv2] [D] [thread 3442] [17.0] [cxt 0] Extracting header 'ethernet'
[20:57:27.118] [bmv2] [D] [thread 3442] [17.0] [cxt 0] Parser state 'start': key is 86dd
[20:57:27.118] [bmv2] [T] [thread 3442] [17.0] [cxt 0] Bytes parsed: 14
[20:57:27.119] [bmv2] [D] [thread 3442] [17.0] [cxt 0] Parser 'parser': end
[20:57:27.119] [bmv2] [D] [thread 3442] [17.0] [cxt 0] Pipeline 'ingress': start
[20:57:27.119] [bmv2] [T] [thread 3442] [17.0] [cxt 0] basic.p4(114) Condition "hdr.ipv4.isValid()" (node_2) is false
[20:57:27.119] [bmv2] [D] [thread 3442] [17.0] [cxt 0] Pipeline 'ingress': end
[20:57:27.119] [bmv2] [D] [thread 3442] [17.0] [cxt 0] Egress port is 0
[20:57:27.119] [bmv2] [D] [thread 3443] [17.0] [cxt 0] Pipeline 'egress': start
[20:57:27.119] [bmv2] [D] [thread 3443] [17.0] [cxt 0] Pipeline 'egress': end
[20:57:27.120] [bmv2] [D] [thread 3443] [17.0] [cxt 0] Deparser 'deparser': start
[20:57:27.120] [bmv2] [T] [thread 3443] [17.0] [cxt 0] Skipping checksum 'cksum' update because condition not met
[20:57:27.120] [bmv2] [D] [thread 3443] [17.0] [cxt 0] Deparsing header 'ethernet'
[20:57:27.120] [bmv2] [D] [thread 3443] [17.0] [cxt 0] Deparser 'deparser': end
[20:57:27.121] [bmv2] [D] [thread 3447] [17.0] [cxt 0] Transmitting packet of size 70 out of port 0
[20:57:27.130] [bmv2] [D] [thread 3442] [18.0] [cxt 0] Processing packet received on port 4
[20:57:27.130] [bmv2] [D] [thread 3442] [18.0] [cxt 0] Parser 'parser': start
[20:57:27.130] [bmv2] [D] [thread 3442] [18.0] [cxt 0] Parser 'parser' entering state 'start'
[20:57:27.130] [bmv2] [D] [thread 3442] [18.0] [cxt 0] Extracting header 'ethernet'
[20:57:27.131] [bmv2] [D] [thread 3442] [18.0] [cxt 0] Parser state 'start': key is 86dd
[20:57:27.131] [bmv2] [T] [thread 3442] [18.0] [cxt 0] Bytes parsed: 14
[20:57:27.131] [bmv2] [D] [thread 3442] [18.0] [cxt 0] Parser 'parser': end
[20:57:27.131] [bmv2] [D] [thread 3442] [18.0] [cxt 0] Pipeline 'ingress': start
[20:57:27.131] [bmv2] [T] [thread 3442] [18.0] [cxt 0] basic.p4(114) Condition "hdr.ipv4.isValid()" (node_2) is false
[20:57:27.132] [bmv2] [D] [thread 3442] [18.0] [cxt 0] Pipeline 'ingress': end
[20:57:27.132] [bmv2] [D] [thread 3442] [18.0] [cxt 0] Egress port is 0
[20:57:27.132] [bmv2] [D] [thread 3443] [18.0] [cxt 0] Pipeline 'egress': start
[20:57:27.132] [bmv2] [D] [thread 3443] [18.0] [cxt 0] Pipeline 'egress': end
[20:57:27.133] [bmv2] [D] [thread 3443] [18.0] [cxt 0] Deparser 'deparser': start
[20:57:27.133] [bmv2] [T] [thread 3443] [18.0] [cxt 0] Skipping checksum 'cksum' update because condition not met
[20:57:27.133] [bmv2] [D] [thread 3443] [18.0] [cxt 0] Deparsing header 'ethernet'
[20:57:27.133] [bmv2] [D] [thread 3443] [18.0] [cxt 0] Deparser 'deparser': end
[20:57:27.134] [bmv2] [D] [thread 3447] [18.0] [cxt 0] Transmitting packet of size 70 out of port 0
[20:57:27.462] [bmv2] [D] [thread 3442] [19.0] [cxt 0] Processing packet received on port 3
[20:57:27.462] [bmv2] [D] [thread 3442] [19.0] [cxt 0] Parser 'parser': start
[20:57:27.462] [bmv2] [D] [thread 3442] [19.0] [cxt 0] Parser 'parser' entering state 'start'
[20:57:27.462] [bmv2] [D] [thread 3442] [19.0] [cxt 0] Extracting header 'ethernet'
[20:57:27.462] [bmv2] [D] [thread 3442] [19.0] [cxt 0] Parser state 'start': key is 86dd
[20:57:27.462] [bmv2] [T] [thread 3442] [19.0] [cxt 0] Bytes parsed: 14
[20:57:27.462] [bmv2] [D] [thread 3442] [19.0] [cxt 0] Parser 'parser': end
[20:57:27.463] [bmv2] [D] [thread 3442] [19.0] [cxt 0] Pipeline 'ingress': start
[20:57:27.463] [bmv2] [T] [thread 3442] [19.0] [cxt 0] basic.p4(114) Condition "hdr.ipv4.isValid()" (node_2) is false
[20:57:27.463] [bmv2] [D] [thread 3442] [19.0] [cxt 0] Pipeline 'ingress': end
[20:57:27.463] [bmv2] [D] [thread 3442] [19.0] [cxt 0] Egress port is 0
[20:57:27.463] [bmv2] [D] [thread 3443] [19.0] [cxt 0] Pipeline 'egress': start
[20:57:27.463] [bmv2] [D] [thread 3443] [19.0] [cxt 0] Pipeline 'egress': end
[20:57:27.463] [bmv2] [D] [thread 3443] [19.0] [cxt 0] Deparser 'deparser': start
[20:57:27.464] [bmv2] [T] [thread 3443] [19.0] [cxt 0] Skipping checksum 'cksum' update because condition not met
[20:57:27.464] [bmv2] [D] [thread 3443] [19.0] [cxt 0] Deparsing header 'ethernet'
[20:57:27.464] [bmv2] [D] [thread 3443] [19.0] [cxt 0] Deparser 'deparser': end
[20:57:27.464] [bmv2] [D] [thread 3447] [19.0] [cxt 0] Transmitting packet of size 70 out of port 0
[20:57:27.469] [bmv2] [D] [thread 3442] [20.0] [cxt 0] Processing packet received on port 4
[20:57:27.469] [bmv2] [D] [thread 3442] [20.0] [cxt 0] Parser 'parser': start
[20:57:27.469] [bmv2] [D] [thread 3442] [20.0] [cxt 0] Parser 'parser' entering state 'start'
[20:57:27.470] [bmv2] [D] [thread 3442] [20.0] [cxt 0] Extracting header 'ethernet'
[20:57:27.470] [bmv2] [D] [thread 3442] [20.0] [cxt 0] Parser state 'start': key is 86dd
[20:57:27.470] [bmv2] [T] [thread 3442] [20.0] [cxt 0] Bytes parsed: 14
[20:57:27.470] [bmv2] [D] [thread 3442] [20.0] [cxt 0] Parser 'parser': end
[20:57:27.470] [bmv2] [D] [thread 3442] [20.0] [cxt 0] Pipeline 'ingress': start
[20:57:27.470] [bmv2] [T] [thread 3442] [20.0] [cxt 0] basic.p4(114) Condition "hdr.ipv4.isValid()" (node_2) is false
[20:57:27.471] [bmv2] [D] [thread 3442] [20.0] [cxt 0] Pipeline 'ingress': end
[20:57:27.471] [bmv2] [D] [thread 3442] [20.0] [cxt 0] Egress port is 0
[20:57:27.471] [bmv2] [D] [thread 3443] [20.0] [cxt 0] Pipeline 'egress': start
[20:57:27.471] [bmv2] [D] [thread 3443] [20.0] [cxt 0] Pipeline 'egress': end
[20:57:27.471] [bmv2] [D] [thread 3443] [20.0] [cxt 0] Deparser 'deparser': start
[20:57:27.471] [bmv2] [T] [thread 3443] [20.0] [cxt 0] Skipping checksum 'cksum' update because condition not met
[20:57:27.472] [bmv2] [D] [thread 3443] [20.0] [cxt 0] Deparsing header 'ethernet'
[20:57:27.472] [bmv2] [D] [thread 3443] [20.0] [cxt 0] Deparser 'deparser': end
[20:57:27.472] [bmv2] [D] [thread 3447] [20.0] [cxt 0] Transmitting packet of size 70 out of port 0
[20:57:27.701] [bmv2] [D] [thread 3442] [21.0] [cxt 0] Processing packet received on port 3
[20:57:27.702] [bmv2] [D] [thread 3442] [21.0] [cxt 0] Parser 'parser': start
[20:57:27.702] [bmv2] [D] [thread 3442] [21.0] [cxt 0] Parser 'parser' entering state 'start'
[20:57:27.702] [bmv2] [D] [thread 3442] [21.0] [cxt 0] Extracting header 'ethernet'
[20:57:27.702] [bmv2] [D] [thread 3442] [21.0] [cxt 0] Parser state 'start': key is 86dd
[20:57:27.702] [bmv2] [T] [thread 3442] [21.0] [cxt 0] Bytes parsed: 14
[20:57:27.702] [bmv2] [D] [thread 3442] [21.0] [cxt 0] Parser 'parser': end
[20:57:27.702] [bmv2] [D] [thread 3442] [21.0] [cxt 0] Pipeline 'ingress': start
[20:57:27.702] [bmv2] [T] [thread 3442] [21.0] [cxt 0] basic.p4(114) Condition "hdr.ipv4.isValid()" (node_2) is false
[20:57:27.702] [bmv2] [D] [thread 3442] [21.0] [cxt 0] Pipeline 'ingress': end
[20:57:27.702] [bmv2] [D] [thread 3442] [21.0] [cxt 0] Egress port is 0
[20:57:27.703] [bmv2] [D] [thread 3443] [21.0] [cxt 0] Pipeline 'egress': start
[20:57:27.703] [bmv2] [D] [thread 3443] [21.0] [cxt 0] Pipeline 'egress': end
[20:57:27.703] [bmv2] [D] [thread 3443] [21.0] [cxt 0] Deparser 'deparser': start
[20:57:27.703] [bmv2] [T] [thread 3443] [21.0] [cxt 0] Skipping checksum 'cksum' update because condition not met
[20:57:27.703] [bmv2] [D] [thread 3443] [21.0] [cxt 0] Deparsing header 'ethernet'
[20:57:27.703] [bmv2] [D] [thread 3443] [21.0] [cxt 0] Deparser 'deparser': end
[20:57:27.703] [bmv2] [D] [thread 3447] [21.0] [cxt 0] Transmitting packet of size 70 out of port 0
open: No such file or directory
open: No such file or directory
open: No such file or directory
open: No such file or directory
open: No such file or directory
open: No such file or directory
open: No such file or directory
open: No such file or directory
open: No such file or directory
open: No such file or directory
open: No such file or directory
open: No such file or directory
