Calling target program-options parser
[17:13:24.814] [bmv2] [D] [thread 3257] Set default default entry for table 'MyIngress.ipv4_lpm': MyIngress.drop - 
Adding interface s4-eth1 as port 1
[17:13:24.815] [bmv2] [D] [thread 3257] Adding interface s4-eth1 as port 1
Adding interface s4-eth2 as port 2
[17:13:24.844] [bmv2] [D] [thread 3257] Adding interface s4-eth2 as port 2
I0512 17:13:24.879706329    3257 server_builder.cc:247]      Synchronous server. Num CQs: 1, Min pollers: 1, Max Pollers: 2147483647, CQ timeout (msec): 1000
Server listening on 0.0.0.0:50054
[17:13:24.883] [bmv2] [I] [thread 3257] Starting Thrift server on port 9093
[17:13:24.884] [bmv2] [I] [thread 3257] Thrift server was started
[17:13:25.287] [bmv2] [D] [thread 3264] [0.0] [cxt 0] Processing packet received on port 2
[17:13:25.287] [bmv2] [D] [thread 3264] [0.0] [cxt 0] Parser 'parser': start
[17:13:25.287] [bmv2] [D] [thread 3264] [0.0] [cxt 0] Parser 'parser' entering state 'start'
[17:13:25.288] [bmv2] [D] [thread 3264] [0.0] [cxt 0] Extracting header 'ethernet'
[17:13:25.288] [bmv2] [D] [thread 3264] [0.0] [cxt 0] Parser state 'start': key is 86dd
[17:13:25.288] [bmv2] [T] [thread 3264] [0.0] [cxt 0] Bytes parsed: 14
[17:13:25.288] [bmv2] [D] [thread 3264] [0.0] [cxt 0] Parser 'parser': end
[17:13:25.288] [bmv2] [D] [thread 3264] [0.0] [cxt 0] Pipeline 'ingress': start
[17:13:25.288] [bmv2] [T] [thread 3264] [0.0] [cxt 0] basic.p4(114) Condition "hdr.ipv4.isValid()" (node_2) is false
[17:13:25.288] [bmv2] [D] [thread 3264] [0.0] [cxt 0] Pipeline 'ingress': end
[17:13:25.288] [bmv2] [D] [thread 3264] [0.0] [cxt 0] Egress port is 0
[17:13:25.289] [bmv2] [D] [thread 3265] [0.0] [cxt 0] Pipeline 'egress': start
[17:13:25.289] [bmv2] [D] [thread 3265] [0.0] [cxt 0] Pipeline 'egress': end
[17:13:25.289] [bmv2] [D] [thread 3265] [0.0] [cxt 0] Deparser 'deparser': start
[17:13:25.289] [bmv2] [T] [thread 3265] [0.0] [cxt 0] Skipping checksum 'cksum' update because condition not met
[17:13:25.289] [bmv2] [D] [thread 3265] [0.0] [cxt 0] Deparsing header 'ethernet'
[17:13:25.289] [bmv2] [D] [thread 3265] [0.0] [cxt 0] Deparser 'deparser': end
[17:13:25.289] [bmv2] [D] [thread 3269] [0.0] [cxt 0] Transmitting packet of size 90 out of port 0
[17:13:25.512] [bmv2] [D] [thread 3264] [1.0] [cxt 0] Processing packet received on port 1
[17:13:25.513] [bmv2] [D] [thread 3264] [1.0] [cxt 0] Parser 'parser': start
[17:13:25.513] [bmv2] [D] [thread 3264] [1.0] [cxt 0] Parser 'parser' entering state 'start'
[17:13:25.513] [bmv2] [D] [thread 3264] [1.0] [cxt 0] Extracting header 'ethernet'
[17:13:25.513] [bmv2] [D] [thread 3264] [1.0] [cxt 0] Parser state 'start': key is 86dd
[17:13:25.513] [bmv2] [T] [thread 3264] [1.0] [cxt 0] Bytes parsed: 14
[17:13:25.513] [bmv2] [D] [thread 3264] [1.0] [cxt 0] Parser 'parser': end
[17:13:25.514] [bmv2] [D] [thread 3264] [1.0] [cxt 0] Pipeline 'ingress': start
[17:13:25.514] [bmv2] [T] [thread 3264] [1.0] [cxt 0] basic.p4(114) Condition "hdr.ipv4.isValid()" (node_2) is false
[17:13:25.514] [bmv2] [D] [thread 3264] [1.0] [cxt 0] Pipeline 'ingress': end
[17:13:25.514] [bmv2] [D] [thread 3264] [1.0] [cxt 0] Egress port is 0
[17:13:25.514] [bmv2] [D] [thread 3264] [2.0] [cxt 0] Processing packet received on port 1
[17:13:25.514] [bmv2] [D] [thread 3264] [2.0] [cxt 0] Parser 'parser': start
[17:13:25.515] [bmv2] [D] [thread 3264] [2.0] [cxt 0] Parser 'parser' entering state 'start'
[17:13:25.515] [bmv2] [D] [thread 3264] [2.0] [cxt 0] Extracting header 'ethernet'
[17:13:25.515] [bmv2] [D] [thread 3264] [2.0] [cxt 0] Parser state 'start': key is 86dd
[17:13:25.515] [bmv2] [T] [thread 3264] [2.0] [cxt 0] Bytes parsed: 14
[17:13:25.515] [bmv2] [D] [thread 3264] [2.0] [cxt 0] Parser 'parser': end
[17:13:25.515] [bmv2] [D] [thread 3264] [2.0] [cxt 0] Pipeline 'ingress': start
[17:13:25.514] [bmv2] [D] [thread 3265] [1.0] [cxt 0] Pipeline 'egress': start
[17:13:25.516] [bmv2] [D] [thread 3265] [1.0] [cxt 0] Pipeline 'egress': end
[17:13:25.516] [bmv2] [D] [thread 3265] [1.0] [cxt 0] Deparser 'deparser': start
[17:13:25.516] [bmv2] [T] [thread 3265] [1.0] [cxt 0] Skipping checksum 'cksum' update because condition not met
[17:13:25.516] [bmv2] [D] [thread 3265] [1.0] [cxt 0] Deparsing header 'ethernet'
[17:13:25.517] [bmv2] [D] [thread 3265] [1.0] [cxt 0] Deparser 'deparser': end
[17:13:25.516] [bmv2] [T] [thread 3264] [2.0] [cxt 0] basic.p4(114) Condition "hdr.ipv4.isValid()" (node_2) is false
[17:13:25.517] [bmv2] [D] [thread 3264] [2.0] [cxt 0] Pipeline 'ingress': end
[17:13:25.517] [bmv2] [D] [thread 3264] [2.0] [cxt 0] Egress port is 0
[17:13:25.517] [bmv2] [D] [thread 3269] [1.0] [cxt 0] Transmitting packet of size 90 out of port 0
[17:13:25.517] [bmv2] [D] [thread 3265] [2.0] [cxt 0] Pipeline 'egress': start
[17:13:25.517] [bmv2] [D] [thread 3265] [2.0] [cxt 0] Pipeline 'egress': end
[17:13:25.517] [bmv2] [D] [thread 3265] [2.0] [cxt 0] Deparser 'deparser': start
[17:13:25.517] [bmv2] [T] [thread 3265] [2.0] [cxt 0] Skipping checksum 'cksum' update because condition not met
[17:13:25.518] [bmv2] [D] [thread 3265] [2.0] [cxt 0] Deparsing header 'ethernet'
[17:13:25.518] [bmv2] [D] [thread 3265] [2.0] [cxt 0] Deparser 'deparser': end
[17:13:25.518] [bmv2] [D] [thread 3269] [2.0] [cxt 0] Transmitting packet of size 90 out of port 0
New connection
P4Runtime SetForwardingPipelineConfig
[17:13:26.697] [bmv2] [W] [thread 3313] [P4Runtime] p4::tmp::P4DeviceConfig is deprecated
[17:13:26.698] [bmv2] [D] [thread 3313] Set default default entry for table 'MyIngress.ipv4_lpm': MyIngress.drop - 
P4Runtime Write
device_id: 3
election_id {
  low: 1
}
updates {
  type: MODIFY
  entity {
    table_entry {
      table_id: 33574068
      action {
        action {
          action_id: 16805608
        }
      }
      is_default_action: true
    }
  }
}
[17:13:26.704] [bmv2] [D] [thread 3313] Set default entry for table 'MyIngress.ipv4_lpm': MyIngress.drop - 
P4Runtime Write
device_id: 3
election_id {
  low: 1
}
updates {
  type: INSERT
  entity {
    table_entry {
      table_id: 33574068
      match {
        field_id: 1
        lpm {
          value: "\n\000\001\001"
          prefix_len: 32
        }
      }
      action {
        action {
          action_id: 16799317
          params {
            param_id: 1
            value: "\010\000\000\000\001\000"
          }
          params {
            param_id: 2
            value: "\000\002"
          }
        }
      }
    }
  }
}
[17:13:26.712] [bmv2] [D] [thread 3313] Entry 0 added to table 'MyIngress.ipv4_lpm'
[17:13:26.712] [bmv2] [D] [thread 3313] Dumping entry 0
Match key:
* hdr.ipv4.dstAddr    : LPM       0a000101/32
Action entry: MyIngress.ipv4_forward - 80000000100,2,

P4Runtime Write
device_id: 3
election_id {
  low: 1
}
updates {
  type: INSERT
  entity {
    table_entry {
      table_id: 33574068
      match {
        field_id: 1
        lpm {
          value: "\n\000\002\002"
          prefix_len: 32
        }
      }
      action {
        action {
          action_id: 16799317
          params {
            param_id: 1
            value: "\010\000\000\000\001\000"
          }
          params {
            param_id: 2
            value: "\000\002"
          }
        }
      }
    }
  }
}
[17:13:26.715] [bmv2] [D] [thread 3313] Entry 1 added to table 'MyIngress.ipv4_lpm'
[17:13:26.715] [bmv2] [D] [thread 3313] Dumping entry 1
Match key:
* hdr.ipv4.dstAddr    : LPM       0a000202/32
Action entry: MyIngress.ipv4_forward - 80000000100,2,

P4Runtime Write
device_id: 3
election_id {
  low: 1
}
updates {
  type: INSERT
  entity {
    table_entry {
      table_id: 33574068
      match {
        field_id: 1
        lpm {
          value: "\n\000\003\003"
          prefix_len: 32
        }
      }
      action {
        action {
          action_id: 16799317
          params {
            param_id: 1
            value: "\010\000\000\000\002\000"
          }
          params {
            param_id: 2
            value: "\000\001"
          }
        }
      }
    }
  }
}
[17:13:26.717] [bmv2] [D] [thread 3313] Entry 2 added to table 'MyIngress.ipv4_lpm'
[17:13:26.717] [bmv2] [D] [thread 3313] Dumping entry 2
Match key:
* hdr.ipv4.dstAddr    : LPM       0a000303/32
Action entry: MyIngress.ipv4_forward - 80000000200,1,

P4Runtime Write
device_id: 3
election_id {
  low: 1
}
updates {
  type: INSERT
  entity {
    table_entry {
      table_id: 33574068
      match {
        field_id: 1
        lpm {
          value: "\n\000\004\004"
          prefix_len: 32
        }
      }
      action {
        action {
          action_id: 16799317
          params {
            param_id: 1
            value: "\010\000\000\000\002\000"
          }
          params {
            param_id: 2
            value: "\000\001"
          }
        }
      }
    }
  }
}
[17:13:26.720] [bmv2] [D] [thread 3315] Entry 3 added to table 'MyIngress.ipv4_lpm'
[17:13:26.720] [bmv2] [D] [thread 3315] Dumping entry 3
Match key:
* hdr.ipv4.dstAddr    : LPM       0a000404/32
Action entry: MyIngress.ipv4_forward - 80000000200,1,

Connection removed
[17:13:28.434] [bmv2] [D] [thread 3264] [3.0] [cxt 0] Processing packet received on port 2
[17:13:28.435] [bmv2] [D] [thread 3264] [3.0] [cxt 0] Parser 'parser': start
[17:13:28.435] [bmv2] [D] [thread 3264] [3.0] [cxt 0] Parser 'parser' entering state 'start'
[17:13:28.435] [bmv2] [D] [thread 3264] [3.0] [cxt 0] Extracting header 'ethernet'
[17:13:28.435] [bmv2] [D] [thread 3264] [3.0] [cxt 0] Parser state 'start': key is 86dd
[17:13:28.435] [bmv2] [T] [thread 3264] [3.0] [cxt 0] Bytes parsed: 14
[17:13:28.435] [bmv2] [D] [thread 3264] [3.0] [cxt 0] Parser 'parser': end
[17:13:28.435] [bmv2] [D] [thread 3264] [3.0] [cxt 0] Pipeline 'ingress': start
[17:13:28.436] [bmv2] [T] [thread 3264] [3.0] [cxt 0] basic.p4(114) Condition "hdr.ipv4.isValid()" (node_2) is false
[17:13:28.436] [bmv2] [D] [thread 3264] [3.0] [cxt 0] Pipeline 'ingress': end
[17:13:28.436] [bmv2] [D] [thread 3264] [3.0] [cxt 0] Egress port is 0
[17:13:28.436] [bmv2] [D] [thread 3265] [3.0] [cxt 0] Pipeline 'egress': start
[17:13:28.436] [bmv2] [D] [thread 3265] [3.0] [cxt 0] Pipeline 'egress': end
[17:13:28.436] [bmv2] [D] [thread 3265] [3.0] [cxt 0] Deparser 'deparser': start
[17:13:28.437] [bmv2] [T] [thread 3265] [3.0] [cxt 0] Skipping checksum 'cksum' update because condition not met
[17:13:28.437] [bmv2] [D] [thread 3265] [3.0] [cxt 0] Deparsing header 'ethernet'
[17:13:28.437] [bmv2] [D] [thread 3265] [3.0] [cxt 0] Deparser 'deparser': end
[17:13:28.437] [bmv2] [D] [thread 3269] [3.0] [cxt 0] Transmitting packet of size 70 out of port 0
[17:13:28.511] [bmv2] [D] [thread 3264] [4.0] [cxt 0] Processing packet received on port 1
[17:13:28.511] [bmv2] [D] [thread 3264] [4.0] [cxt 0] Parser 'parser': start
[17:13:28.511] [bmv2] [D] [thread 3264] [4.0] [cxt 0] Parser 'parser' entering state 'start'
[17:13:28.511] [bmv2] [D] [thread 3264] [4.0] [cxt 0] Extracting header 'ethernet'
[17:13:28.511] [bmv2] [D] [thread 3264] [4.0] [cxt 0] Parser state 'start': key is 86dd
[17:13:28.512] [bmv2] [T] [thread 3264] [4.0] [cxt 0] Bytes parsed: 14
[17:13:28.512] [bmv2] [D] [thread 3264] [4.0] [cxt 0] Parser 'parser': end
[17:13:28.512] [bmv2] [D] [thread 3264] [4.0] [cxt 0] Pipeline 'ingress': start
[17:13:28.512] [bmv2] [T] [thread 3264] [4.0] [cxt 0] basic.p4(114) Condition "hdr.ipv4.isValid()" (node_2) is false
[17:13:28.512] [bmv2] [D] [thread 3264] [4.0] [cxt 0] Pipeline 'ingress': end
[17:13:28.512] [bmv2] [D] [thread 3264] [4.0] [cxt 0] Egress port is 0
[17:13:28.513] [bmv2] [D] [thread 3264] [5.0] [cxt 0] Processing packet received on port 2
[17:13:28.513] [bmv2] [D] [thread 3264] [5.0] [cxt 0] Parser 'parser': start
[17:13:28.513] [bmv2] [D] [thread 3264] [5.0] [cxt 0] Parser 'parser' entering state 'start'
[17:13:28.513] [bmv2] [D] [thread 3264] [5.0] [cxt 0] Extracting header 'ethernet'
[17:13:28.513] [bmv2] [D] [thread 3264] [5.0] [cxt 0] Parser state 'start': key is 86dd
[17:13:28.513] [bmv2] [T] [thread 3264] [5.0] [cxt 0] Bytes parsed: 14
[17:13:28.514] [bmv2] [D] [thread 3264] [5.0] [cxt 0] Parser 'parser': end
[17:13:28.514] [bmv2] [D] [thread 3264] [5.0] [cxt 0] Pipeline 'ingress': start
[17:13:28.514] [bmv2] [T] [thread 3264] [5.0] [cxt 0] basic.p4(114) Condition "hdr.ipv4.isValid()" (node_2) is false
[17:13:28.514] [bmv2] [D] [thread 3264] [5.0] [cxt 0] Pipeline 'ingress': end
[17:13:28.514] [bmv2] [D] [thread 3264] [5.0] [cxt 0] Egress port is 0
[17:13:28.513] [bmv2] [D] [thread 3265] [4.0] [cxt 0] Pipeline 'egress': start
[17:13:28.515] [bmv2] [D] [thread 3265] [4.0] [cxt 0] Pipeline 'egress': end
[17:13:28.515] [bmv2] [D] [thread 3265] [4.0] [cxt 0] Deparser 'deparser': start
[17:13:28.515] [bmv2] [T] [thread 3265] [4.0] [cxt 0] Skipping checksum 'cksum' update because condition not met
[17:13:28.515] [bmv2] [D] [thread 3265] [4.0] [cxt 0] Deparsing header 'ethernet'
[17:13:28.515] [bmv2] [D] [thread 3265] [4.0] [cxt 0] Deparser 'deparser': end
[17:13:28.515] [bmv2] [D] [thread 3265] [5.0] [cxt 0] Pipeline 'egress': start
[17:13:28.515] [bmv2] [D] [thread 3265] [5.0] [cxt 0] Pipeline 'egress': end
[17:13:28.515] [bmv2] [D] [thread 3265] [5.0] [cxt 0] Deparser 'deparser': start
[17:13:28.515] [bmv2] [T] [thread 3265] [5.0] [cxt 0] Skipping checksum 'cksum' update because condition not met
[17:13:28.515] [bmv2] [D] [thread 3265] [5.0] [cxt 0] Deparsing header 'ethernet'
[17:13:28.516] [bmv2] [D] [thread 3265] [5.0] [cxt 0] Deparser 'deparser': end
[17:13:28.515] [bmv2] [D] [thread 3269] [4.0] [cxt 0] Transmitting packet of size 70 out of port 0
[17:13:28.516] [bmv2] [D] [thread 3269] [5.0] [cxt 0] Transmitting packet of size 70 out of port 0
[17:13:28.551] [bmv2] [D] [thread 3264] [6.0] [cxt 0] Processing packet received on port 1
[17:13:28.551] [bmv2] [D] [thread 3264] [6.0] [cxt 0] Parser 'parser': start
[17:13:28.551] [bmv2] [D] [thread 3264] [6.0] [cxt 0] Parser 'parser' entering state 'start'
[17:13:28.551] [bmv2] [D] [thread 3264] [6.0] [cxt 0] Extracting header 'ethernet'
[17:13:28.551] [bmv2] [D] [thread 3264] [6.0] [cxt 0] Parser state 'start': key is 86dd
[17:13:28.552] [bmv2] [T] [thread 3264] [6.0] [cxt 0] Bytes parsed: 14
[17:13:28.552] [bmv2] [D] [thread 3264] [6.0] [cxt 0] Parser 'parser': end
[17:13:28.552] [bmv2] [D] [thread 3264] [6.0] [cxt 0] Pipeline 'ingress': start
[17:13:28.552] [bmv2] [T] [thread 3264] [6.0] [cxt 0] basic.p4(114) Condition "hdr.ipv4.isValid()" (node_2) is false
[17:13:28.552] [bmv2] [D] [thread 3264] [6.0] [cxt 0] Pipeline 'ingress': end
[17:13:28.552] [bmv2] [D] [thread 3264] [6.0] [cxt 0] Egress port is 0
[17:13:28.552] [bmv2] [D] [thread 3265] [6.0] [cxt 0] Pipeline 'egress': start
[17:13:28.552] [bmv2] [D] [thread 3265] [6.0] [cxt 0] Pipeline 'egress': end
[17:13:28.553] [bmv2] [D] [thread 3265] [6.0] [cxt 0] Deparser 'deparser': start
[17:13:28.553] [bmv2] [T] [thread 3265] [6.0] [cxt 0] Skipping checksum 'cksum' update because condition not met
[17:13:28.553] [bmv2] [D] [thread 3265] [6.0] [cxt 0] Deparsing header 'ethernet'
[17:13:28.553] [bmv2] [D] [thread 3265] [6.0] [cxt 0] Deparser 'deparser': end
[17:13:28.553] [bmv2] [D] [thread 3269] [6.0] [cxt 0] Transmitting packet of size 70 out of port 0
[17:13:32.475] [bmv2] [D] [thread 3264] [7.0] [cxt 0] Processing packet received on port 2
[17:13:32.475] [bmv2] [D] [thread 3264] [7.0] [cxt 0] Parser 'parser': start
[17:13:32.475] [bmv2] [D] [thread 3264] [7.0] [cxt 0] Parser 'parser' entering state 'start'
[17:13:32.476] [bmv2] [D] [thread 3264] [7.0] [cxt 0] Extracting header 'ethernet'
[17:13:32.476] [bmv2] [D] [thread 3264] [7.0] [cxt 0] Parser state 'start': key is 86dd
[17:13:32.476] [bmv2] [T] [thread 3264] [7.0] [cxt 0] Bytes parsed: 14
[17:13:32.476] [bmv2] [D] [thread 3264] [7.0] [cxt 0] Parser 'parser': end
[17:13:32.477] [bmv2] [D] [thread 3264] [7.0] [cxt 0] Pipeline 'ingress': start
[17:13:32.477] [bmv2] [T] [thread 3264] [7.0] [cxt 0] basic.p4(114) Condition "hdr.ipv4.isValid()" (node_2) is false
[17:13:32.477] [bmv2] [D] [thread 3264] [7.0] [cxt 0] Pipeline 'ingress': end
[17:13:32.477] [bmv2] [D] [thread 3264] [7.0] [cxt 0] Egress port is 0
[17:13:32.478] [bmv2] [D] [thread 3265] [7.0] [cxt 0] Pipeline 'egress': start
[17:13:32.478] [bmv2] [D] [thread 3265] [7.0] [cxt 0] Pipeline 'egress': end
[17:13:32.478] [bmv2] [D] [thread 3265] [7.0] [cxt 0] Deparser 'deparser': start
[17:13:32.478] [bmv2] [T] [thread 3265] [7.0] [cxt 0] Skipping checksum 'cksum' update because condition not met
[17:13:32.478] [bmv2] [D] [thread 3265] [7.0] [cxt 0] Deparsing header 'ethernet'
[17:13:32.479] [bmv2] [D] [thread 3265] [7.0] [cxt 0] Deparser 'deparser': end
[17:13:32.479] [bmv2] [D] [thread 3269] [7.0] [cxt 0] Transmitting packet of size 70 out of port 0
[17:13:32.519] [bmv2] [D] [thread 3264] [8.0] [cxt 0] Processing packet received on port 2
[17:13:32.519] [bmv2] [D] [thread 3264] [8.0] [cxt 0] Parser 'parser': start
[17:13:32.519] [bmv2] [D] [thread 3264] [8.0] [cxt 0] Parser 'parser' entering state 'start'
[17:13:32.519] [bmv2] [D] [thread 3264] [8.0] [cxt 0] Extracting header 'ethernet'
[17:13:32.519] [bmv2] [D] [thread 3264] [8.0] [cxt 0] Parser state 'start': key is 86dd
[17:13:32.520] [bmv2] [T] [thread 3264] [8.0] [cxt 0] Bytes parsed: 14
[17:13:32.520] [bmv2] [D] [thread 3264] [8.0] [cxt 0] Parser 'parser': end
[17:13:32.520] [bmv2] [D] [thread 3264] [8.0] [cxt 0] Pipeline 'ingress': start
[17:13:32.520] [bmv2] [T] [thread 3264] [8.0] [cxt 0] basic.p4(114) Condition "hdr.ipv4.isValid()" (node_2) is false
[17:13:32.520] [bmv2] [D] [thread 3264] [8.0] [cxt 0] Pipeline 'ingress': end
[17:13:32.521] [bmv2] [D] [thread 3264] [8.0] [cxt 0] Egress port is 0
[17:13:32.521] [bmv2] [D] [thread 3264] [9.0] [cxt 0] Processing packet received on port 1
[17:13:32.521] [bmv2] [D] [thread 3264] [9.0] [cxt 0] Parser 'parser': start
[17:13:32.521] [bmv2] [D] [thread 3264] [9.0] [cxt 0] Parser 'parser' entering state 'start'
[17:13:32.521] [bmv2] [D] [thread 3264] [9.0] [cxt 0] Extracting header 'ethernet'
[17:13:32.522] [bmv2] [D] [thread 3264] [9.0] [cxt 0] Parser state 'start': key is 86dd
[17:13:32.522] [bmv2] [T] [thread 3264] [9.0] [cxt 0] Bytes parsed: 14
[17:13:32.522] [bmv2] [D] [thread 3264] [9.0] [cxt 0] Parser 'parser': end
[17:13:32.522] [bmv2] [D] [thread 3264] [9.0] [cxt 0] Pipeline 'ingress': start
[17:13:32.522] [bmv2] [T] [thread 3264] [9.0] [cxt 0] basic.p4(114) Condition "hdr.ipv4.isValid()" (node_2) is false
[17:13:32.521] [bmv2] [D] [thread 3265] [8.0] [cxt 0] Pipeline 'egress': start
[17:13:32.522] [bmv2] [D] [thread 3265] [8.0] [cxt 0] Pipeline 'egress': end
[17:13:32.522] [bmv2] [D] [thread 3265] [8.0] [cxt 0] Deparser 'deparser': start
[17:13:32.523] [bmv2] [T] [thread 3265] [8.0] [cxt 0] Skipping checksum 'cksum' update because condition not met
[17:13:32.523] [bmv2] [D] [thread 3265] [8.0] [cxt 0] Deparsing header 'ethernet'
[17:13:32.523] [bmv2] [D] [thread 3265] [8.0] [cxt 0] Deparser 'deparser': end
[17:13:32.523] [bmv2] [D] [thread 3269] [8.0] [cxt 0] Transmitting packet of size 70 out of port 0
[17:13:32.522] [bmv2] [D] [thread 3264] [9.0] [cxt 0] Pipeline 'ingress': end
[17:13:32.523] [bmv2] [D] [thread 3264] [9.0] [cxt 0] Egress port is 0
[17:13:32.524] [bmv2] [D] [thread 3265] [9.0] [cxt 0] Pipeline 'egress': start
[17:13:32.524] [bmv2] [D] [thread 3265] [9.0] [cxt 0] Pipeline 'egress': end
[17:13:32.524] [bmv2] [D] [thread 3265] [9.0] [cxt 0] Deparser 'deparser': start
[17:13:32.524] [bmv2] [T] [thread 3265] [9.0] [cxt 0] Skipping checksum 'cksum' update because condition not met
[17:13:32.524] [bmv2] [D] [thread 3265] [9.0] [cxt 0] Deparsing header 'ethernet'
[17:13:32.524] [bmv2] [D] [thread 3265] [9.0] [cxt 0] Deparser 'deparser': end
[17:13:32.524] [bmv2] [D] [thread 3269] [9.0] [cxt 0] Transmitting packet of size 70 out of port 0
[17:13:32.560] [bmv2] [D] [thread 3264] [10.0] [cxt 0] Processing packet received on port 1
[17:13:32.561] [bmv2] [D] [thread 3264] [10.0] [cxt 0] Parser 'parser': start
[17:13:32.561] [bmv2] [D] [thread 3264] [10.0] [cxt 0] Parser 'parser' entering state 'start'
[17:13:32.561] [bmv2] [D] [thread 3264] [10.0] [cxt 0] Extracting header 'ethernet'
[17:13:32.561] [bmv2] [D] [thread 3264] [10.0] [cxt 0] Parser state 'start': key is 86dd
[17:13:32.562] [bmv2] [T] [thread 3264] [10.0] [cxt 0] Bytes parsed: 14
[17:13:32.562] [bmv2] [D] [thread 3264] [10.0] [cxt 0] Parser 'parser': end
[17:13:32.562] [bmv2] [D] [thread 3264] [10.0] [cxt 0] Pipeline 'ingress': start
[17:13:32.562] [bmv2] [T] [thread 3264] [10.0] [cxt 0] basic.p4(114) Condition "hdr.ipv4.isValid()" (node_2) is false
[17:13:32.562] [bmv2] [D] [thread 3264] [10.0] [cxt 0] Pipeline 'ingress': end
[17:13:32.563] [bmv2] [D] [thread 3264] [10.0] [cxt 0] Egress port is 0
[17:13:32.563] [bmv2] [D] [thread 3265] [10.0] [cxt 0] Pipeline 'egress': start
[17:13:32.563] [bmv2] [D] [thread 3265] [10.0] [cxt 0] Pipeline 'egress': end
[17:13:32.563] [bmv2] [D] [thread 3265] [10.0] [cxt 0] Deparser 'deparser': start
[17:13:32.563] [bmv2] [T] [thread 3265] [10.0] [cxt 0] Skipping checksum 'cksum' update because condition not met
[17:13:32.564] [bmv2] [D] [thread 3265] [10.0] [cxt 0] Deparsing header 'ethernet'
[17:13:32.564] [bmv2] [D] [thread 3265] [10.0] [cxt 0] Deparser 'deparser': end
[17:13:32.564] [bmv2] [D] [thread 3269] [10.0] [cxt 0] Transmitting packet of size 70 out of port 0
open: No such file or directory
open: No such file or directory
open: No such file or directory
open: No such file or directory
open: No such file or directory
open: No such file or directory
